#-----------------------------------------------------------
# Vivado v2019.2 (64-bit)
# SW Build 2708876 on Wed Nov  6 21:40:23 MST 2019
# IP Build 2700528 on Thu Nov  7 00:09:20 MST 2019
# Start of session at: Sun Oct 23 15:09:21 2022
# Process ID: 4272
# Current directory: C:/Vivado_project/Reg_file_and_mem
# Command line: vivado.exe -gui_launcher_event rodinguilauncherevent20356 C:\Vivado_project\Reg_file_and_mem\Reg_file_and_mem.xpr
# Log file: C:/Vivado_project/Reg_file_and_mem/vivado.log
# Journal file: C:/Vivado_project/Reg_file_and_mem\vivado.jou
#-----------------------------------------------------------
start_gui
open_project C:/Vivado_project/Reg_file_and_mem/Reg_file_and_mem.xpr
Scanning sources...
Finished scanning sources
INFO: [IP_Flow 19-234] Refreshing IP repositories
INFO: [IP_Flow 19-1704] No user IP repositories specified
INFO: [IP_Flow 19-2313] Loaded Vivado IP repository 'C:/Xilinx/Vivado/2019.2/data/ip'.
open_project: Time (s): cpu = 00:00:16 ; elapsed = 00:00:06 . Memory (MB): peak = 937.625 ; gain = 57.883
update_compile_order -fileset sources_1
WARNING: [filemgmt 56-199] Attempt to get parsing info during refresh. "On-the-fly" syntax checking information may be incorrect. [C:\Vivado_project\Reg_file_and_mem\Reg_file_and_mem.srcs\sources_1\new\alu_rf.v:]
WARNING: [filemgmt 56-199] Attempt to get parsing info during refresh. "On-the-fly" syntax checking information may be incorrect. [C:\Vivado_project\Reg_file_and_mem\Reg_file_and_mem.srcs\sources_1\new\ram_32_32.v:]
WARNING: [filemgmt 56-199] Attempt to get parsing info during refresh. "On-the-fly" syntax checking information may be incorrect. [C:\Vivado_project\Reg_file_and_mem\Reg_file_and_mem.srcs\sources_1\new\prog_count.v:]
ERROR: [Common 17-180] Spawn failed: No error
WARNING: [filemgmt 56-199] Attempt to get parsing info during refresh. "On-the-fly" syntax checking information may be incorrect. [C:\Vivado_project\Reg_file_and_mem\Reg_file_and_mem.srcs\sources_1\new\reg_file.v:]
WARNING: [filemgmt 56-199] Attempt to get parsing info during refresh. "On-the-fly" syntax checking information may be incorrect. [C:\Vivado_project\Reg_file_and_mem\Reg_file_and_mem.srcs\sources_1\new\alu_rf.v:]
WARNING: [filemgmt 56-199] Attempt to get parsing info during refresh. "On-the-fly" syntax checking information may be incorrect. [C:\Vivado_project\Reg_file_and_mem\Reg_file_and_mem.srcs\sources_1\new\wrapper_reg_mem.v:]
WARNING: [filemgmt 56-199] Attempt to get parsing info during refresh. "On-the-fly" syntax checking information may be incorrect. [C:\Vivado_project\Reg_file_and_mem\Reg_file_and_mem.srcs\sim_1\new\func_tb.v:]
WARNING: [filemgmt 56-199] Attempt to get parsing info during refresh. "On-the-fly" syntax checking information may be incorrect. [C:\Vivado_project\Reg_file_and_mem\Reg_file_and_mem.srcs\sources_1\new\ram_32_32.v:]
WARNING: [filemgmt 56-199] Attempt to get parsing info during refresh. "On-the-fly" syntax checking information may be incorrect. [C:\Vivado_project\Reg_file_and_mem\Reg_file_and_mem.srcs\sources_1\new\prog_count.v:]
WARNING: [filemgmt 56-199] Attempt to get parsing info during refresh. "On-the-fly" syntax checking information may be incorrect. [C:\Vivado_project\Reg_file_and_mem\Reg_file_and_mem.srcs\sources_1\new\reg_file.v:]
WARNING: [filemgmt 56-199] Attempt to get parsing info during refresh. "On-the-fly" syntax checking information may be incorrect. [C:\Vivado_project\Reg_file_and_mem\Reg_file_and_mem.srcs\sources_1\new\alu_rf.v:]
WARNING: [filemgmt 56-199] Attempt to get parsing info during refresh. "On-the-fly" syntax checking information may be incorrect. [C:\Vivado_project\Reg_file_and_mem\Reg_file_and_mem.srcs\sources_1\new\wrapper_reg_mem.v:]
WARNING: [filemgmt 56-199] Attempt to get parsing info during refresh. "On-the-fly" syntax checking information may be incorrect. [C:\Vivado_project\Reg_file_and_mem\Reg_file_and_mem.srcs\sim_1\new\func_tb.v:]
WARNING: [filemgmt 56-199] Attempt to get parsing info during refresh. "On-the-fly" syntax checking information may be incorrect. [C:\Vivado_project\Reg_file_and_mem\Reg_file_and_mem.srcs\sources_1\new\ram_32_32.v:]
WARNING: [filemgmt 56-199] Attempt to get parsing info during refresh. "On-the-fly" syntax checking information may be incorrect. [C:\Vivado_project\Reg_file_and_mem\Reg_file_and_mem.srcs\sources_1\new\prog_count.v:]
exit
INFO: [Common 17-206] Exiting Vivado at Tue Oct 25 13:46:09 2022...
