#-----------------------------------------------------------
# Vivado v2019.2 (64-bit)
# SW Build 2708876 on Wed Nov  6 21:40:23 MST 2019
# IP Build 2700528 on Thu Nov  7 00:09:20 MST 2019
# Start of session at: Mon Oct 10 23:34:24 2022
# Process ID: 11588
# Current directory: C:/Vivado_project/Reg_file_and_mem
# Command line: vivado.exe -gui_launcher_event rodinguilauncherevent21396 C:\Vivado_project\Reg_file_and_mem\Reg_file_and_mem.xpr
# Log file: C:/Vivado_project/Reg_file_and_mem/vivado.log
# Journal file: C:/Vivado_project/Reg_file_and_mem\vivado.jou
#-----------------------------------------------------------
start_gui
open_project C:/Vivado_project/Reg_file_and_mem/Reg_file_and_mem.xpr
Scanning sources...
Finished scanning sources
INFO: [IP_Flow 19-234] Refreshing IP repositories
INFO: [IP_Flow 19-1704] No user IP repositories specified
INFO: [IP_Flow 19-2313] Loaded Vivado IP repository 'C:/Xilinx/Vivado/2019.2/data/ip'.
update_compile_order -fileset sources_1
export_ip_user_files -of_objects  [get_files C:/Vivado_project/Reg_file_and_mem/Reg_file_and_mem.srcs/sim_1/new/reg_mem_tb.v] -no_script -reset -force -quiet
remove_files  -fileset sim_1 C:/Vivado_project/Reg_file_and_mem/Reg_file_and_mem.srcs/sim_1/new/reg_mem_tb.v
close [ open C:/Vivado_project/Reg_file_and_mem/Reg_file_and_mem.srcs/sources_1/new/ram_32_32.v w ]
add_files C:/Vivado_project/Reg_file_and_mem/Reg_file_and_mem.srcs/sources_1/new/ram_32_32.v
update_compile_order -fileset sources_1
export_ip_user_files -of_objects  [get_files C:/Vivado_project/Reg_file_and_mem/Reg_file_and_mem.srcs/sources_1/new/ram_16_32.v] -no_script -reset -force -quiet
remove_files  C:/Vivado_project/Reg_file_and_mem/Reg_file_and_mem.srcs/sources_1/new/ram_16_32.v
WARNING: [filemgmt 56-199] Attempt to get parsing info during refresh. "On-the-fly" syntax checking information may be incorrect. [C:\Vivado_project\Reg_file_and_mem\Reg_file_and_mem.srcs\sources_1\new\reg_file.v:]
WARNING: [filemgmt 56-199] Attempt to get parsing info during refresh. "On-the-fly" syntax checking information may be incorrect. [C:\Vivado_project\Reg_file_and_mem\Reg_file_and_mem.srcs\sources_1\new\wrapper_reg_mem.v:]
WARNING: [filemgmt 56-199] Attempt to get parsing info during refresh. "On-the-fly" syntax checking information may be incorrect. [C:\Vivado_project\Reg_file_and_mem\Reg_file_and_mem.srcs\sources_1\new\alu_rf.v:]
WARNING: [filemgmt 56-199] Attempt to get parsing info during refresh. "On-the-fly" syntax checking information may be incorrect. [C:\Vivado_project\Reg_file_and_mem\Reg_file_and_mem.srcs\sim_1\new\func_tb.v:]
WARNING: [filemgmt 56-199] Attempt to get parsing info during refresh. "On-the-fly" syntax checking information may be incorrect. [C:\Vivado_project\Reg_file_and_mem\Reg_file_and_mem.srcs\sources_1\new\ram_32_32.v:]
WARNING: [filemgmt 56-199] Attempt to get parsing info during refresh. "On-the-fly" syntax checking information may be incorrect. [C:\Vivado_project\Reg_file_and_mem\Reg_file_and_mem.srcs\sources_1\new\reg_file.v:]
WARNING: [filemgmt 56-199] Attempt to get parsing info during refresh. "On-the-fly" syntax checking information may be incorrect. [C:\Vivado_project\Reg_file_and_mem\Reg_file_and_mem.srcs\sources_1\new\wrapper_reg_mem.v:]
WARNING: [filemgmt 56-199] Attempt to get parsing info during refresh. "On-the-fly" syntax checking information may be incorrect. [C:\Vivado_project\Reg_file_and_mem\Reg_file_and_mem.srcs\sources_1\new\alu_rf.v:]
WARNING: [filemgmt 56-199] Attempt to get parsing info during refresh. "On-the-fly" syntax checking information may be incorrect. [C:\Vivado_project\Reg_file_and_mem\Reg_file_and_mem.srcs\sim_1\new\func_tb.v:]
WARNING: [filemgmt 56-199] Attempt to get parsing info during refresh. "On-the-fly" syntax checking information may be incorrect. [C:\Vivado_project\Reg_file_and_mem\Reg_file_and_mem.srcs\sources_1\new\ram_32_32.v:]
WARNING: [filemgmt 56-199] Attempt to get parsing info during refresh. "On-the-fly" syntax checking information may be incorrect. [C:\Vivado_project\Reg_file_and_mem\Reg_file_and_mem.srcs\sources_1\new\reg_file.v:]
WARNING: [filemgmt 56-199] Attempt to get parsing info during refresh. "On-the-fly" syntax checking information may be incorrect. [C:\Vivado_project\Reg_file_and_mem\Reg_file_and_mem.srcs\sources_1\new\wrapper_reg_mem.v:]
WARNING: [filemgmt 56-199] Attempt to get parsing info during refresh. "On-the-fly" syntax checking information may be incorrect. [C:\Vivado_project\Reg_file_and_mem\Reg_file_and_mem.srcs\sources_1\new\alu_rf.v:]
WARNING: [filemgmt 56-199] Attempt to get parsing info during refresh. "On-the-fly" syntax checking information may be incorrect. [C:\Vivado_project\Reg_file_and_mem\Reg_file_and_mem.srcs\sim_1\new\func_tb.v:]
WARNING: [filemgmt 56-199] Attempt to get parsing info during refresh. "On-the-fly" syntax checking information may be incorrect. [C:\Vivado_project\Reg_file_and_mem\Reg_file_and_mem.srcs\sources_1\new\ram_32_32.v:]
close [ open C:/Vivado_project/Reg_file_and_mem/Reg_file_and_mem.srcs/sources_1/new/prog_count.v w ]
add_files C:/Vivado_project/Reg_file_and_mem/Reg_file_and_mem.srcs/sources_1/new/prog_count.v
update_compile_order -fileset sources_1
WARNING: [filemgmt 56-199] Attempt to get parsing info during refresh. "On-the-fly" syntax checking information may be incorrect. [C:\Vivado_project\Reg_file_and_mem\Reg_file_and_mem.srcs\sources_1\new\reg_file.v:]
WARNING: [filemgmt 56-199] Attempt to get parsing info during refresh. "On-the-fly" syntax checking information may be incorrect. [C:\Vivado_project\Reg_file_and_mem\Reg_file_and_mem.srcs\sources_1\new\alu_rf.v:]
WARNING: [filemgmt 56-199] Attempt to get parsing info during refresh. "On-the-fly" syntax checking information may be incorrect. [C:\Vivado_project\Reg_file_and_mem\Reg_file_and_mem.srcs\sim_1\new\func_tb.v:]
WARNING: [filemgmt 56-199] Attempt to get parsing info during refresh. "On-the-fly" syntax checking information may be incorrect. [C:\Vivado_project\Reg_file_and_mem\Reg_file_and_mem.srcs\sources_1\new\ram_32_32.v:]
WARNING: [filemgmt 56-199] Attempt to get parsing info during refresh. "On-the-fly" syntax checking information may be incorrect. [C:\Vivado_project\Reg_file_and_mem\Reg_file_and_mem.srcs\sources_1\new\prog_count.v:]
ERROR: [Common 17-180] Spawn failed: No error
update_compile_order -fileset sources_1
update_compile_order -fileset sources_1
update_compile_order -fileset sources_1
update_compile_order -fileset sim_1
update_compile_order -fileset sources_1
update_compile_order -fileset sources_1
update_compile_order -fileset sim_1
update_compile_order -fileset sources_1
update_compile_order -fileset sim_1
update_compile_order -fileset sources_1
update_compile_order -fileset sim_1
update_compile_order -fileset sources_1
update_compile_order -fileset sim_1
update_compile_order -fileset sources_1
update_compile_order -fileset sim_1
