#-----------------------------------------------------------
# Vivado v2019.2 (64-bit)
# SW Build 2708876 on Wed Nov  6 21:40:23 MST 2019
# IP Build 2700528 on Thu Nov  7 00:09:20 MST 2019
# Start of session at: Wed Oct  5 11:00:11 2022
# Process ID: 3880
# Current directory: C:/Vivado_project/Reg_file_and_mem
# Command line: vivado.exe -gui_launcher_event rodinguilauncherevent7996 C:\Vivado_project\Reg_file_and_mem\Reg_file_and_mem.xpr
# Log file: C:/Vivado_project/Reg_file_and_mem/vivado.log
# Journal file: C:/Vivado_project/Reg_file_and_mem\vivado.jou
#-----------------------------------------------------------
start_gui
open_project C:/Vivado_project/Reg_file_and_mem/Reg_file_and_mem.xpr
Scanning sources...
Finished scanning sources
INFO: [IP_Flow 19-234] Refreshing IP repositories
INFO: [IP_Flow 19-1704] No user IP repositories specified
INFO: [IP_Flow 19-2313] Loaded Vivado IP repository 'C:/Xilinx/Vivado/2019.2/data/ip'.
open_project: Time (s): cpu = 00:00:19 ; elapsed = 00:00:06 . Memory (MB): peak = 694.156 ; gain = 66.414
update_compile_order -fileset sources_1
set_property is_enabled false [get_files  C:/Vivado_project/Reg_file_and_mem/Reg_file_and_mem.srcs/sources_1/new/ram_16_32.v]
set_property SOURCE_SET sources_1 [get_filesets sim_1]
close [ open C:/Vivado_project/Reg_file_and_mem/Reg_file_and_mem.srcs/sim_1/new/func_tb.v w ]
add_files -fileset sim_1 C:/Vivado_project/Reg_file_and_mem/Reg_file_and_mem.srcs/sim_1/new/func_tb.v
update_compile_order -fileset sim_1
close [ open C:/Vivado_project/Reg_file_and_mem/Reg_file_and_mem.srcs/sources_1/new/alu_rf.v w ]
add_files C:/Vivado_project/Reg_file_and_mem/Reg_file_and_mem.srcs/sources_1/new/alu_rf.v
update_compile_order -fileset sources_1
update_compile_order -fileset sources_1
update_compile_order -fileset sim_1
launch_runs synth_1 -jobs 6
[Mon Oct 10 23:30:34 2022] Launched synth_1...
Run output will be captured here: C:/Vivado_project/Reg_file_and_mem/Reg_file_and_mem.runs/synth_1/runme.log
launch_runs impl_1 -jobs 6
[Mon Oct 10 23:31:47 2022] Launched impl_1...
Run output will be captured here: C:/Vivado_project/Reg_file_and_mem/Reg_file_and_mem.runs/impl_1/runme.log
close_project
open_project C:/Vivado_project/Reg_file_and_mem/Reg_file_and_mem.xpr
Scanning sources...
Finished scanning sources
INFO: [IP_Flow 19-234] Refreshing IP repositories
INFO: [IP_Flow 19-1704] No user IP repositories specified
INFO: [IP_Flow 19-2313] Loaded Vivado IP repository 'C:/Xilinx/Vivado/2019.2/data/ip'.
update_compile_order -fileset sources_1
exit
INFO: [Common 17-206] Exiting Vivado at Mon Oct 10 23:33:55 2022...
