#-----------------------------------------------------------
# Vivado v2019.2 (64-bit)
# SW Build 2708876 on Wed Nov  6 21:40:23 MST 2019
# IP Build 2700528 on Thu Nov  7 00:09:20 MST 2019
# Start of session at: Tue Oct 25 14:59:53 2022
# Process ID: 17612
# Current directory: C:/Vivado_project/Reg_file_and_mem
# Command line: vivado.exe -gui_launcher_event rodinguilauncherevent3732 C:\Vivado_project\Reg_file_and_mem\Reg_file_and_mem.xpr
# Log file: C:/Vivado_project/Reg_file_and_mem/vivado.log
# Journal file: C:/Vivado_project/Reg_file_and_mem\vivado.jou
#-----------------------------------------------------------
start_gui
open_project C:/Vivado_project/Reg_file_and_mem/Reg_file_and_mem.xpr
Scanning sources...
Finished scanning sources
INFO: [IP_Flow 19-234] Refreshing IP repositories
INFO: [IP_Flow 19-1704] No user IP repositories specified
INFO: [IP_Flow 19-2313] Loaded Vivado IP repository 'C:/Xilinx/Vivado/2019.2/data/ip'.
open_project: Time (s): cpu = 00:00:28 ; elapsed = 00:00:10 . Memory (MB): peak = 700.156 ; gain = 91.125
update_compile_order -fileset sources_1
exit
INFO: [Common 17-206] Exiting Vivado at Tue Oct 25 15:02:33 2022...
