
*** Running vivado
    with args -log alu_rf.vdi -applog -m64 -product Vivado -messageDb vivado.pb -mode batch -source alu_rf.tcl -notrace


****** Vivado v2019.2 (64-bit)
  **** SW Build 2708876 on Wed Nov  6 21:40:23 MST 2019
  **** IP Build 2700528 on Thu Nov  7 00:09:20 MST 2019
    ** Copyright 1986-2019 Xilinx, Inc. All Rights Reserved.

source alu_rf.tcl -notrace
Command: link_design -top alu_rf -part xc7a100tcsg324-1
Design is defaulting to srcset: sources_1
Design is defaulting to constrset: constrs_1
INFO: [Device 21-403] Loading part xc7a100tcsg324-1
Netlist sorting complete. Time (s): cpu = 00:00:00 ; elapsed = 00:00:00.005 . Memory (MB): peak = 556.141 ; gain = 0.000
INFO: [Netlist 29-17] Analyzing 34 Unisim elements for replacement
INFO: [Netlist 29-28] Unisim Transformation completed in 0 CPU seconds
INFO: [Project 1-479] Netlist was created with Vivado 2019.2
INFO: [Project 1-570] Preparing netlist for logic optimization
Parsing XDC File [C:/Vivado_project/Reg_file_and_mem/Reg_file_and_mem.srcs/constrs_1/new/constr_r_m.xdc]
WARNING: [Vivado 12-584] No ports matched 'SW[0]'. [C:/Vivado_project/Reg_file_and_mem/Reg_file_and_mem.srcs/constrs_1/new/constr_r_m.xdc:12]
CRITICAL WARNING: [Common 17-55] 'set_property' expects at least one object. [C:/Vivado_project/Reg_file_and_mem/Reg_file_and_mem.srcs/constrs_1/new/constr_r_m.xdc:12]
Resolution: If [get_<value>] was used to populate the object, check to make sure this command returns at least one valid object.
WARNING: [Vivado 12-584] No ports matched 'SW[1]'. [C:/Vivado_project/Reg_file_and_mem/Reg_file_and_mem.srcs/constrs_1/new/constr_r_m.xdc:13]
CRITICAL WARNING: [Common 17-55] 'set_property' expects at least one object. [C:/Vivado_project/Reg_file_and_mem/Reg_file_and_mem.srcs/constrs_1/new/constr_r_m.xdc:13]
Resolution: If [get_<value>] was used to populate the object, check to make sure this command returns at least one valid object.
WARNING: [Vivado 12-584] No ports matched 'SW[2]'. [C:/Vivado_project/Reg_file_and_mem/Reg_file_and_mem.srcs/constrs_1/new/constr_r_m.xdc:14]
CRITICAL WARNING: [Common 17-55] 'set_property' expects at least one object. [C:/Vivado_project/Reg_file_and_mem/Reg_file_and_mem.srcs/constrs_1/new/constr_r_m.xdc:14]
Resolution: If [get_<value>] was used to populate the object, check to make sure this command returns at least one valid object.
WARNING: [Vivado 12-584] No ports matched 'SW[3]'. [C:/Vivado_project/Reg_file_and_mem/Reg_file_and_mem.srcs/constrs_1/new/constr_r_m.xdc:15]
CRITICAL WARNING: [Common 17-55] 'set_property' expects at least one object. [C:/Vivado_project/Reg_file_and_mem/Reg_file_and_mem.srcs/constrs_1/new/constr_r_m.xdc:15]
Resolution: If [get_<value>] was used to populate the object, check to make sure this command returns at least one valid object.
WARNING: [Vivado 12-584] No ports matched 'SW[4]'. [C:/Vivado_project/Reg_file_and_mem/Reg_file_and_mem.srcs/constrs_1/new/constr_r_m.xdc:16]
CRITICAL WARNING: [Common 17-55] 'set_property' expects at least one object. [C:/Vivado_project/Reg_file_and_mem/Reg_file_and_mem.srcs/constrs_1/new/constr_r_m.xdc:16]
Resolution: If [get_<value>] was used to populate the object, check to make sure this command returns at least one valid object.
WARNING: [Vivado 12-584] No ports matched 'SW[5]'. [C:/Vivado_project/Reg_file_and_mem/Reg_file_and_mem.srcs/constrs_1/new/constr_r_m.xdc:17]
CRITICAL WARNING: [Common 17-55] 'set_property' expects at least one object. [C:/Vivado_project/Reg_file_and_mem/Reg_file_and_mem.srcs/constrs_1/new/constr_r_m.xdc:17]
Resolution: If [get_<value>] was used to populate the object, check to make sure this command returns at least one valid object.
WARNING: [Vivado 12-584] No ports matched 'SW[6]'. [C:/Vivado_project/Reg_file_and_mem/Reg_file_and_mem.srcs/constrs_1/new/constr_r_m.xdc:18]
CRITICAL WARNING: [Common 17-55] 'set_property' expects at least one object. [C:/Vivado_project/Reg_file_and_mem/Reg_file_and_mem.srcs/constrs_1/new/constr_r_m.xdc:18]
Resolution: If [get_<value>] was used to populate the object, check to make sure this command returns at least one valid object.
WARNING: [Vivado 12-584] No ports matched 'SW[7]'. [C:/Vivado_project/Reg_file_and_mem/Reg_file_and_mem.srcs/constrs_1/new/constr_r_m.xdc:19]
CRITICAL WARNING: [Common 17-55] 'set_property' expects at least one object. [C:/Vivado_project/Reg_file_and_mem/Reg_file_and_mem.srcs/constrs_1/new/constr_r_m.xdc:19]
Resolution: If [get_<value>] was used to populate the object, check to make sure this command returns at least one valid object.
WARNING: [Vivado 12-584] No ports matched 'SW[8]'. [C:/Vivado_project/Reg_file_and_mem/Reg_file_and_mem.srcs/constrs_1/new/constr_r_m.xdc:20]
CRITICAL WARNING: [Common 17-55] 'set_property' expects at least one object. [C:/Vivado_project/Reg_file_and_mem/Reg_file_and_mem.srcs/constrs_1/new/constr_r_m.xdc:20]
Resolution: If [get_<value>] was used to populate the object, check to make sure this command returns at least one valid object.
WARNING: [Vivado 12-584] No ports matched 'SW[9]'. [C:/Vivado_project/Reg_file_and_mem/Reg_file_and_mem.srcs/constrs_1/new/constr_r_m.xdc:21]
CRITICAL WARNING: [Common 17-55] 'set_property' expects at least one object. [C:/Vivado_project/Reg_file_and_mem/Reg_file_and_mem.srcs/constrs_1/new/constr_r_m.xdc:21]
Resolution: If [get_<value>] was used to populate the object, check to make sure this command returns at least one valid object.
WARNING: [Vivado 12-584] No ports matched 'SW[10]'. [C:/Vivado_project/Reg_file_and_mem/Reg_file_and_mem.srcs/constrs_1/new/constr_r_m.xdc:22]
CRITICAL WARNING: [Common 17-55] 'set_property' expects at least one object. [C:/Vivado_project/Reg_file_and_mem/Reg_file_and_mem.srcs/constrs_1/new/constr_r_m.xdc:22]
Resolution: If [get_<value>] was used to populate the object, check to make sure this command returns at least one valid object.
WARNING: [Vivado 12-584] No ports matched 'SW[11]'. [C:/Vivado_project/Reg_file_and_mem/Reg_file_and_mem.srcs/constrs_1/new/constr_r_m.xdc:23]
CRITICAL WARNING: [Common 17-55] 'set_property' expects at least one object. [C:/Vivado_project/Reg_file_and_mem/Reg_file_and_mem.srcs/constrs_1/new/constr_r_m.xdc:23]
Resolution: If [get_<value>] was used to populate the object, check to make sure this command returns at least one valid object.
WARNING: [Vivado 12-584] No ports matched 'SW[12]'. [C:/Vivado_project/Reg_file_and_mem/Reg_file_and_mem.srcs/constrs_1/new/constr_r_m.xdc:24]
CRITICAL WARNING: [Common 17-55] 'set_property' expects at least one object. [C:/Vivado_project/Reg_file_and_mem/Reg_file_and_mem.srcs/constrs_1/new/constr_r_m.xdc:24]
Resolution: If [get_<value>] was used to populate the object, check to make sure this command returns at least one valid object.
WARNING: [Vivado 12-584] No ports matched 'SW[13]'. [C:/Vivado_project/Reg_file_and_mem/Reg_file_and_mem.srcs/constrs_1/new/constr_r_m.xdc:25]
CRITICAL WARNING: [Common 17-55] 'set_property' expects at least one object. [C:/Vivado_project/Reg_file_and_mem/Reg_file_and_mem.srcs/constrs_1/new/constr_r_m.xdc:25]
Resolution: If [get_<value>] was used to populate the object, check to make sure this command returns at least one valid object.
WARNING: [Vivado 12-584] No ports matched 'SW[14]'. [C:/Vivado_project/Reg_file_and_mem/Reg_file_and_mem.srcs/constrs_1/new/constr_r_m.xdc:26]
CRITICAL WARNING: [Common 17-55] 'set_property' expects at least one object. [C:/Vivado_project/Reg_file_and_mem/Reg_file_and_mem.srcs/constrs_1/new/constr_r_m.xdc:26]
Resolution: If [get_<value>] was used to populate the object, check to make sure this command returns at least one valid object.
WARNING: [Vivado 12-584] No ports matched 'SW[15]'. [C:/Vivado_project/Reg_file_and_mem/Reg_file_and_mem.srcs/constrs_1/new/constr_r_m.xdc:27]
CRITICAL WARNING: [Common 17-55] 'set_property' expects at least one object. [C:/Vivado_project/Reg_file_and_mem/Reg_file_and_mem.srcs/constrs_1/new/constr_r_m.xdc:27]
Resolution: If [get_<value>] was used to populate the object, check to make sure this command returns at least one valid object.
WARNING: [Vivado 12-584] No ports matched 'LED[0]'. [C:/Vivado_project/Reg_file_and_mem/Reg_file_and_mem.srcs/constrs_1/new/constr_r_m.xdc:30]
CRITICAL WARNING: [Common 17-55] 'set_property' expects at least one object. [C:/Vivado_project/Reg_file_and_mem/Reg_file_and_mem.srcs/constrs_1/new/constr_r_m.xdc:30]
Resolution: If [get_<value>] was used to populate the object, check to make sure this command returns at least one valid object.
WARNING: [Vivado 12-584] No ports matched 'LED[1]'. [C:/Vivado_project/Reg_file_and_mem/Reg_file_and_mem.srcs/constrs_1/new/constr_r_m.xdc:31]
CRITICAL WARNING: [Common 17-55] 'set_property' expects at least one object. [C:/Vivado_project/Reg_file_and_mem/Reg_file_and_mem.srcs/constrs_1/new/constr_r_m.xdc:31]
Resolution: If [get_<value>] was used to populate the object, check to make sure this command returns at least one valid object.
WARNING: [Vivado 12-584] No ports matched 'LED[2]'. [C:/Vivado_project/Reg_file_and_mem/Reg_file_and_mem.srcs/constrs_1/new/constr_r_m.xdc:32]
CRITICAL WARNING: [Common 17-55] 'set_property' expects at least one object. [C:/Vivado_project/Reg_file_and_mem/Reg_file_and_mem.srcs/constrs_1/new/constr_r_m.xdc:32]
Resolution: If [get_<value>] was used to populate the object, check to make sure this command returns at least one valid object.
WARNING: [Vivado 12-584] No ports matched 'LED[3]'. [C:/Vivado_project/Reg_file_and_mem/Reg_file_and_mem.srcs/constrs_1/new/constr_r_m.xdc:33]
CRITICAL WARNING: [Common 17-55] 'set_property' expects at least one object. [C:/Vivado_project/Reg_file_and_mem/Reg_file_and_mem.srcs/constrs_1/new/constr_r_m.xdc:33]
Resolution: If [get_<value>] was used to populate the object, check to make sure this command returns at least one valid object.
WARNING: [Vivado 12-584] No ports matched 'LED[4]'. [C:/Vivado_project/Reg_file_and_mem/Reg_file_and_mem.srcs/constrs_1/new/constr_r_m.xdc:34]
CRITICAL WARNING: [Common 17-55] 'set_property' expects at least one object. [C:/Vivado_project/Reg_file_and_mem/Reg_file_and_mem.srcs/constrs_1/new/constr_r_m.xdc:34]
Resolution: If [get_<value>] was used to populate the object, check to make sure this command returns at least one valid object.
WARNING: [Vivado 12-584] No ports matched 'LED[5]'. [C:/Vivado_project/Reg_file_and_mem/Reg_file_and_mem.srcs/constrs_1/new/constr_r_m.xdc:35]
CRITICAL WARNING: [Common 17-55] 'set_property' expects at least one object. [C:/Vivado_project/Reg_file_and_mem/Reg_file_and_mem.srcs/constrs_1/new/constr_r_m.xdc:35]
Resolution: If [get_<value>] was used to populate the object, check to make sure this command returns at least one valid object.
WARNING: [Vivado 12-584] No ports matched 'LED[6]'. [C:/Vivado_project/Reg_file_and_mem/Reg_file_and_mem.srcs/constrs_1/new/constr_r_m.xdc:36]
CRITICAL WARNING: [Common 17-55] 'set_property' expects at least one object. [C:/Vivado_project/Reg_file_and_mem/Reg_file_and_mem.srcs/constrs_1/new/constr_r_m.xdc:36]
Resolution: If [get_<value>] was used to populate the object, check to make sure this command returns at least one valid object.
WARNING: [Vivado 12-584] No ports matched 'LED[7]'. [C:/Vivado_project/Reg_file_and_mem/Reg_file_and_mem.srcs/constrs_1/new/constr_r_m.xdc:37]
CRITICAL WARNING: [Common 17-55] 'set_property' expects at least one object. [C:/Vivado_project/Reg_file_and_mem/Reg_file_and_mem.srcs/constrs_1/new/constr_r_m.xdc:37]
Resolution: If [get_<value>] was used to populate the object, check to make sure this command returns at least one valid object.
WARNING: [Vivado 12-584] No ports matched 'LED[8]'. [C:/Vivado_project/Reg_file_and_mem/Reg_file_and_mem.srcs/constrs_1/new/constr_r_m.xdc:38]
CRITICAL WARNING: [Common 17-55] 'set_property' expects at least one object. [C:/Vivado_project/Reg_file_and_mem/Reg_file_and_mem.srcs/constrs_1/new/constr_r_m.xdc:38]
Resolution: If [get_<value>] was used to populate the object, check to make sure this command returns at least one valid object.
WARNING: [Vivado 12-584] No ports matched 'LED[9]'. [C:/Vivado_project/Reg_file_and_mem/Reg_file_and_mem.srcs/constrs_1/new/constr_r_m.xdc:39]
CRITICAL WARNING: [Common 17-55] 'set_property' expects at least one object. [C:/Vivado_project/Reg_file_and_mem/Reg_file_and_mem.srcs/constrs_1/new/constr_r_m.xdc:39]
Resolution: If [get_<value>] was used to populate the object, check to make sure this command returns at least one valid object.
WARNING: [Vivado 12-584] No ports matched 'LED[10]'. [C:/Vivado_project/Reg_file_and_mem/Reg_file_and_mem.srcs/constrs_1/new/constr_r_m.xdc:40]
CRITICAL WARNING: [Common 17-55] 'set_property' expects at least one object. [C:/Vivado_project/Reg_file_and_mem/Reg_file_and_mem.srcs/constrs_1/new/constr_r_m.xdc:40]
Resolution: If [get_<value>] was used to populate the object, check to make sure this command returns at least one valid object.
WARNING: [Vivado 12-584] No ports matched 'LED[11]'. [C:/Vivado_project/Reg_file_and_mem/Reg_file_and_mem.srcs/constrs_1/new/constr_r_m.xdc:41]
CRITICAL WARNING: [Common 17-55] 'set_property' expects at least one object. [C:/Vivado_project/Reg_file_and_mem/Reg_file_and_mem.srcs/constrs_1/new/constr_r_m.xdc:41]
Resolution: If [get_<value>] was used to populate the object, check to make sure this command returns at least one valid object.
WARNING: [Vivado 12-584] No ports matched 'LED[12]'. [C:/Vivado_project/Reg_file_and_mem/Reg_file_and_mem.srcs/constrs_1/new/constr_r_m.xdc:42]
CRITICAL WARNING: [Common 17-55] 'set_property' expects at least one object. [C:/Vivado_project/Reg_file_and_mem/Reg_file_and_mem.srcs/constrs_1/new/constr_r_m.xdc:42]
Resolution: If [get_<value>] was used to populate the object, check to make sure this command returns at least one valid object.
WARNING: [Vivado 12-584] No ports matched 'LED[13]'. [C:/Vivado_project/Reg_file_and_mem/Reg_file_and_mem.srcs/constrs_1/new/constr_r_m.xdc:43]
CRITICAL WARNING: [Common 17-55] 'set_property' expects at least one object. [C:/Vivado_project/Reg_file_and_mem/Reg_file_and_mem.srcs/constrs_1/new/constr_r_m.xdc:43]
Resolution: If [get_<value>] was used to populate the object, check to make sure this command returns at least one valid object.
WARNING: [Vivado 12-584] No ports matched 'LED[14]'. [C:/Vivado_project/Reg_file_and_mem/Reg_file_and_mem.srcs/constrs_1/new/constr_r_m.xdc:44]
CRITICAL WARNING: [Common 17-55] 'set_property' expects at least one object. [C:/Vivado_project/Reg_file_and_mem/Reg_file_and_mem.srcs/constrs_1/new/constr_r_m.xdc:44]
Resolution: If [get_<value>] was used to populate the object, check to make sure this command returns at least one valid object.
WARNING: [Vivado 12-584] No ports matched 'LED[15]'. [C:/Vivado_project/Reg_file_and_mem/Reg_file_and_mem.srcs/constrs_1/new/constr_r_m.xdc:45]
CRITICAL WARNING: [Common 17-55] 'set_property' expects at least one object. [C:/Vivado_project/Reg_file_and_mem/Reg_file_and_mem.srcs/constrs_1/new/constr_r_m.xdc:45]
Resolution: If [get_<value>] was used to populate the object, check to make sure this command returns at least one valid object.
WARNING: [Vivado 12-584] No ports matched 'HEX[0]'. [C:/Vivado_project/Reg_file_and_mem/Reg_file_and_mem.srcs/constrs_1/new/constr_r_m.xdc:56]
CRITICAL WARNING: [Common 17-55] 'set_property' expects at least one object. [C:/Vivado_project/Reg_file_and_mem/Reg_file_and_mem.srcs/constrs_1/new/constr_r_m.xdc:56]
Resolution: If [get_<value>] was used to populate the object, check to make sure this command returns at least one valid object.
WARNING: [Vivado 12-584] No ports matched 'HEX[1]'. [C:/Vivado_project/Reg_file_and_mem/Reg_file_and_mem.srcs/constrs_1/new/constr_r_m.xdc:57]
CRITICAL WARNING: [Common 17-55] 'set_property' expects at least one object. [C:/Vivado_project/Reg_file_and_mem/Reg_file_and_mem.srcs/constrs_1/new/constr_r_m.xdc:57]
Resolution: If [get_<value>] was used to populate the object, check to make sure this command returns at least one valid object.
WARNING: [Vivado 12-584] No ports matched 'HEX[2]'. [C:/Vivado_project/Reg_file_and_mem/Reg_file_and_mem.srcs/constrs_1/new/constr_r_m.xdc:58]
CRITICAL WARNING: [Common 17-55] 'set_property' expects at least one object. [C:/Vivado_project/Reg_file_and_mem/Reg_file_and_mem.srcs/constrs_1/new/constr_r_m.xdc:58]
Resolution: If [get_<value>] was used to populate the object, check to make sure this command returns at least one valid object.
WARNING: [Vivado 12-584] No ports matched 'HEX[3]'. [C:/Vivado_project/Reg_file_and_mem/Reg_file_and_mem.srcs/constrs_1/new/constr_r_m.xdc:59]
CRITICAL WARNING: [Common 17-55] 'set_property' expects at least one object. [C:/Vivado_project/Reg_file_and_mem/Reg_file_and_mem.srcs/constrs_1/new/constr_r_m.xdc:59]
Resolution: If [get_<value>] was used to populate the object, check to make sure this command returns at least one valid object.
WARNING: [Vivado 12-584] No ports matched 'HEX[4]'. [C:/Vivado_project/Reg_file_and_mem/Reg_file_and_mem.srcs/constrs_1/new/constr_r_m.xdc:60]
CRITICAL WARNING: [Common 17-55] 'set_property' expects at least one object. [C:/Vivado_project/Reg_file_and_mem/Reg_file_and_mem.srcs/constrs_1/new/constr_r_m.xdc:60]
Resolution: If [get_<value>] was used to populate the object, check to make sure this command returns at least one valid object.
WARNING: [Vivado 12-584] No ports matched 'HEX[5]'. [C:/Vivado_project/Reg_file_and_mem/Reg_file_and_mem.srcs/constrs_1/new/constr_r_m.xdc:61]
CRITICAL WARNING: [Common 17-55] 'set_property' expects at least one object. [C:/Vivado_project/Reg_file_and_mem/Reg_file_and_mem.srcs/constrs_1/new/constr_r_m.xdc:61]
Resolution: If [get_<value>] was used to populate the object, check to make sure this command returns at least one valid object.
WARNING: [Vivado 12-584] No ports matched 'HEX[6]'. [C:/Vivado_project/Reg_file_and_mem/Reg_file_and_mem.srcs/constrs_1/new/constr_r_m.xdc:62]
CRITICAL WARNING: [Common 17-55] 'set_property' expects at least one object. [C:/Vivado_project/Reg_file_and_mem/Reg_file_and_mem.srcs/constrs_1/new/constr_r_m.xdc:62]
Resolution: If [get_<value>] was used to populate the object, check to make sure this command returns at least one valid object.
WARNING: [Vivado 12-584] No ports matched 'DP'. [C:/Vivado_project/Reg_file_and_mem/Reg_file_and_mem.srcs/constrs_1/new/constr_r_m.xdc:63]
CRITICAL WARNING: [Common 17-55] 'set_property' expects at least one object. [C:/Vivado_project/Reg_file_and_mem/Reg_file_and_mem.srcs/constrs_1/new/constr_r_m.xdc:63]
Resolution: If [get_<value>] was used to populate the object, check to make sure this command returns at least one valid object.
WARNING: [Vivado 12-584] No ports matched 'AN[0]'. [C:/Vivado_project/Reg_file_and_mem/Reg_file_and_mem.srcs/constrs_1/new/constr_r_m.xdc:64]
CRITICAL WARNING: [Common 17-55] 'set_property' expects at least one object. [C:/Vivado_project/Reg_file_and_mem/Reg_file_and_mem.srcs/constrs_1/new/constr_r_m.xdc:64]
Resolution: If [get_<value>] was used to populate the object, check to make sure this command returns at least one valid object.
WARNING: [Vivado 12-584] No ports matched 'AN[1]'. [C:/Vivado_project/Reg_file_and_mem/Reg_file_and_mem.srcs/constrs_1/new/constr_r_m.xdc:65]
CRITICAL WARNING: [Common 17-55] 'set_property' expects at least one object. [C:/Vivado_project/Reg_file_and_mem/Reg_file_and_mem.srcs/constrs_1/new/constr_r_m.xdc:65]
Resolution: If [get_<value>] was used to populate the object, check to make sure this command returns at least one valid object.
WARNING: [Vivado 12-584] No ports matched 'AN[2]'. [C:/Vivado_project/Reg_file_and_mem/Reg_file_and_mem.srcs/constrs_1/new/constr_r_m.xdc:66]
CRITICAL WARNING: [Common 17-55] 'set_property' expects at least one object. [C:/Vivado_project/Reg_file_and_mem/Reg_file_and_mem.srcs/constrs_1/new/constr_r_m.xdc:66]
Resolution: If [get_<value>] was used to populate the object, check to make sure this command returns at least one valid object.
WARNING: [Vivado 12-584] No ports matched 'AN[3]'. [C:/Vivado_project/Reg_file_and_mem/Reg_file_and_mem.srcs/constrs_1/new/constr_r_m.xdc:67]
CRITICAL WARNING: [Common 17-55] 'set_property' expects at least one object. [C:/Vivado_project/Reg_file_and_mem/Reg_file_and_mem.srcs/constrs_1/new/constr_r_m.xdc:67]
Resolution: If [get_<value>] was used to populate the object, check to make sure this command returns at least one valid object.
WARNING: [Vivado 12-584] No ports matched 'AN[4]'. [C:/Vivado_project/Reg_file_and_mem/Reg_file_and_mem.srcs/constrs_1/new/constr_r_m.xdc:68]
CRITICAL WARNING: [Common 17-55] 'set_property' expects at least one object. [C:/Vivado_project/Reg_file_and_mem/Reg_file_and_mem.srcs/constrs_1/new/constr_r_m.xdc:68]
Resolution: If [get_<value>] was used to populate the object, check to make sure this command returns at least one valid object.
WARNING: [Vivado 12-584] No ports matched 'AN[5]'. [C:/Vivado_project/Reg_file_and_mem/Reg_file_and_mem.srcs/constrs_1/new/constr_r_m.xdc:69]
CRITICAL WARNING: [Common 17-55] 'set_property' expects at least one object. [C:/Vivado_project/Reg_file_and_mem/Reg_file_and_mem.srcs/constrs_1/new/constr_r_m.xdc:69]
Resolution: If [get_<value>] was used to populate the object, check to make sure this command returns at least one valid object.
WARNING: [Vivado 12-584] No ports matched 'AN[6]'. [C:/Vivado_project/Reg_file_and_mem/Reg_file_and_mem.srcs/constrs_1/new/constr_r_m.xdc:70]
CRITICAL WARNING: [Common 17-55] 'set_property' expects at least one object. [C:/Vivado_project/Reg_file_and_mem/Reg_file_and_mem.srcs/constrs_1/new/constr_r_m.xdc:70]
Resolution: If [get_<value>] was used to populate the object, check to make sure this command returns at least one valid object.
WARNING: [Vivado 12-584] No ports matched 'AN[7]'. [C:/Vivado_project/Reg_file_and_mem/Reg_file_and_mem.srcs/constrs_1/new/constr_r_m.xdc:71]
CRITICAL WARNING: [Common 17-55] 'set_property' expects at least one object. [C:/Vivado_project/Reg_file_and_mem/Reg_file_and_mem.srcs/constrs_1/new/constr_r_m.xdc:71]
Resolution: If [get_<value>] was used to populate the object, check to make sure this command returns at least one valid object.
Finished Parsing XDC File [C:/Vivado_project/Reg_file_and_mem/Reg_file_and_mem.srcs/constrs_1/new/constr_r_m.xdc]
INFO: [Opt 31-138] Pushed 0 inverter(s) to 0 load pin(s).
CRITICAL WARNING: [Project 1-486] Could not resolve non-primitive black box cell 'reg_file' instantiated as 'inst1' [C:/Vivado_project/Reg_file_and_mem/Reg_file_and_mem.srcs/sources_1/new/alu_rf.v:27]
Netlist sorting complete. Time (s): cpu = 00:00:00 ; elapsed = 00:00:00.001 . Memory (MB): peak = 665.348 ; gain = 0.000
INFO: [Project 1-111] Unisim Transformation Summary:
No Unisim elements were transformed.

7 Infos, 48 Warnings, 49 Critical Warnings and 0 Errors encountered.
link_design completed successfully
link_design: Time (s): cpu = 00:00:05 ; elapsed = 00:00:05 . Memory (MB): peak = 669.348 ; gain = 370.418
Command: opt_design
Attempting to get a license for feature 'Implementation' and/or device 'xc7a100t'
INFO: [Common 17-349] Got license for feature 'Implementation' and/or device 'xc7a100t'
Running DRC as a precondition to command opt_design

Starting DRC Task
INFO: [DRC 23-27] Running DRC with 2 threads
ERROR: [DRC INBB-3] Black Box Instances: Cell 'inst1' of type 'reg_file' has undefined contents and is considered a black box.  The contents of this cell must be defined for opt_design to complete successfully.
ERROR: [DRC MDRV-1] Multiple Driver Nets: Net RD1_IBUF[0] has multiple drivers: RD1_IBUF[0]_inst/O, and inst1/RD1[0].
ERROR: [DRC MDRV-1] Multiple Driver Nets: Net RD1_IBUF[10] has multiple drivers: RD1_IBUF[10]_inst/O, and inst1/RD1[10].
ERROR: [DRC MDRV-1] Multiple Driver Nets: Net RD1_IBUF[11] has multiple drivers: RD1_IBUF[11]_inst/O, and inst1/RD1[11].
ERROR: [DRC MDRV-1] Multiple Driver Nets: Net RD1_IBUF[12] has multiple drivers: RD1_IBUF[12]_inst/O, and inst1/RD1[12].
ERROR: [DRC MDRV-1] Multiple Driver Nets: Net RD1_IBUF[13] has multiple drivers: RD1_IBUF[13]_inst/O, and inst1/RD1[13].
ERROR: [DRC MDRV-1] Multiple Driver Nets: Net RD1_IBUF[14] has multiple drivers: RD1_IBUF[14]_inst/O, and inst1/RD1[14].
ERROR: [DRC MDRV-1] Multiple Driver Nets: Net RD1_IBUF[15] has multiple drivers: RD1_IBUF[15]_inst/O, and inst1/RD1[15].
ERROR: [DRC MDRV-1] Multiple Driver Nets: Net RD1_IBUF[16] has multiple drivers: RD1_IBUF[16]_inst/O, and inst1/RD1[16].
ERROR: [DRC MDRV-1] Multiple Driver Nets: Net RD1_IBUF[17] has multiple drivers: RD1_IBUF[17]_inst/O, and inst1/RD1[17].
ERROR: [DRC MDRV-1] Multiple Driver Nets: Net RD1_IBUF[18] has multiple drivers: RD1_IBUF[18]_inst/O, and inst1/RD1[18].
ERROR: [DRC MDRV-1] Multiple Driver Nets: Net RD1_IBUF[19] has multiple drivers: RD1_IBUF[19]_inst/O, and inst1/RD1[19].
ERROR: [DRC MDRV-1] Multiple Driver Nets: Net RD1_IBUF[1] has multiple drivers: RD1_IBUF[1]_inst/O, and inst1/RD1[1].
ERROR: [DRC MDRV-1] Multiple Driver Nets: Net RD1_IBUF[20] has multiple drivers: RD1_IBUF[20]_inst/O, and inst1/RD1[20].
ERROR: [DRC MDRV-1] Multiple Driver Nets: Net RD1_IBUF[21] has multiple drivers: RD1_IBUF[21]_inst/O, and inst1/RD1[21].
ERROR: [DRC MDRV-1] Multiple Driver Nets: Net RD1_IBUF[22] has multiple drivers: RD1_IBUF[22]_inst/O, and inst1/RD1[22].
ERROR: [DRC MDRV-1] Multiple Driver Nets: Net RD1_IBUF[23] has multiple drivers: RD1_IBUF[23]_inst/O, and inst1/RD1[23].
ERROR: [DRC MDRV-1] Multiple Driver Nets: Net RD1_IBUF[24] has multiple drivers: RD1_IBUF[24]_inst/O, and inst1/RD1[24].
ERROR: [DRC MDRV-1] Multiple Driver Nets: Net RD1_IBUF[25] has multiple drivers: RD1_IBUF[25]_inst/O, and inst1/RD1[25].
ERROR: [DRC MDRV-1] Multiple Driver Nets: Net RD1_IBUF[26] has multiple drivers: RD1_IBUF[26]_inst/O, and inst1/RD1[26].
ERROR: [DRC MDRV-1] Multiple Driver Nets: Net RD1_IBUF[27] has multiple drivers: RD1_IBUF[27]_inst/O, and inst1/RD1[27].
ERROR: [DRC MDRV-1] Multiple Driver Nets: Net RD1_IBUF[28] has multiple drivers: RD1_IBUF[28]_inst/O, and inst1/RD1[28].
ERROR: [DRC MDRV-1] Multiple Driver Nets: Net RD1_IBUF[29] has multiple drivers: RD1_IBUF[29]_inst/O, and inst1/RD1[29].
ERROR: [DRC MDRV-1] Multiple Driver Nets: Net RD1_IBUF[2] has multiple drivers: RD1_IBUF[2]_inst/O, and inst1/RD1[2].
ERROR: [DRC MDRV-1] Multiple Driver Nets: Net RD1_IBUF[30] has multiple drivers: RD1_IBUF[30]_inst/O, and inst1/RD1[30].
ERROR: [DRC MDRV-1] Multiple Driver Nets: Net RD1_IBUF[31] has multiple drivers: RD1_IBUF[31]_inst/O, and inst1/RD1[31].
ERROR: [DRC MDRV-1] Multiple Driver Nets: Net RD1_IBUF[3] has multiple drivers: RD1_IBUF[3]_inst/O, and inst1/RD1[3].
ERROR: [DRC MDRV-1] Multiple Driver Nets: Net RD1_IBUF[4] has multiple drivers: RD1_IBUF[4]_inst/O, and inst1/RD1[4].
ERROR: [DRC MDRV-1] Multiple Driver Nets: Net RD1_IBUF[5] has multiple drivers: RD1_IBUF[5]_inst/O, and inst1/RD1[5].
ERROR: [DRC MDRV-1] Multiple Driver Nets: Net RD1_IBUF[6] has multiple drivers: RD1_IBUF[6]_inst/O, and inst1/RD1[6].
ERROR: [DRC MDRV-1] Multiple Driver Nets: Net RD1_IBUF[7] has multiple drivers: RD1_IBUF[7]_inst/O, and inst1/RD1[7].
ERROR: [DRC MDRV-1] Multiple Driver Nets: Net RD1_IBUF[8] has multiple drivers: RD1_IBUF[8]_inst/O, and inst1/RD1[8].
ERROR: [DRC MDRV-1] Multiple Driver Nets: Net RD1_IBUF[9] has multiple drivers: RD1_IBUF[9]_inst/O, and inst1/RD1[9].
ERROR: [DRC MDRV-1] Multiple Driver Nets: Net RD2_IBUF[0] has multiple drivers: RD2_IBUF[0]_inst/O, and inst1/RD2[0].
ERROR: [DRC MDRV-1] Multiple Driver Nets: Net RD2_IBUF[10] has multiple drivers: RD2_IBUF[10]_inst/O, and inst1/RD2[10].
ERROR: [DRC MDRV-1] Multiple Driver Nets: Net RD2_IBUF[11] has multiple drivers: RD2_IBUF[11]_inst/O, and inst1/RD2[11].
ERROR: [DRC MDRV-1] Multiple Driver Nets: Net RD2_IBUF[12] has multiple drivers: RD2_IBUF[12]_inst/O, and inst1/RD2[12].
ERROR: [DRC MDRV-1] Multiple Driver Nets: Net RD2_IBUF[13] has multiple drivers: RD2_IBUF[13]_inst/O, and inst1/RD2[13].
ERROR: [DRC MDRV-1] Multiple Driver Nets: Net RD2_IBUF[14] has multiple drivers: RD2_IBUF[14]_inst/O, and inst1/RD2[14].
ERROR: [DRC MDRV-1] Multiple Driver Nets: Net RD2_IBUF[15] has multiple drivers: RD2_IBUF[15]_inst/O, and inst1/RD2[15].
ERROR: [DRC MDRV-1] Multiple Driver Nets: Net RD2_IBUF[16] has multiple drivers: RD2_IBUF[16]_inst/O, and inst1/RD2[16].
ERROR: [DRC MDRV-1] Multiple Driver Nets: Net RD2_IBUF[17] has multiple drivers: RD2_IBUF[17]_inst/O, and inst1/RD2[17].
ERROR: [DRC MDRV-1] Multiple Driver Nets: Net RD2_IBUF[18] has multiple drivers: RD2_IBUF[18]_inst/O, and inst1/RD2[18].
ERROR: [DRC MDRV-1] Multiple Driver Nets: Net RD2_IBUF[19] has multiple drivers: RD2_IBUF[19]_inst/O, and inst1/RD2[19].
ERROR: [DRC MDRV-1] Multiple Driver Nets: Net RD2_IBUF[1] has multiple drivers: RD2_IBUF[1]_inst/O, and inst1/RD2[1].
ERROR: [DRC MDRV-1] Multiple Driver Nets: Net RD2_IBUF[20] has multiple drivers: RD2_IBUF[20]_inst/O, and inst1/RD2[20].
ERROR: [DRC MDRV-1] Multiple Driver Nets: Net RD2_IBUF[21] has multiple drivers: RD2_IBUF[21]_inst/O, and inst1/RD2[21].
ERROR: [DRC MDRV-1] Multiple Driver Nets: Net RD2_IBUF[22] has multiple drivers: RD2_IBUF[22]_inst/O, and inst1/RD2[22].
ERROR: [DRC MDRV-1] Multiple Driver Nets: Net RD2_IBUF[23] has multiple drivers: RD2_IBUF[23]_inst/O, and inst1/RD2[23].
ERROR: [DRC MDRV-1] Multiple Driver Nets: Net RD2_IBUF[24] has multiple drivers: RD2_IBUF[24]_inst/O, and inst1/RD2[24].
ERROR: [DRC MDRV-1] Multiple Driver Nets: Net RD2_IBUF[25] has multiple drivers: RD2_IBUF[25]_inst/O, and inst1/RD2[25].
ERROR: [DRC MDRV-1] Multiple Driver Nets: Net RD2_IBUF[26] has multiple drivers: RD2_IBUF[26]_inst/O, and inst1/RD2[26].
ERROR: [DRC MDRV-1] Multiple Driver Nets: Net RD2_IBUF[27] has multiple drivers: RD2_IBUF[27]_inst/O, and inst1/RD2[27].
ERROR: [DRC MDRV-1] Multiple Driver Nets: Net RD2_IBUF[28] has multiple drivers: RD2_IBUF[28]_inst/O, and inst1/RD2[28].
ERROR: [DRC MDRV-1] Multiple Driver Nets: Net RD2_IBUF[29] has multiple drivers: RD2_IBUF[29]_inst/O, and inst1/RD2[29].
ERROR: [DRC MDRV-1] Multiple Driver Nets: Net RD2_IBUF[2] has multiple drivers: RD2_IBUF[2]_inst/O, and inst1/RD2[2].
ERROR: [DRC MDRV-1] Multiple Driver Nets: Net RD2_IBUF[30] has multiple drivers: RD2_IBUF[30]_inst/O, and inst1/RD2[30].
ERROR: [DRC MDRV-1] Multiple Driver Nets: Net RD2_IBUF[31] has multiple drivers: RD2_IBUF[31]_inst/O, and inst1/RD2[31].
ERROR: [DRC MDRV-1] Multiple Driver Nets: Net RD2_IBUF[3] has multiple drivers: RD2_IBUF[3]_inst/O, and inst1/RD2[3].
ERROR: [DRC MDRV-1] Multiple Driver Nets: Net RD2_IBUF[4] has multiple drivers: RD2_IBUF[4]_inst/O, and inst1/RD2[4].
ERROR: [DRC MDRV-1] Multiple Driver Nets: Net RD2_IBUF[5] has multiple drivers: RD2_IBUF[5]_inst/O, and inst1/RD2[5].
ERROR: [DRC MDRV-1] Multiple Driver Nets: Net RD2_IBUF[6] has multiple drivers: RD2_IBUF[6]_inst/O, and inst1/RD2[6].
ERROR: [DRC MDRV-1] Multiple Driver Nets: Net RD2_IBUF[7] has multiple drivers: RD2_IBUF[7]_inst/O, and inst1/RD2[7].
ERROR: [DRC MDRV-1] Multiple Driver Nets: Net RD2_IBUF[8] has multiple drivers: RD2_IBUF[8]_inst/O, and inst1/RD2[8].
ERROR: [DRC MDRV-1] Multiple Driver Nets: Net RD2_IBUF[9] has multiple drivers: RD2_IBUF[9]_inst/O, and inst1/RD2[9].
INFO: [Project 1-461] DRC finished with 65 Errors
INFO: [Project 1-462] Please refer to the DRC report (report_drc) for more information.
ERROR: [Vivado_Tcl 4-78] Error(s) found during DRC. Opt_design not run.

Time (s): cpu = 00:00:01 ; elapsed = 00:00:00.560 . Memory (MB): peak = 688.895 ; gain = 19.547
INFO: [Common 17-83] Releasing license: Implementation
12 Infos, 48 Warnings, 49 Critical Warnings and 66 Errors encountered.
opt_design failed
ERROR: [Common 17-39] 'opt_design' failed due to earlier errors.

INFO: [Common 17-206] Exiting Vivado at Mon Oct 10 23:32:03 2022...
