#-----------------------------------------------------------
# Vivado v2019.2 (64-bit)
# SW Build 2708876 on Wed Nov  6 21:40:23 MST 2019
# IP Build 2700528 on Thu Nov  7 00:09:20 MST 2019
# Start of session at: Tue Oct 25 00:06:32 2022
# Process ID: 22544
# Current directory: C:/Vivado_project/Arithmetic-logic
# Command line: vivado.exe -gui_launcher_event rodinguilauncherevent18380 C:\Vivado_project\Arithmetic-logic\Arithmetic-logic.xpr
# Log file: C:/Vivado_project/Arithmetic-logic/vivado.log
# Journal file: C:/Vivado_project/Arithmetic-logic\vivado.jou
#-----------------------------------------------------------
start_gui
open_project C:/Vivado_project/Arithmetic-logic/Arithmetic-logic.xpr
Scanning sources...
Finished scanning sources
INFO: [IP_Flow 19-234] Refreshing IP repositories
INFO: [IP_Flow 19-1704] No user IP repositories specified
INFO: [IP_Flow 19-2313] Loaded Vivado IP repository 'C:/Xilinx/Vivado/2019.2/data/ip'.
open_project: Time (s): cpu = 00:00:15 ; elapsed = 00:00:06 . Memory (MB): peak = 688.039 ; gain = 46.398
update_compile_order -fileset sources_1
WARNING: [filemgmt 56-199] Attempt to get parsing info during refresh. "On-the-fly" syntax checking information may be incorrect. [C:\Vivado_project\Arithmetic-logic\Arithmetic-logic.srcs\sources_1\new\top_alu.v:]
WARNING: [filemgmt 56-199] Attempt to get parsing info during refresh. "On-the-fly" syntax checking information may be incorrect. [C:\Vivado_project\Arithmetic-logic\Arithmetic-logic.srcs\sim_1\new\alu_tb.v:]
ERROR: [Common 17-180] Spawn failed: No error
exit
INFO: [Common 17-206] Exiting Vivado at Tue Oct 25 13:45:54 2022...
