#
# A fatal error has been detected by the Java Runtime Environment:
#
#  EXCEPTION_ACCESS_VIOLATION (0xc0000005) at pc=0x00007ffdf8008a56, pid=7232, tid=5672
#
# JRE version: Java(TM) SE Runtime Environment (9.0+11) (build 9.0.4+11)
# Java VM: Java HotSpot(TM) 64-Bit Server VM (9.0.4+11, mixed mode, tiered, compressed oops, g1 gc, windows-amd64)
# Problematic frame:
# C  [librdi_filemgmt.dll+0x258a56]
#
# No core dump will be written. Minidumps are not enabled by default on client versions of Windows
#
# If you would like to submit a bug report, please visit:
#   http://bugreport.java.com/bugreport/crash.jsp
# The crash happened outside the Java Virtual Machine in native code.
# See problematic frame for where to report the bug.
#

---------------  S U M M A R Y ------------

Command Line: -Dsun.java2d.pmoffscreen=false -Dsun.java2d.xrender=false -Dsun.java2d.d3d=false -Dsun.awt.nopixfmt=true -Dsun.java2d.dpiaware=true -Dsun.java2d.uiScale.enabled=false -Xverify:none -Dswing.aatext=true -XX:-UsePerfData -Djdk.map.althashing.threshold=512 -XX:StringTableSize=4072 --add-opens=java.base/java.nio=ALL-UNNAMED --add-opens=java.desktop/sun.swing=ALL-UNNAMED --add-opens=java.desktop/javax.swing=ALL-UNNAMED --add-opens=java.desktop/javax.swing.tree=ALL-UNNAMED --add-opens=java.desktop/javax.swing.plaf.basic=ALL-UNNAMED --add-opens=java.desktop/javax.swing.plaf.synth=ALL-UNNAMED --add-opens=java.desktop/com.sun.awt=ALL-UNNAMED -XX:NewSize=60m -XX:MaxNewSize=60m -Xms128m -Xmx3072m -Xss5m 

Host: Intel(R) Core(TM) i7-9750H CPU @ 2.60GHz, 12 cores, 15G,  Windows 10 , 64 bit Build 19041 (10.0.19041.2251)
Time: Mon Nov 28 18:59:51 2022 RTZ 2 (ceia) elapsed time: 351643 seconds (4d 1h 40m 43s)

---------------  T H R E A D  ---------------

Current thread (0x0000022c51b87000):  JavaThread "AWT-EventQueue-1" [_thread_in_native, id=5672, stack(0x000000f875400000,0x000000f875900000)]

Stack: [0x000000f875400000,0x000000f875900000],  sp=0x000000f8758fceb0,  free space=5107k
Native frames: (J=compiled Java code, j=interpreted, Vv=VM code, C=native code)
C  [librdi_filemgmt.dll+0x258a56]
C  [librdi_filemgmt.dll+0x257122]
C  [librdi_filemgmt.dll+0x26c6d8]
C  0x0000022c439ee7d2

Java frames: (J=compiled Java code, j=interpreted, Vv=VM code)
J 22111  ui.data.srcscan.srcscani.EditorAssist_createFoldInfoIter(JLjava/lang/String;)J (0 bytes) @ 0x0000022c439ee735 [0x0000022c439ee6e0+0x0000000000000055]
J 22752 c1 ui.data.m.a.c.a(Ljava/net/URI;)V (186 bytes) @ 0x0000022c3d33411c [0x0000022c3d333580+0x0000000000000b9c]
J 22749 c1 ui.views.V.a.ab.agK(Ljava/lang/String;)V (39 bytes) @ 0x0000022c3cf9d72c [0x0000022c3cf9cb00+0x0000000000000c2c]
J 22401 c1 ui.views.V.a.ab.hdH()V (47 bytes) @ 0x0000022c3cb25a7c [0x0000022c3cb252c0+0x00000000000007bc]
J 22400 c1 ui.views.V.a.al.finished()V (81 bytes) @ 0x0000022c3caad6dc [0x0000022c3caad500+0x00000000000001dc]
J 22032 c2 ui.frmwork.z.run()V (15 bytes) @ 0x0000022c44f56b5c [0x0000022c44f561c0+0x000000000000099c]
J 13983 c2 java.awt.EventQueue$3.run()Ljava/lang/Object; java.desktop@9.0.4 (5 bytes) @ 0x0000022c445b1a4c [0x0000022c445b1500+0x000000000000054c]
v  ~StubRoutines::call_stub
J 3689  java.security.AccessController.doPrivileged(Ljava/security/PrivilegedAction;Ljava/security/AccessControlContext;)Ljava/lang/Object; java.base@9.0.4 (0 bytes) @ 0x0000022c43b39c46 [0x0000022c43b39be0+0x0000000000000066]
J 17276 c2 java.awt.EventQueue.dispatchEvent(Ljava/awt/AWTEvent;)V java.desktop@9.0.4 (80 bytes) @ 0x0000022c44954f18 [0x0000022c449549c0+0x0000000000000558]
J 17285 c2 ui.frmwork.b.d.dispatchEvent(Ljava/awt/AWTEvent;)V (34 bytes) @ 0x0000022c43a3d93c [0x0000022c43a3d860+0x00000000000000dc]
J 19008 c2 java.awt.EventDispatchThread.pumpOneEventForFilters(I)V java.desktop@9.0.4 (218 bytes) @ 0x0000022c44ad7760 [0x0000022c44ad7300+0x0000000000000460]
J 19698% c2 java.awt.EventDispatchThread.pumpEventsForFilter(ILjava/awt/Conditional;Ljava/awt/EventFilter;)V java.desktop@9.0.4 (47 bytes) @ 0x0000022c44c19af8 [0x0000022c44c199e0+0x0000000000000118]
j  java.awt.EventDispatchThread.pumpEventsForHierarchy(ILjava/awt/Conditional;Ljava/awt/Component;)V+11 java.desktop@9.0.4
j  java.awt.EventDispatchThread.pumpEvents(ILjava/awt/Conditional;)V+4 java.desktop@9.0.4
j  java.awt.EventDispatchThread.pumpEvents(Ljava/awt/Conditional;)V+3 java.desktop@9.0.4
j  java.awt.EventDispatchThread.run()V+9 java.desktop@9.0.4
v  ~StubRoutines::call_stub

siginfo: EXCEPTION_ACCESS_VIOLATION (0xc0000005), reading address 0x0000762e7265646f


Register to memory mapping:

RIP=0x00007ffdf8008a56 librdi_filemgmt.dll
RAX=0x0000000000000001 is an unknown value
RBX=0x0000022c5f7e8920 is an unknown value
RCX=0x0000022c25fe0000 is an unknown value
RDX=0x0000762e7265646f is an unknown value
RSP=0x000000f8758fceb0 is pointing into the stack for thread: 0x0000022c51b87000
RBP=0x000000f8758fd010 is pointing into the stack for thread: 0x0000022c51b87000
RSI=0x0000000000000000 is an unknown value
RDI=0x0000022c597f50b0 is an unknown value
R8 =0x0000022c261b3e40 is an unknown value
R9 =0x0000000000000001 is an unknown value
R10=0x0000000000008000 is an unknown value
R11=0x000000f8758fce10 is pointing into the stack for thread: 0x0000022c51b87000
R12=0x0000022c55871b70 is an unknown value
R13=0x0000000000000000 is an unknown value
R14=0x0000000000000000 is an unknown value
R15=0x000000f8758fd0e8 is pointing into the stack for thread: 0x0000022c51b87000


Registers:
RAX=0x0000000000000001, RBX=0x0000022c5f7e8920, RCX=0x0000022c25fe0000, RDX=0x0000762e7265646f
RSP=0x000000f8758fceb0, RBP=0x000000f8758fd010, RSI=0x0000000000000000, RDI=0x0000022c597f50b0
R8 =0x0000022c261b3e40, R9 =0x0000000000000001, R10=0x0000000000008000, R11=0x000000f8758fce10
R12=0x0000022c55871b70, R13=0x0000000000000000, R14=0x0000000000000000, R15=0x000000f8758fd0e8
RIP=0x00007ffdf8008a56, EFLAGS=0x0000000000010212

Top of Stack: (sp=0x000000f8758fceb0)
0x000000f8758fceb0:   0000022c5f7e8918 0000000000000000
0x000000f8758fcec0:   0000022c5f7e8918 0000000000000058
0x000000f8758fced0:   fffffffffffffffe 0000022c5f98ff00
0x000000f8758fcee0:   0000022c55517590 0000000000000000
0x000000f8758fcef0:   000000000000000f 0000022c5f98ef00
0x000000f8758fcf00:   000000f8758fd120 0000000000000000
0x000000f8758fcf10:   000000000000000f 00006d36508542ff
0x000000f8758fcf20:   0000000000000058 0000022c55871b70
0x000000f8758fcf30:   000000f8758fd010 00007ffdf8007122
0x000000f8758fcf40:   0000ab5a3ee88f23 0000000000000000
0x000000f8758fcf50:   0000000000000058 0000022c597f50b0
0x000000f8758fcf60:   0000000000000058 0000022c51b87218
0x000000f8758fcf70:   0000022c51b87218 0000022c55517590
0x000000f8758fcf80:   000000f8758fd120 00007ffdf801c6d8
0x000000f8758fcf90:   0000000000000058 0000000000000058
0x000000f8758fcfa0:   0000022c55517590 000000f8758fcff0 

Instructions: (pc=0x00007ffdf8008a56)
0x00007ffdf8008a36:   66 66 0f 1f 84 00 00 00 00 00 48 8b 13 48 c7 44
0x00007ffdf8008a46:   24 40 0f 00 00 00 4c 89 74 24 38 c6 44 24 28 00
0x00007ffdf8008a56:   80 3a 00 75 05 4d 8b c6 eb 0e 49 83 c8 ff 49 ff
0x00007ffdf8008a66:   c0 42 80 3c 02 00 75 f6 48 8d 4c 24 28 e8 48 dc 



---------------  P R O C E S S  ---------------

Java Threads: ( => current thread )
  0x0000022c54d2c000 JavaThread "Code Inspector Thread" [_thread_in_native, id=19444, stack(0x000000f800700000,0x000000f800c00000)]
  0x0000022c54d2f000 JavaThread "Thread-70951" [_thread_in_native, id=21460, stack(0x000000f800000000,0x000000f800100000)]
  0x0000022c54d25000 JavaThread "Thread-70950" [_thread_in_native, id=25236, stack(0x000000f800100000,0x000000f800200000)]
  0x0000022c54d24800 JavaThread "Monitor File Timestamp Swing Worker Thread" [_thread_blocked, id=4672, stack(0x000000f87f400000,0x000000f87f900000)]
  0x0000022c54d2a800 JavaThread "Timer-9" [_thread_blocked, id=592, stack(0x000000f87ef00000,0x000000f87f400000)]
  0x0000022c54d26000 JavaThread "ForkJoinPool.commonPool-worker-25" daemon [_thread_blocked, id=8352, stack(0x000000f877500000,0x000000f877a00000)]
  0x0000022c54d29000 JavaThread "SyntheticaAnimation 50" daemon [_thread_blocked, id=17476, stack(0x000000f87db00000,0x000000f87e000000)]
  0x0000022c54d27800 JavaThread "Monitor File Timestamp Swing Worker Thread" [_thread_blocked, id=3636, stack(0x000000f87d600000,0x000000f87db00000)]
  0x0000022c5300a000 JavaThread "Timer-6" [_thread_blocked, id=11464, stack(0x000000f87d100000,0x000000f87d600000)]
  0x0000022c552bc000 JavaThread "Monitor File Timestamp Swing Worker Thread" [_thread_blocked, id=12276, stack(0x000000f87cc00000,0x000000f87d100000)]
  0x0000022c552bd800 JavaThread "Timer-5" [_thread_blocked, id=2564, stack(0x000000f87c700000,0x000000f87cc00000)]
  0x0000022c552bb800 JavaThread "Monitor File Timestamp Swing Worker Thread" [_thread_blocked, id=14596, stack(0x000000f87c200000,0x000000f87c700000)]
  0x0000022c552ba800 JavaThread "Timer-4" [_thread_blocked, id=15020, stack(0x000000f87bd00000,0x000000f87c200000)]
  0x0000022c552ba000 JavaThread "Monitor File Timestamp Swing Worker Thread" [_thread_blocked, id=15128, stack(0x000000f87b800000,0x000000f87bd00000)]
  0x0000022c552b1800 JavaThread "Timer-3" [_thread_blocked, id=16060, stack(0x000000f87a400000,0x000000f87a900000)]
  0x0000022c552bd000 JavaThread "Monitor File Timestamp Swing Worker Thread" [_thread_blocked, id=1240, stack(0x000000f87b300000,0x000000f87b800000)]
  0x0000022c552b2800 JavaThread "Timer-2" [_thread_blocked, id=6988, stack(0x000000f87ae00000,0x000000f87b300000)]
  0x0000022c552b8800 JavaThread "Monitor File Timestamp Swing Worker Thread" [_thread_blocked, id=17040, stack(0x000000f879f00000,0x000000f87a400000)]
  0x0000022c552b7800 JavaThread "Timer-1" [_thread_blocked, id=3548, stack(0x000000f879900000,0x000000f879e00000)]
  0x0000022c552b0000 JavaThread "Image Animator 3" daemon [_thread_blocked, id=11288, stack(0x000000f875900000,0x000000f875e00000)]
  0x0000022c552b7000 JavaThread "SyntheticaAnimation 50" daemon [_thread_blocked, id=1644, stack(0x000000f874500000,0x000000f874a00000)]
  0x0000022c552ae800 JavaThread "Update Runs Swing Worker Thread" [_thread_blocked, id=16532, stack(0x000000f879300000,0x000000f879800000)]
  0x0000022c552b1000 JavaThread "hw_ila_monitor" [_thread_blocked, id=13688, stack(0x000000f878400000,0x000000f878900000)]
  0x0000022c552b3000 JavaThread "Refresh Filesets Swing Worker Thread" [_thread_blocked, id=10880, stack(0x000000f877f00000,0x000000f878400000)]
  0x0000022c552b4000 JavaThread "SyntheticaAnimation 70" daemon [_thread_blocked, id=2308, stack(0x000000f877a00000,0x000000f877f00000)]
  0x0000022c552af800 JavaThread "SyntheticaAnimation 25" daemon [_thread_blocked, id=168, stack(0x000000f877000000,0x000000f877500000)]
  0x0000022c5300b800 JavaThread "SyntheticaAnimation 50" daemon [_thread_blocked, id=9108, stack(0x000000f876b00000,0x000000f877000000)]
  0x0000022c53008800 JavaThread "Monitor HEventQueue Thread" [_thread_blocked, id=3000, stack(0x000000f876600000,0x000000f876b00000)]
  0x0000022c5300a800 JavaThread "SyntheticaCleanerThread" daemon [_thread_blocked, id=11928, stack(0x000000f875e00000,0x000000f876300000)]
  0x0000022c53009000 JavaThread "Batik CleanerThread" daemon [_thread_blocked, id=15028, stack(0x000000f874a00000,0x000000f874f00000)]
=>0x0000022c51b87000 JavaThread "AWT-EventQueue-1" [_thread_in_native, id=5672, stack(0x000000f875400000,0x000000f875900000)]
  0x0000022c51db3000 JavaThread "Process Messages Thread" [_thread_blocked, id=14680, stack(0x000000f874f00000,0x000000f875400000)]
  0x0000022c532ab000 JavaThread "Thread-1" [_thread_in_native, id=12252, stack(0x000000f86d800000,0x000000f86ec00000)]
  0x0000022c53517000 JavaThread "TimerQueue" daemon [_thread_blocked, id=3076, stack(0x000000f874000000,0x000000f874500000)]
  0x0000022c51be8000 JavaThread "AWT-Windows" daemon [_thread_in_native, id=11688, stack(0x000000f873b00000,0x000000f874000000)]
  0x0000022c51772000 JavaThread "AWT-Shutdown" [_thread_blocked, id=12156, stack(0x000000f873600000,0x000000f873b00000)]
  0x0000022c51916000 JavaThread "Java2D Disposer" daemon [_thread_blocked, id=7688, stack(0x000000f873100000,0x000000f873600000)]
  0x0000022c51314000 JavaThread "Service Thread" daemon [_thread_blocked, id=9496, stack(0x000000f872b00000,0x000000f873000000)]
  0x0000022c351e0000 JavaThread "Common-Cleaner" daemon [_thread_blocked, id=14856, stack(0x000000f872600000,0x000000f872b00000)]
  0x0000022c351c9000 JavaThread "Sweeper thread" daemon [_thread_blocked, id=3212, stack(0x000000f872100000,0x000000f872600000)]
  0x0000022c351c7000 JavaThread "C1 CompilerThread3" daemon [_thread_blocked, id=2788, stack(0x000000f872000000,0x000000f872100000)]
  0x0000022c351c6800 JavaThread "C2 CompilerThread2" daemon [_thread_blocked, id=14732, stack(0x000000f871f00000,0x000000f872000000)]
  0x0000022c351c5000 JavaThread "C2 CompilerThread1" daemon [_thread_blocked, id=3080, stack(0x000000f871e00000,0x000000f871f00000)]
  0x0000022c351c4800 JavaThread "C2 CompilerThread0" daemon [_thread_blocked, id=15948, stack(0x000000f871d00000,0x000000f871e00000)]
  0x0000022c351bf000 JavaThread "Attach Listener" daemon [_thread_blocked, id=13680, stack(0x000000f871800000,0x000000f871d00000)]
  0x0000022c351be800 JavaThread "Signal Dispatcher" daemon [_thread_blocked, id=9752, stack(0x000000f871300000,0x000000f871800000)]
  0x0000022c351b3000 JavaThread "Finalizer" daemon [_thread_blocked, id=516, stack(0x000000f870e00000,0x000000f871300000)]
  0x0000022c2da63000 JavaThread "Reference Handler" daemon [_thread_blocked, id=3664, stack(0x000000f870900000,0x000000f870e00000)]
  0x0000022c2e469800 JavaThread "main" [_thread_blocked, id=7580, stack(0x000000f86d700000,0x000000f86d800000)]

Other Threads:
  0x0000022c5116b800 VMThread "VM Thread" [stack: 0x000000f870800000,0x000000f870900000] [id=10988]
  0x0000022c5162d800 WatcherThread [stack: 0x000000f873000000,0x000000f873100000] [id=5800]
  0x0000022c3526d800 GCTaskThread "GC Thread#0" [stack: 0x000000f86ef00000,0x000000f86f000000] [id=4044]
  0x0000022c2d7c7000 GCTaskThread "GC Thread#1" [stack: 0x000000f86f000000,0x000000f86f100000] [id=9008]
  0x0000022c2d7c8000 GCTaskThread "GC Thread#2" [stack: 0x000000f86f100000,0x000000f86f200000] [id=268]
  0x0000022c2ab58000 GCTaskThread "GC Thread#3" [stack: 0x000000f86f200000,0x000000f86f300000] [id=16588]
  0x0000022c2ab59000 GCTaskThread "GC Thread#4" [stack: 0x000000f86f300000,0x000000f86f400000] [id=2076]
  0x0000022c35092800 GCTaskThread "GC Thread#5" [stack: 0x000000f86f400000,0x000000f86f500000] [id=4076]
  0x0000022c2d84c000 GCTaskThread "GC Thread#6" [stack: 0x000000f86f500000,0x000000f86f600000] [id=13924]
  0x0000022c2aa3b800 GCTaskThread "GC Thread#7" [stack: 0x000000f86f600000,0x000000f86f700000] [id=6656]
  0x0000022c2aa35800 GCTaskThread "GC Thread#8" [stack: 0x000000f86f700000,0x000000f86f800000] [id=16596]
  0x0000022c2aa3c000 GCTaskThread "GC Thread#9" [stack: 0x000000f86f800000,0x000000f86f900000] [id=3560]
  0x0000022c2aa43800 ConcurrentGCThread "G1 Main Marker" [stack: 0x000000f870400000,0x000000f870500000] [id=13964]
  0x0000022c2aa36000 ConcurrentGCThread "G1 Marker#0" [stack: 0x000000f870500000,0x000000f870600000] [id=11500]
  0x0000022c2aa36800 ConcurrentGCThread "G1 Marker#1" [stack: 0x000000f870600000,0x000000f870700000] [id=9060]
  0x0000022c2aa39800 ConcurrentGCThread "G1 Marker#2" [stack: 0x000000f870700000,0x000000f870800000] [id=3132]
  0x0000022c2bad1800 ConcurrentGCThread "G1 Refine#0" [stack: 0x000000f870200000,0x000000f870300000] [id=10868]
  0x0000022c2bad0000 ConcurrentGCThread "G1 Refine#1" [stack: 0x000000f870100000,0x000000f870200000] [id=13732]
  0x0000022c2bacd000 ConcurrentGCThread "G1 Refine#2" [stack: 0x000000f870000000,0x000000f870100000] [id=10692]
  0x0000022c34d0c000 ConcurrentGCThread "G1 Refine#3" [stack: 0x000000f86ff00000,0x000000f870000000] [id=14724]
  0x0000022c2eb4b800 ConcurrentGCThread "G1 Refine#4" [stack: 0x000000f86fe00000,0x000000f86ff00000] [id=10264]
  0x0000022c2eb4b000 ConcurrentGCThread "G1 Refine#5" [stack: 0x000000f86fd00000,0x000000f86fe00000] [id=15692]
  0x0000022c2eb4a800 ConcurrentGCThread "G1 Refine#6" [stack: 0x000000f86fc00000,0x000000f86fd00000] [id=11188]
  0x0000022c2ac22000 ConcurrentGCThread "G1 Refine#7" [stack: 0x000000f86fb00000,0x000000f86fc00000] [id=15052]
  0x0000022c2ac20800 ConcurrentGCThread "G1 Refine#8" [stack: 0x000000f86fa00000,0x000000f86fb00000] [id=16600]
  0x0000022c2ac20000 ConcurrentGCThread "G1 Refine#9" [stack: 0x000000f86f900000,0x000000f86fa00000] [id=1712]
  0x0000022c349a2800 ConcurrentGCThread "G1 Young RemSet Sampling" [stack: 0x000000f870300000,0x000000f870400000] [id=11208]

Threads with active compile tasks:

VM state:not at safepoint (normal execution)

VM Mutex/Monitor currently owned by a thread: None

Heap address: 0x0000000700000000, size: 3072 MB, Compressed Oops mode: Zero based, Oop shift amount: 3
Narrow klass base: 0x0000000000000000, Narrow klass shift: 3
Compressed class space size: 1073741824 Address: 0x00000007c0000000

Heap:
 garbage-first heap   total 192512K, used 99013K [0x0000000700000000, 0x00000007001005e0, 0x00000007c0000000)
  region size 1024K, 20 young (20480K), 0 survivors (0K)
 Metaspace       used 84822K, capacity 86375K, committed 93608K, reserved 1130496K
  class space    used 11666K, capacity 12034K, committed 13512K, reserved 1048576K
Heap Regions: E=young(eden), S=young(survivor), O=old, HS=humongous(starts), HC=humongous(continues), CS=collection set, F=free, A=archive, TS=gc time stamp, AC=allocation context, TAMS=top-at-mark-start (previous, next)
|   0|0x0000000700000000, 0x00000007000fff98, 0x0000000700100000| 99%| O|  |TS  0|AC  0|TAMS 0x0000000700000000, 0x0000000700000000|
|   1|0x0000000700100000, 0x00000007001f9030, 0x0000000700200000| 97%| O|  |TS  0|AC  0|TAMS 0x0000000700100000, 0x0000000700100000|
|   2|0x0000000700200000, 0x00000007002ff8b8, 0x0000000700300000| 99%| O|  |TS  0|AC  0|TAMS 0x0000000700200000, 0x0000000700200000|
|   3|0x0000000700300000, 0x00000007003d5590, 0x0000000700400000| 83%| O|  |TS  0|AC  0|TAMS 0x0000000700300000, 0x0000000700300000|
|   4|0x0000000700400000, 0x0000000700500000, 0x0000000700500000|100%|HS|  |TS  0|AC  0|TAMS 0x0000000700400000, 0x0000000700400000|
|   5|0x0000000700500000, 0x0000000700600000, 0x0000000700600000|100%|HC|  |TS  0|AC  0|TAMS 0x0000000700500000, 0x0000000700500000|
|   6|0x0000000700600000, 0x0000000700700000, 0x0000000700700000|100%|HS|  |TS  0|AC  0|TAMS 0x0000000700600000, 0x0000000700600000|
|   7|0x0000000700700000, 0x00000007007de558, 0x0000000700800000| 86%| O|  |TS  0|AC  0|TAMS 0x0000000700700000, 0x0000000700700000|
|   8|0x0000000700800000, 0x00000007008c7b58, 0x0000000700900000| 78%| O|  |TS  0|AC  0|TAMS 0x0000000700800000, 0x0000000700800000|
|   9|0x0000000700900000, 0x00000007009fffc8, 0x0000000700a00000| 99%| O|  |TS  0|AC  0|TAMS 0x0000000700900000, 0x0000000700900000|
|  10|0x0000000700a00000, 0x0000000700b00000, 0x0000000700b00000|100%| O|  |TS  0|AC  0|TAMS 0x0000000700a00000, 0x0000000700a00000|
|  11|0x0000000700b00000, 0x0000000700bfffe0, 0x0000000700c00000| 99%| O|  |TS  0|AC  0|TAMS 0x0000000700b00000, 0x0000000700b00000|
|  12|0x0000000700c00000, 0x0000000700cfffe8, 0x0000000700d00000| 99%| O|  |TS  0|AC  0|TAMS 0x0000000700c00000, 0x0000000700c00000|
|  13|0x0000000700d00000, 0x0000000700dfffc8, 0x0000000700e00000| 99%| O|  |TS  0|AC  0|TAMS 0x0000000700d00000, 0x0000000700d00000|
|  14|0x0000000700e00000, 0x0000000700effea8, 0x0000000700f00000| 99%| O|  |TS  0|AC  0|TAMS 0x0000000700e00000, 0x0000000700e00000|
|  15|0x0000000700f00000, 0x0000000700fffff0, 0x0000000701000000| 99%| O|  |TS  0|AC  0|TAMS 0x0000000700f00000, 0x0000000700f00000|
|  16|0x0000000701000000, 0x00000007010eecf8, 0x0000000701100000| 93%| O|  |TS  0|AC  0|TAMS 0x0000000701000000, 0x0000000701000000|
|  17|0x0000000701100000, 0x00000007011ffff0, 0x0000000701200000| 99%| O|  |TS  0|AC  0|TAMS 0x0000000701100000, 0x0000000701100000|
|  18|0x0000000701200000, 0x00000007012ffff0, 0x0000000701300000| 99%| O|  |TS  0|AC  0|TAMS 0x0000000701200000, 0x0000000701200000|
|  19|0x0000000701300000, 0x00000007013ffb10, 0x0000000701400000| 99%| O|  |TS  0|AC  0|TAMS 0x0000000701300000, 0x0000000701300000|
|  20|0x0000000701400000, 0x00000007014f5ec0, 0x0000000701500000| 96%| O|  |TS  0|AC  0|TAMS 0x0000000701400000, 0x0000000701400000|
|  21|0x0000000701500000, 0x0000000701600000, 0x0000000701600000|100%|HS|  |TS  0|AC  0|TAMS 0x0000000701500000, 0x0000000701500000|
|  22|0x0000000701600000, 0x00000007016fffe8, 0x0000000701700000| 99%| O|  |TS  0|AC  0|TAMS 0x0000000701600000, 0x0000000701600000|
|  23|0x0000000701700000, 0x00000007017ffff8, 0x0000000701800000| 99%| O|  |TS  0|AC  0|TAMS 0x0000000701700000, 0x0000000701700000|
|  24|0x0000000701800000, 0x00000007018ffff0, 0x0000000701900000| 99%| O|  |TS  0|AC  0|TAMS 0x0000000701800000, 0x0000000701800000|
|  25|0x0000000701900000, 0x00000007019fffb8, 0x0000000701a00000| 99%| O|  |TS  0|AC  0|TAMS 0x0000000701900000, 0x0000000701900000|
|  26|0x0000000701a00000, 0x0000000701afff88, 0x0000000701b00000| 99%| O|  |TS  0|AC  0|TAMS 0x0000000701a00000, 0x0000000701a00000|
|  27|0x0000000701b00000, 0x0000000701c00000, 0x0000000701c00000|100%| O|  |TS  0|AC  0|TAMS 0x0000000701b00000, 0x0000000701b00000|
|  28|0x0000000701c00000, 0x0000000701cfffe8, 0x0000000701d00000| 99%| O|  |TS  0|AC  0|TAMS 0x0000000701c00000, 0x0000000701c00000|
|  29|0x0000000701d00000, 0x0000000701dff2e8, 0x0000000701e00000| 99%| O|  |TS  0|AC  0|TAMS 0x0000000701d00000, 0x0000000701d00000|
|  30|0x0000000701e00000, 0x0000000701efffb0, 0x0000000701f00000| 99%| O|  |TS  0|AC  0|TAMS 0x0000000701e00000, 0x0000000701e00000|
|  31|0x0000000701f00000, 0x0000000702000000, 0x0000000702000000|100%| O|  |TS  0|AC  0|TAMS 0x0000000701f00000, 0x0000000701f00000|
|  32|0x0000000702000000, 0x00000007020ffe88, 0x0000000702100000| 99%| O|  |TS  0|AC  0|TAMS 0x0000000702000000, 0x0000000702000000|
|  33|0x0000000702100000, 0x00000007021fffd0, 0x0000000702200000| 99%| O|  |TS  0|AC  0|TAMS 0x0000000702100000, 0x0000000702100000|
|  34|0x0000000702200000, 0x0000000702300000, 0x0000000702300000|100%| O|  |TS  0|AC  0|TAMS 0x0000000702200000, 0x0000000702200000|
|  35|0x0000000702300000, 0x00000007023fff98, 0x0000000702400000| 99%| O|  |TS  0|AC  0|TAMS 0x0000000702300000, 0x0000000702300000|
|  36|0x0000000702400000, 0x00000007024fffe0, 0x0000000702500000| 99%| O|  |TS  0|AC  0|TAMS 0x0000000702400000, 0x0000000702400000|
|  37|0x0000000702500000, 0x0000000702600000, 0x0000000702600000|100%| O|  |TS  0|AC  0|TAMS 0x0000000702500000, 0x0000000702500000|
|  38|0x0000000702600000, 0x00000007026e42b8, 0x0000000702700000| 89%| O|  |TS  0|AC  0|TAMS 0x0000000702600000, 0x0000000702600000|
|  39|0x0000000702700000, 0x00000007027ffff8, 0x0000000702800000| 99%| O|  |TS  0|AC  0|TAMS 0x0000000702700000, 0x0000000702700000|
|  40|0x0000000702800000, 0x00000007028fffc8, 0x0000000702900000| 99%| O|  |TS  0|AC  0|TAMS 0x0000000702800000, 0x0000000702800000|
|  41|0x0000000702900000, 0x00000007029fffe0, 0x0000000702a00000| 99%| O|  |TS  0|AC  0|TAMS 0x0000000702900000, 0x0000000702900000|
|  42|0x0000000702a00000, 0x0000000702affff8, 0x0000000702b00000| 99%| O|  |TS  0|AC  0|TAMS 0x0000000702a00000, 0x0000000702a00000|
|  43|0x0000000702b00000, 0x0000000702bffff0, 0x0000000702c00000| 99%| O|  |TS  0|AC  0|TAMS 0x0000000702b00000, 0x0000000702b00000|
|  44|0x0000000702c00000, 0x0000000702d00000, 0x0000000702d00000|100%| O|  |TS  0|AC  0|TAMS 0x0000000702c00000, 0x0000000702c00000|
|  45|0x0000000702d00000, 0x0000000702dffff0, 0x0000000702e00000| 99%| O|  |TS  0|AC  0|TAMS 0x0000000702d00000, 0x0000000702d00000|
|  46|0x0000000702e00000, 0x0000000702effff8, 0x0000000702f00000| 99%| O|  |TS  0|AC  0|TAMS 0x0000000702e00000, 0x0000000702e00000|
|  47|0x0000000702f00000, 0x0000000702ffffe8, 0x0000000703000000| 99%| O|  |TS  0|AC  0|TAMS 0x0000000702f00000, 0x0000000702f00000|
|  48|0x0000000703000000, 0x0000000703100000, 0x0000000703100000|100%| O|  |TS  0|AC  0|TAMS 0x0000000703000000, 0x0000000703000000|
|  49|0x0000000703100000, 0x00000007031ffff8, 0x0000000703200000| 99%| O|  |TS  0|AC  0|TAMS 0x0000000703100000, 0x0000000703100000|
|  50|0x0000000703200000, 0x00000007032fffe8, 0x0000000703300000| 99%| O|  |TS  0|AC  0|TAMS 0x0000000703200000, 0x0000000703200000|
|  51|0x0000000703300000, 0x00000007033ffff0, 0x0000000703400000| 99%| O|  |TS  0|AC  0|TAMS 0x0000000703300000, 0x0000000703300000|
|  52|0x0000000703400000, 0x0000000703500000, 0x0000000703500000|100%| O|  |TS  0|AC  0|TAMS 0x0000000703400000, 0x0000000703400000|
|  53|0x0000000703500000, 0x0000000703600000, 0x0000000703600000|100%| O|  |TS  0|AC  0|TAMS 0x0000000703500000, 0x0000000703500000|
|  54|0x0000000703600000, 0x00000007036ffff8, 0x0000000703700000| 99%| O|  |TS  0|AC  0|TAMS 0x0000000703600000, 0x0000000703600000|
|  55|0x0000000703700000, 0x00000007037ffff8, 0x0000000703800000| 99%| O|  |TS  0|AC  0|TAMS 0x0000000703700000, 0x0000000703700000|
|  56|0x0000000703800000, 0x00000007038fffe8, 0x0000000703900000| 99%| O|  |TS  0|AC  0|TAMS 0x0000000703800000, 0x0000000703800000|
|  57|0x0000000703900000, 0x00000007039ffff8, 0x0000000703a00000| 99%| O|  |TS  0|AC  0|TAMS 0x0000000703900000, 0x0000000703900000|
|  58|0x0000000703a00000, 0x0000000703affa78, 0x0000000703b00000| 99%| O|  |TS  0|AC  0|TAMS 0x0000000703a00000, 0x0000000703a00000|
|  59|0x0000000703b00000, 0x0000000703bffff8, 0x0000000703c00000| 99%| O|  |TS  0|AC  0|TAMS 0x0000000703b00000, 0x0000000703b00000|
|  60|0x0000000703c00000, 0x0000000703d00000, 0x0000000703d00000|100%| O|  |TS  0|AC  0|TAMS 0x0000000703c00000, 0x0000000703c00000|
|  61|0x0000000703d00000, 0x0000000703dffff0, 0x0000000703e00000| 99%| O|  |TS  0|AC  0|TAMS 0x0000000703d00000, 0x0000000703d00000|
|  62|0x0000000703e00000, 0x0000000703effff8, 0x0000000703f00000| 99%| O|  |TS  0|AC  0|TAMS 0x0000000703e00000, 0x0000000703e00000|
|  63|0x0000000703f00000, 0x0000000703fffea0, 0x0000000704000000| 99%| O|  |TS  0|AC  0|TAMS 0x0000000703f00000, 0x0000000703f00000|
|  64|0x0000000704000000, 0x00000007040fffb8, 0x0000000704100000| 99%| O|  |TS  0|AC  0|TAMS 0x0000000704000000, 0x0000000704000000|
|  65|0x0000000704100000, 0x00000007041fffe8, 0x0000000704200000| 99%| O|  |TS  0|AC  0|TAMS 0x0000000704100000, 0x0000000704100000|
|  66|0x0000000704200000, 0x00000007042f9cb0, 0x0000000704300000| 97%| O|  |TS  0|AC  0|TAMS 0x0000000704200000, 0x0000000704200000|
|  67|0x0000000704300000, 0x00000007043ffff0, 0x0000000704400000| 99%| O|  |TS  0|AC  0|TAMS 0x0000000704300000, 0x0000000704300000|
|  68|0x0000000704400000, 0x000000070447cab8, 0x0000000704500000| 48%| O|  |TS  0|AC  0|TAMS 0x0000000704400000, 0x0000000704400000|
|  69|0x0000000704500000, 0x0000000704600000, 0x0000000704600000|100%|HS|  |TS  0|AC  0|TAMS 0x0000000704500000, 0x0000000704500000|
|  70|0x0000000704600000, 0x0000000704700000, 0x0000000704700000|100%|HC|  |TS  0|AC  0|TAMS 0x0000000704600000, 0x0000000704600000|
|  71|0x0000000704700000, 0x0000000704700000, 0x0000000704800000|  0%| F|  |TS  0|AC  0|TAMS 0x0000000704700000, 0x0000000704700000|
|  72|0x0000000704800000, 0x0000000704800000, 0x0000000704900000|  0%| F|  |TS  0|AC  0|TAMS 0x0000000704800000, 0x0000000704800000|
|  73|0x0000000704900000, 0x0000000704900000, 0x0000000704a00000|  0%| F|  |TS  0|AC  0|TAMS 0x0000000704900000, 0x0000000704900000|
|  74|0x0000000704a00000, 0x0000000704a00000, 0x0000000704b00000|  0%| F|  |TS  0|AC  0|TAMS 0x0000000704a00000, 0x0000000704a00000|
|  75|0x0000000704b00000, 0x0000000704b00000, 0x0000000704c00000|  0%| F|  |TS  0|AC  0|TAMS 0x0000000704b00000, 0x0000000704b00000|
|  76|0x0000000704c00000, 0x0000000704c00000, 0x0000000704d00000|  0%| F|  |TS  0|AC  0|TAMS 0x0000000704c00000, 0x0000000704c00000|
|  77|0x0000000704d00000, 0x0000000704d00000, 0x0000000704e00000|  0%| F|  |TS  0|AC  0|TAMS 0x0000000704d00000, 0x0000000704d00000|
|  78|0x0000000704e00000, 0x0000000704e00000, 0x0000000704f00000|  0%| F|  |TS  0|AC  0|TAMS 0x0000000704e00000, 0x0000000704e00000|
|  79|0x0000000704f00000, 0x0000000704f00000, 0x0000000705000000|  0%| F|  |TS  0|AC  0|TAMS 0x0000000704f00000, 0x0000000704f00000|
|  80|0x0000000705000000, 0x0000000705000000, 0x0000000705100000|  0%| F|  |TS  0|AC  0|TAMS 0x0000000705000000, 0x0000000705000000|
|  81|0x0000000705100000, 0x0000000705100000, 0x0000000705200000|  0%| F|  |TS  0|AC  0|TAMS 0x0000000705100000, 0x0000000705100000|
|  82|0x0000000705200000, 0x0000000705200000, 0x0000000705300000|  0%| F|  |TS  0|AC  0|TAMS 0x0000000705200000, 0x0000000705200000|
|  83|0x0000000705300000, 0x0000000705300000, 0x0000000705400000|  0%| F|  |TS  0|AC  0|TAMS 0x0000000705300000, 0x0000000705300000|
|  84|0x0000000705400000, 0x0000000705400000, 0x0000000705500000|  0%| F|  |TS  0|AC  0|TAMS 0x0000000705400000, 0x0000000705400000|
|  85|0x0000000705500000, 0x0000000705500000, 0x0000000705600000|  0%| F|  |TS  0|AC  0|TAMS 0x0000000705500000, 0x0000000705500000|
|  86|0x0000000705600000, 0x0000000705600000, 0x0000000705700000|  0%| F|  |TS  0|AC  0|TAMS 0x0000000705600000, 0x0000000705600000|
|  87|0x0000000705700000, 0x0000000705700000, 0x0000000705800000|  0%| F|  |TS  0|AC  0|TAMS 0x0000000705700000, 0x0000000705700000|
|  88|0x0000000705800000, 0x0000000705800000, 0x0000000705900000|  0%| F|  |TS  0|AC  0|TAMS 0x0000000705800000, 0x0000000705800000|
|  89|0x0000000705900000, 0x0000000705a00000, 0x0000000705a00000|100%|HS|  |TS  0|AC  0|TAMS 0x0000000705900000, 0x0000000705900000|
|  90|0x0000000705a00000, 0x0000000705b00000, 0x0000000705b00000|100%|HC|  |TS  0|AC  0|TAMS 0x0000000705a00000, 0x0000000705a00000|
|  91|0x0000000705b00000, 0x0000000705c00000, 0x0000000705c00000|100%|HC|  |TS  0|AC  0|TAMS 0x0000000705b00000, 0x0000000705b00000|
|  92|0x0000000705c00000, 0x0000000705d00000, 0x0000000705d00000|100%|HC|  |TS  0|AC  0|TAMS 0x0000000705c00000, 0x0000000705c00000|
|  93|0x0000000705d00000, 0x0000000705e00000, 0x0000000705e00000|100%|HC|  |TS  0|AC  0|TAMS 0x0000000705d00000, 0x0000000705d00000|
|  94|0x0000000705e00000, 0x0000000705f00000, 0x0000000705f00000|100%|HC|  |TS  0|AC  0|TAMS 0x0000000705e00000, 0x0000000705e00000|
|  95|0x0000000705f00000, 0x0000000706000000, 0x0000000706000000|100%|HC|  |TS  0|AC  0|TAMS 0x0000000705f00000, 0x0000000705f00000|
|  96|0x0000000706000000, 0x0000000706100000, 0x0000000706100000|100%|HC|  |TS  0|AC  0|TAMS 0x0000000706000000, 0x0000000706000000|
|  97|0x0000000706100000, 0x0000000706100000, 0x0000000706200000|  0%| F|  |TS  0|AC  0|TAMS 0x0000000706100000, 0x0000000706100000|
|  98|0x0000000706200000, 0x0000000706200000, 0x0000000706300000|  0%| F|  |TS  0|AC  0|TAMS 0x0000000706200000, 0x0000000706200000|
|  99|0x0000000706300000, 0x0000000706300000, 0x0000000706400000|  0%| F|  |TS  0|AC  0|TAMS 0x0000000706300000, 0x0000000706300000|
| 100|0x0000000706400000, 0x0000000706400000, 0x0000000706500000|  0%| F|  |TS  0|AC  0|TAMS 0x0000000706400000, 0x0000000706400000|
| 101|0x0000000706500000, 0x0000000706500000, 0x0000000706600000|  0%| F|  |TS  0|AC  0|TAMS 0x0000000706500000, 0x0000000706500000|
| 102|0x0000000706600000, 0x0000000706600000, 0x0000000706700000|  0%| F|  |TS  0|AC  0|TAMS 0x0000000706600000, 0x0000000706600000|
| 103|0x0000000706700000, 0x0000000706700000, 0x0000000706800000|  0%| F|  |TS  0|AC  0|TAMS 0x0000000706700000, 0x0000000706700000|
| 104|0x0000000706800000, 0x0000000706800000, 0x0000000706900000|  0%| F|  |TS  0|AC  0|TAMS 0x0000000706800000, 0x0000000706800000|
| 105|0x0000000706900000, 0x0000000706900000, 0x0000000706a00000|  0%| F|  |TS  0|AC  0|TAMS 0x0000000706900000, 0x0000000706900000|
| 106|0x0000000706a00000, 0x0000000706a00000, 0x0000000706b00000|  0%| F|  |TS  0|AC  0|TAMS 0x0000000706a00000, 0x0000000706a00000|
| 107|0x0000000706b00000, 0x0000000706b00000, 0x0000000706c00000|  0%| F|  |TS  0|AC  0|TAMS 0x0000000706b00000, 0x0000000706b00000|
| 108|0x0000000706c00000, 0x0000000706c00000, 0x0000000706d00000|  0%| F|  |TS  0|AC  0|TAMS 0x0000000706c00000, 0x0000000706c00000|
| 109|0x0000000706d00000, 0x0000000706d00000, 0x0000000706e00000|  0%| F|  |TS  0|AC  0|TAMS 0x0000000706d00000, 0x0000000706d00000|
| 110|0x0000000706e00000, 0x0000000706e00000, 0x0000000706f00000|  0%| F|  |TS  0|AC  0|TAMS 0x0000000706e00000, 0x0000000706e00000|
| 111|0x0000000706f00000, 0x0000000706f00000, 0x0000000707000000|  0%| F|  |TS  0|AC  0|TAMS 0x0000000706f00000, 0x0000000706f00000|
| 112|0x0000000707000000, 0x0000000707000000, 0x0000000707100000|  0%| F|  |TS  0|AC  0|TAMS 0x0000000707000000, 0x0000000707000000|
| 113|0x0000000707100000, 0x0000000707100000, 0x0000000707200000|  0%| F|  |TS  0|AC  0|TAMS 0x0000000707100000, 0x0000000707100000|
| 114|0x0000000707200000, 0x0000000707200000, 0x0000000707300000|  0%| F|  |TS  0|AC  0|TAMS 0x0000000707200000, 0x0000000707200000|
| 115|0x0000000707300000, 0x0000000707300000, 0x0000000707400000|  0%| F|  |TS  0|AC  0|TAMS 0x0000000707300000, 0x0000000707300000|
| 116|0x0000000707400000, 0x0000000707400000, 0x0000000707500000|  0%| F|  |TS  0|AC  0|TAMS 0x0000000707400000, 0x0000000707400000|
| 117|0x0000000707500000, 0x0000000707500000, 0x0000000707600000|  0%| F|  |TS  0|AC  0|TAMS 0x0000000707500000, 0x0000000707500000|
| 118|0x0000000707600000, 0x0000000707600000, 0x0000000707700000|  0%| F|  |TS  0|AC  0|TAMS 0x0000000707600000, 0x0000000707600000|
| 119|0x0000000707700000, 0x0000000707700000, 0x0000000707800000|  0%| F|  |TS  0|AC  0|TAMS 0x0000000707700000, 0x0000000707700000|
| 120|0x0000000707800000, 0x0000000707800000, 0x0000000707900000|  0%| F|  |TS  0|AC  0|TAMS 0x0000000707800000, 0x0000000707800000|
| 121|0x0000000707900000, 0x0000000707900000, 0x0000000707a00000|  0%| F|  |TS  0|AC  0|TAMS 0x0000000707900000, 0x0000000707900000|
| 122|0x0000000707a00000, 0x0000000707a00000, 0x0000000707b00000|  0%| F|  |TS  0|AC  0|TAMS 0x0000000707a00000, 0x0000000707a00000|
| 123|0x0000000707b00000, 0x0000000707b00000, 0x0000000707c00000|  0%| F|  |TS  0|AC  0|TAMS 0x0000000707b00000, 0x0000000707b00000|
| 124|0x0000000707c00000, 0x0000000707c00000, 0x0000000707d00000|  0%| F|  |TS  0|AC  0|TAMS 0x0000000707c00000, 0x0000000707c00000|
| 125|0x0000000707d00000, 0x0000000707d00000, 0x0000000707e00000|  0%| F|  |TS  0|AC  0|TAMS 0x0000000707d00000, 0x0000000707d00000|
| 126|0x0000000707e00000, 0x0000000707e00000, 0x0000000707f00000|  0%| F|  |TS  0|AC  0|TAMS 0x0000000707e00000, 0x0000000707e00000|
| 127|0x0000000707f00000, 0x0000000707f00000, 0x0000000708000000|  0%| F|  |TS  0|AC  0|TAMS 0x0000000707f00000, 0x0000000707f00000|
| 128|0x0000000708000000, 0x0000000708000000, 0x0000000708100000|  0%| F|  |TS  0|AC  0|TAMS 0x0000000708000000, 0x0000000708000000|
| 129|0x0000000708100000, 0x0000000708100000, 0x0000000708200000|  0%| F|  |TS  0|AC  0|TAMS 0x0000000708100000, 0x0000000708100000|
| 130|0x0000000708200000, 0x0000000708200000, 0x0000000708300000|  0%| F|  |TS  0|AC  0|TAMS 0x0000000708200000, 0x0000000708200000|
| 131|0x0000000708300000, 0x0000000708300000, 0x0000000708400000|  0%| F|  |TS  0|AC  0|TAMS 0x0000000708300000, 0x0000000708300000|
| 132|0x0000000708400000, 0x0000000708400000, 0x0000000708500000|  0%| F|  |TS  0|AC  0|TAMS 0x0000000708400000, 0x0000000708400000|
| 133|0x0000000708500000, 0x0000000708500000, 0x0000000708600000|  0%| F|  |TS  0|AC  0|TAMS 0x0000000708500000, 0x0000000708500000|
| 134|0x0000000708600000, 0x0000000708600000, 0x0000000708700000|  0%| F|  |TS  0|AC  0|TAMS 0x0000000708600000, 0x0000000708600000|
| 135|0x0000000708700000, 0x0000000708700000, 0x0000000708800000|  0%| F|  |TS  0|AC  0|TAMS 0x0000000708700000, 0x0000000708700000|
| 136|0x0000000708800000, 0x0000000708800000, 0x0000000708900000|  0%| F|  |TS  0|AC  0|TAMS 0x0000000708800000, 0x0000000708800000|
| 137|0x0000000708900000, 0x0000000708900000, 0x0000000708a00000|  0%| F|  |TS  0|AC  0|TAMS 0x0000000708900000, 0x0000000708900000|
| 138|0x0000000708a00000, 0x0000000708a00000, 0x0000000708b00000|  0%| F|  |TS  0|AC  0|TAMS 0x0000000708a00000, 0x0000000708a00000|
| 139|0x0000000708b00000, 0x0000000708b00000, 0x0000000708c00000|  0%| F|  |TS  0|AC  0|TAMS 0x0000000708b00000, 0x0000000708b00000|
| 140|0x0000000708c00000, 0x0000000708c00000, 0x0000000708d00000|  0%| F|  |TS  0|AC  0|TAMS 0x0000000708c00000, 0x0000000708c00000|
| 141|0x0000000708d00000, 0x0000000708d00000, 0x0000000708e00000|  0%| F|  |TS  0|AC  0|TAMS 0x0000000708d00000, 0x0000000708d00000|
| 142|0x0000000708e00000, 0x0000000708e00000, 0x0000000708f00000|  0%| F|  |TS  0|AC  0|TAMS 0x0000000708e00000, 0x0000000708e00000|
| 143|0x0000000708f00000, 0x0000000708f00000, 0x0000000709000000|  0%| F|  |TS  0|AC  0|TAMS 0x0000000708f00000, 0x0000000708f00000|
| 144|0x0000000709000000, 0x0000000709000000, 0x0000000709100000|  0%| F|  |TS  0|AC  0|TAMS 0x0000000709000000, 0x0000000709000000|
| 145|0x0000000709100000, 0x0000000709100000, 0x0000000709200000|  0%| F|  |TS  0|AC  0|TAMS 0x0000000709100000, 0x0000000709100000|
| 146|0x0000000709200000, 0x0000000709200000, 0x0000000709300000|  0%| F|  |TS  0|AC  0|TAMS 0x0000000709200000, 0x0000000709200000|
| 147|0x0000000709300000, 0x0000000709300000, 0x0000000709400000|  0%| F|  |TS  0|AC  0|TAMS 0x0000000709300000, 0x0000000709300000|
| 148|0x0000000709400000, 0x0000000709400000, 0x0000000709500000|  0%| F|  |TS  0|AC  0|TAMS 0x0000000709400000, 0x0000000709400000|
| 149|0x0000000709500000, 0x0000000709500000, 0x0000000709600000|  0%| F|  |TS  0|AC  0|TAMS 0x0000000709500000, 0x0000000709500000|
| 150|0x0000000709600000, 0x0000000709600000, 0x0000000709700000|  0%| F|  |TS  0|AC  0|TAMS 0x0000000709600000, 0x0000000709600000|
| 151|0x0000000709700000, 0x0000000709700000, 0x0000000709800000|  0%| F|  |TS  0|AC  0|TAMS 0x0000000709700000, 0x0000000709700000|
| 152|0x0000000709800000, 0x0000000709800000, 0x0000000709900000|  0%| F|  |TS  0|AC  0|TAMS 0x0000000709800000, 0x0000000709800000|
| 153|0x0000000709900000, 0x0000000709900000, 0x0000000709a00000|  0%| F|  |TS  0|AC  0|TAMS 0x0000000709900000, 0x0000000709900000|
| 154|0x0000000709a00000, 0x0000000709a00000, 0x0000000709b00000|  0%| F|  |TS  0|AC  0|TAMS 0x0000000709a00000, 0x0000000709a00000|
| 155|0x0000000709b00000, 0x0000000709b00000, 0x0000000709c00000|  0%| F|  |TS  0|AC  0|TAMS 0x0000000709b00000, 0x0000000709b00000|
| 156|0x0000000709c00000, 0x0000000709c00000, 0x0000000709d00000|  0%| F|  |TS  0|AC  0|TAMS 0x0000000709c00000, 0x0000000709c00000|
| 157|0x0000000709d00000, 0x0000000709d00000, 0x0000000709e00000|  0%| F|  |TS  0|AC  0|TAMS 0x0000000709d00000, 0x0000000709d00000|
| 158|0x0000000709e00000, 0x0000000709e00000, 0x0000000709f00000|  0%| F|  |TS  0|AC  0|TAMS 0x0000000709e00000, 0x0000000709e00000|
| 159|0x0000000709f00000, 0x0000000709f00000, 0x000000070a000000|  0%| F|  |TS  0|AC  0|TAMS 0x0000000709f00000, 0x0000000709f00000|
| 160|0x000000070a000000, 0x000000070a000000, 0x000000070a100000|  0%| F|  |TS  0|AC  0|TAMS 0x000000070a000000, 0x000000070a000000|
| 161|0x000000070a100000, 0x000000070a100000, 0x000000070a200000|  0%| F|  |TS  0|AC  0|TAMS 0x000000070a100000, 0x000000070a100000|
| 162|0x000000070a200000, 0x000000070a200000, 0x000000070a300000|  0%| F|  |TS  0|AC  0|TAMS 0x000000070a200000, 0x000000070a200000|
| 163|0x000000070a300000, 0x000000070a300000, 0x000000070a400000|  0%| F|  |TS  0|AC  0|TAMS 0x000000070a300000, 0x000000070a300000|
| 164|0x000000070a400000, 0x000000070a400000, 0x000000070a500000|  0%| F|  |TS  0|AC  0|TAMS 0x000000070a400000, 0x000000070a400000|
| 165|0x000000070a500000, 0x000000070a500000, 0x000000070a600000|  0%| F|  |TS  0|AC  0|TAMS 0x000000070a500000, 0x000000070a500000|
| 166|0x000000070a600000, 0x000000070a600000, 0x000000070a700000|  0%| F|  |TS  0|AC  0|TAMS 0x000000070a600000, 0x000000070a600000|
| 167|0x000000070a700000, 0x000000070a700000, 0x000000070a800000|  0%| F|  |TS  0|AC  0|TAMS 0x000000070a700000, 0x000000070a700000|
| 168|0x000000070a800000, 0x000000070a8fafd0, 0x000000070a900000| 98%| E|  |TS  0|AC  0|TAMS 0x000000070a800000, 0x000000070a800000|
| 169|0x000000070a900000, 0x000000070aa00000, 0x000000070aa00000|100%| E|CS|TS  0|AC  0|TAMS 0x000000070a900000, 0x000000070a900000|
| 170|0x000000070aa00000, 0x000000070ab00000, 0x000000070ab00000|100%| E|CS|TS  0|AC  0|TAMS 0x000000070aa00000, 0x000000070aa00000|
| 171|0x000000070ab00000, 0x000000070ac00000, 0x000000070ac00000|100%| E|CS|TS  0|AC  0|TAMS 0x000000070ab00000, 0x000000070ab00000|
| 172|0x000000070ac00000, 0x000000070ad00000, 0x000000070ad00000|100%| E|CS|TS  0|AC  0|TAMS 0x000000070ac00000, 0x000000070ac00000|
| 173|0x000000070ad00000, 0x000000070ae00000, 0x000000070ae00000|100%| E|CS|TS  0|AC  0|TAMS 0x000000070ad00000, 0x000000070ad00000|
| 174|0x000000070ae00000, 0x000000070af00000, 0x000000070af00000|100%| E|CS|TS  0|AC  0|TAMS 0x000000070ae00000, 0x000000070ae00000|
| 175|0x000000070af00000, 0x000000070b000000, 0x000000070b000000|100%| E|CS|TS  0|AC  0|TAMS 0x000000070af00000, 0x000000070af00000|
| 176|0x000000070b000000, 0x000000070b100000, 0x000000070b100000|100%| E|CS|TS  0|AC  0|TAMS 0x000000070b000000, 0x000000070b000000|
| 177|0x000000070b100000, 0x000000070b200000, 0x000000070b200000|100%| E|CS|TS  0|AC  0|TAMS 0x000000070b100000, 0x000000070b100000|
| 178|0x000000070b200000, 0x000000070b300000, 0x000000070b300000|100%| E|CS|TS  0|AC  0|TAMS 0x000000070b200000, 0x000000070b200000|
| 179|0x000000070b300000, 0x000000070b400000, 0x000000070b400000|100%| E|CS|TS  0|AC  0|TAMS 0x000000070b300000, 0x000000070b300000|
| 180|0x000000070b400000, 0x000000070b500000, 0x000000070b500000|100%| E|CS|TS  0|AC  0|TAMS 0x000000070b400000, 0x000000070b400000|
| 181|0x000000070b500000, 0x000000070b600000, 0x000000070b600000|100%| E|CS|TS  0|AC  0|TAMS 0x000000070b500000, 0x000000070b500000|
| 182|0x000000070b600000, 0x000000070b700000, 0x000000070b700000|100%| E|CS|TS  0|AC  0|TAMS 0x000000070b600000, 0x000000070b600000|
| 183|0x000000070b700000, 0x000000070b800000, 0x000000070b800000|100%| E|CS|TS  0|AC  0|TAMS 0x000000070b700000, 0x000000070b700000|
| 184|0x000000070b800000, 0x000000070b900000, 0x000000070b900000|100%| E|CS|TS  0|AC  0|TAMS 0x000000070b800000, 0x000000070b800000|
| 185|0x000000070b900000, 0x000000070ba00000, 0x000000070ba00000|100%| E|CS|TS  0|AC  0|TAMS 0x000000070b900000, 0x000000070b900000|
| 186|0x000000070ba00000, 0x000000070bb00000, 0x000000070bb00000|100%| E|CS|TS  0|AC  0|TAMS 0x000000070ba00000, 0x000000070ba00000|
| 187|0x000000070bb00000, 0x000000070bc00000, 0x000000070bc00000|100%| E|CS|TS  0|AC  0|TAMS 0x000000070bb00000, 0x000000070bb00000|

Card table byte_map: [0x0000022c30650000,0x0000022c30c50000] byte_map_base: 0x0000022c2ce50000

Marking Bits (Prev, Next): (CMBitMap*) 0x0000022c2ac899a8, (CMBitMap*) 0x0000022c2ac89970
 Prev Bits: [0x0000022c4ae60000, 0x0000022c4de60000)
 Next Bits: [0x0000022c31250000, 0x0000022c34250000)

Polling page: 0x0000022c26280000

CodeHeap 'non-profiled nmethods': size=120000Kb used=23739Kb max_used=23739Kb free=96260Kb
 bounds [0x0000022c43930000, 0x0000022c45070000, 0x0000022c4ae60000]
CodeHeap 'profiled nmethods': size=120000Kb used=39690Kb max_used=44842Kb free=80309Kb
 bounds [0x0000022c3c400000, 0x0000022c3f030000, 0x0000022c43930000]
CodeHeap 'non-nmethods': size=5760Kb used=1803Kb max_used=1865Kb free=3956Kb
 bounds [0x0000022c3be60000, 0x0000022c3c0d0000, 0x0000022c3c400000]
 total_blobs=35321 nmethods=17519 adapters=1145
 compilation: enabled

Compilation events (10 events):
Event: 351622.758 Thread 0x0000022c351c5000 23878       4       com.jidesoft.swing.Searchable::setCursor (47 bytes)
Event: 351622.762 Thread 0x0000022c351c5000 nmethod 23878 0x0000022c4451b710 code [0x0000022c4451b8c0, 0x0000022c4451bce8]
Event: 351625.046 Thread 0x0000022c351c6800 23879       4       javax.swing.JComponent::processKeyEvent (62 bytes)
Event: 351625.081 Thread 0x0000022c351c6800 nmethod 23879 0x0000022c4480db10 code [0x0000022c4480dde0, 0x0000022c4480ef30]
Event: 351631.232 Thread 0x0000022c351c4800 23880       4       javax.swing.text.PlainView::drawElement (400 bytes)
Event: 351631.248 Thread 0x0000022c351c4800 nmethod 23880 0x0000022c45062d90 code [0x0000022c45063080, 0x0000022c45064af0]
Event: 351633.562 Thread 0x0000022c351c7000 23881       3       ui.views.x.b.e::ao (222 bytes)
Event: 351633.567 Thread 0x0000022c351c7000 nmethod 23881 0x0000022c3d860010 code [0x0000022c3d860be0, 0x0000022c3d869e10]
Event: 351633.567 Thread 0x0000022c351c7000 23882       3       ui.views.x.b.e::gka (386 bytes)
Event: 351633.580 Thread 0x0000022c351c7000 nmethod 23882 0x0000022c3efff810 code [0x0000022c3f001460, 0x0000022c3f018bd0]

GC Heap History (10 events):
Event: 351579.492 GC heap before
{Heap before GC invocations=1098 (full 61):
 garbage-first heap   total 192512K, used 142044K [0x0000000700000000, 0x00000007001005e0, 0x00000007c0000000)
  region size 1024K, 60 young (61440K), 1 survivors (1024K)
 Metaspace       used 84878K, capacity 86557K, committed 93608K, reserved 1130496K
  class space    used 11689K, capacity 12077K, committed 13512K, reserved 1048576K
}
Event: 351579.494 GC heap after
{Heap after GC invocations=1099 (full 61):
 garbage-first heap   total 192512K, used 81593K [0x0000000700000000, 0x00000007001005e0, 0x00000007c0000000)
  region size 1024K, 1 young (1024K), 1 survivors (1024K)
 Metaspace       used 84878K, capacity 86557K, committed 93608K, reserved 1130496K
  class space    used 11689K, capacity 12077K, committed 13512K, reserved 1048576K
}
Event: 351589.495 GC heap before
{Heap before GC invocations=1099 (full 61):
 garbage-first heap   total 192512K, used 142009K [0x0000000700000000, 0x00000007001005e0, 0x00000007c0000000)
  region size 1024K, 60 young (61440K), 1 survivors (1024K)
 Metaspace       used 84883K, capacity 86557K, committed 93608K, reserved 1130496K
  class space    used 11689K, capacity 12077K, committed 13512K, reserved 1048576K
}
Event: 351589.496 GC heap after
{Heap after GC invocations=1100 (full 61):
 garbage-first heap   total 192512K, used 81754K [0x0000000700000000, 0x00000007001005e0, 0x00000007c0000000)
  region size 1024K, 1 young (1024K), 1 survivors (1024K)
 Metaspace       used 84883K, capacity 86557K, committed 93608K, reserved 1130496K
  class space    used 11689K, capacity 12077K, committed 13512K, reserved 1048576K
}
Event: 351606.530 GC heap before
{Heap before GC invocations=1100 (full 61):
 garbage-first heap   total 192512K, used 142170K [0x0000000700000000, 0x00000007001005e0, 0x00000007c0000000)
  region size 1024K, 60 young (61440K), 1 survivors (1024K)
 Metaspace       used 84883K, capacity 86557K, committed 93608K, reserved 1130496K
  class space    used 11689K, capacity 12077K, committed 13512K, reserved 1048576K
}
Event: 351606.532 GC heap after
{Heap after GC invocations=1101 (full 61):
 garbage-first heap   total 192512K, used 81779K [0x0000000700000000, 0x00000007001005e0, 0x00000007c0000000)
  region size 1024K, 1 young (1024K), 1 survivors (1024K)
 Metaspace       used 84883K, capacity 86557K, committed 93608K, reserved 1130496K
  class space    used 11689K, capacity 12077K, committed 13512K, reserved 1048576K
}
Event: 351624.547 GC heap before
{Heap before GC invocations=1101 (full 61):
 garbage-first heap   total 192512K, used 142195K [0x0000000700000000, 0x00000007001005e0, 0x00000007c0000000)
  region size 1024K, 60 young (61440K), 1 survivors (1024K)
 Metaspace       used 84883K, capacity 86557K, committed 93608K, reserved 1130496K
  class space    used 11689K, capacity 12077K, committed 13512K, reserved 1048576K
}
Event: 351624.549 GC heap after
{Heap after GC invocations=1102 (full 61):
 garbage-first heap   total 192512K, used 81822K [0x0000000700000000, 0x00000007001005e0, 0x00000007c0000000)
  region size 1024K, 2 young (2048K), 2 survivors (2048K)
 Metaspace       used 84883K, capacity 86557K, committed 93608K, reserved 1130496K
  class space    used 11689K, capacity 12077K, committed 13512K, reserved 1048576K
}
Event: 351638.962 GC heap before
{Heap before GC invocations=1102 (full 61):
 garbage-first heap   total 192512K, used 129950K [0x0000000700000000, 0x00000007001005e0, 0x00000007c0000000)
  region size 1024K, 50 young (51200K), 2 survivors (2048K)
 Metaspace       used 84897K, capacity 86561K, committed 93608K, reserved 1130496K
  class space    used 11689K, capacity 12077K, committed 13512K, reserved 1048576K
}
Event: 351639.165 GC heap after
{Heap after GC invocations=1103 (full 62):
 garbage-first heap   total 192512K, used 79557K [0x0000000700000000, 0x00000007001005e0, 0x00000007c0000000)
  region size 1024K, 0 young (0K), 0 survivors (0K)
 Metaspace       used 84822K, capacity 86375K, committed 93608K, reserved 1130496K
  class space    used 11666K, capacity 12034K, committed 13512K, reserved 1048576K
}

Deoptimization events (10 events):
Event: 350183.823 Thread 0x0000022c54d29800 Uncommon trap: reason=unstable_if action=reinterpret pc=0x0000022c4402eb24 method=java.util.concurrent.locks.ReentrantLock$Sync.nonfairTryAcquire(I)Z @ 19 c2
Event: 350451.955 Thread 0x0000022c54d23000 Uncommon trap: reason=unstable_if action=reinterpret pc=0x0000022c43fa0ff4 method=com.jidesoft.editor.SyntaxDocument.a(Ljava/lang/String;Ljava/lang/StringBuffer;Ljava/lang/String;[I)I @ 113 c2
Event: 350451.955 Thread 0x0000022c54d23000 Uncommon trap: reason=unstable_if action=reinterpret pc=0x0000022c4451c178 method=com.jidesoft.editor.SyntaxDocument.a(Ljava/lang/String;Ljava/lang/StringBuffer;Ljava/lang/String;[I)I @ 202 c2
Event: 350742.608 Thread 0x0000022c51b87000 Uncommon trap: reason=unstable_if action=reinterpret pc=0x0000022c4480edfc method=ui.views.V.a.bk.paintFolding(Ljava/awt/Graphics;Lcom/jidesoft/editor/folding/FoldingSpan;I)V @ 224 c2
Event: 351585.590 Thread 0x0000022c51b87000 Uncommon trap: reason=class_check action=maybe_recompile pc=0x0000022c44eb3638 method=com.jidesoft.editor.folding.DefaultFoldingSpan.setEndOffset(I)V @ 29 c2
Event: 351587.875 Thread 0x0000022c51b87000 Uncommon trap: reason=class_check action=maybe_recompile pc=0x0000022c44eb3638 method=com.jidesoft.editor.folding.DefaultFoldingSpan.setEndOffset(I)V @ 29 c2
Event: 351587.875 Thread 0x0000022c51b87000 Uncommon trap: reason=unstable_if action=reinterpret pc=0x0000022c44f2ed14 method=ui.data.m.c.f.getLineNumber(I)I @ 21 c2
Event: 351588.066 Thread 0x0000022c51b87000 Uncommon trap: reason=class_check action=maybe_recompile pc=0x0000022c44eb3638 method=com.jidesoft.editor.folding.DefaultFoldingSpan.setEndOffset(I)V @ 29 c2
Event: 351588.238 Thread 0x0000022c51b87000 Uncommon trap: reason=class_check action=maybe_recompile pc=0x0000022c44eb3638 method=com.jidesoft.editor.folding.DefaultFoldingSpan.setEndOffset(I)V @ 29 c2
Event: 351617.221 Thread 0x0000022c54d29800 Uncommon trap: reason=unstable_if action=reinterpret pc=0x0000022c44bd5a00 method=com.jidesoft.editor.SyntaxDocument.a(Ljava/lang/String;Ljava/lang/StringBuffer;Ljava/lang/String;[I)I @ 232 c2

Classes redefined (0 events):
No events

Internal exceptions (10 events):
Event: 111311.888 Thread 0x0000022c54d27800 Exception <a 'java/lang/NoSuchMethodError'{0x00000007098e8418}: java.lang.invoke.DelegatingMethodHandle$Holder.reinvoke_L(Ljava/lang/Object;IILjava/lang/Object;JJ)Ljava/lang/Object;> (0x00000007098e8418) thrown at [t:/workspace/hotspot/src/share/vm/interp
Event: 191765.643 Thread 0x0000022c51b87000 Implicit null exception at 0x0000022c439b8b97 to 0x0000022c439b95d9
Event: 191765.649 Thread 0x0000022c51b87000 Implicit null exception at 0x0000022c43b2cfdf to 0x0000022c43b2da39
Event: 343619.289 Thread 0x0000022c51b87000 Implicit null exception at 0x0000022c44ae011c to 0x0000022c44ae1419
Event: 343716.364 Thread 0x0000022c51b87000 Implicit null exception at 0x0000022c447c6256 to 0x0000022c447c6eed
Event: 343717.783 Thread 0x0000022c51b87000 Implicit null exception at 0x0000022c4438c2e3 to 0x0000022c4438cc85
Event: 343717.841 Thread 0x0000022c51b87000 Implicit null exception at 0x0000022c44b84b3a to 0x0000022c44b864c5
Event: 346846.105 Thread 0x0000022c51b87000 Exception <a 'java/lang/NoSuchMethodError'{0x000000070a9ecf08}: java.lang.invoke.DirectMethodHandle$Holder.invokeSpecial(Ljava/lang/Object;Ljava/lang/Object;IILjava/lang/Object;ILjava/lang/Object;I)Ljava/lang/Object;> (0x000000070a9ecf08) thrown at [t:/wo
Event: 346846.106 Thread 0x0000022c51b87000 Exception <a 'java/lang/NoSuchMethodError'{0x000000070a9f08d0}: java.lang.invoke.DelegatingMethodHandle$Holder.reinvoke_L(Ljava/lang/Object;IILjava/lang/Object;ILjava/lang/Object;I)Ljava/lang/Object;> (0x000000070a9f08d0) thrown at [t:/workspace/hotspot/s
Event: 347857.239 Thread 0x0000022c54d25000 Implicit null exception at 0x0000022c449ef43d to 0x0000022c449efa2d

Events (10 events):
Event: 351641.563 Thread 0x0000022c54d23000 Thread added: 0x0000022c54d23000
Event: 351641.565 Thread 0x0000022c54d23000 Thread exited: 0x0000022c54d23000
Event: 351642.508 Thread 0x0000022c54d29800 Thread exited: 0x0000022c54d29800
Event: 351642.564 Thread 0x0000022c54d29800 Thread added: 0x0000022c54d29800
Event: 351642.567 Thread 0x0000022c54d29800 Thread exited: 0x0000022c54d29800
Event: 351643.565 Thread 0x0000022c54d29800 Thread added: 0x0000022c54d29800
Event: 351643.572 Thread 0x0000022c54d29800 Thread exited: 0x0000022c54d29800
Event: 351643.890 Thread 0x0000022c54d23000 Thread added: 0x0000022c54d23000
Event: 351643.892 Thread 0x0000022c54d2c000 Thread added: 0x0000022c54d2c000
Event: 351643.897 Thread 0x0000022c54d23000 Thread exited: 0x0000022c54d23000


Dynamic libraries:
0x00007ff7de320000 - 0x00007ff7de350000 	C:\Xilinx\Vivado\2019.2\bin\unwrapped\win64.o\vivado.exe
0x00007ffe81510000 - 0x00007ffe81708000 	C:\WINDOWS\SYSTEM32\ntdll.dll
0x00007ffe80610000 - 0x00007ffe806cf000 	C:\WINDOWS\System32\KERNEL32.DLL
0x00007ffe7ecd0000 - 0x00007ffe7efa2000 	C:\WINDOWS\System32\KERNELBASE.dll
0x00007ffe7f230000 - 0x00007ffe7f330000 	C:\WINDOWS\System32\ucrtbase.dll
0x00007ffe6a220000 - 0x00007ffe6a2ae000 	C:\WINDOWS\SYSTEM32\MSVCP140.dll
0x00007ffe5cd40000 - 0x00007ffe5cd54000 	C:\Xilinx\Vivado\2019.2\lib\win64.o\libboost_signals.dll
0x00007ffe05680000 - 0x00007ffe065c3000 	C:\Xilinx\Vivado\2019.2\lib\win64.o\librdi_common.dll
0x00007ffe6a2b0000 - 0x00007ffe6a2cb000 	C:\WINDOWS\SYSTEM32\VCRUNTIME140.dll
0x00007ffe68fa0000 - 0x00007ffe68fb6000 	C:\Xilinx\Vivado\2019.2\lib\win64.o\librdi_commonmain.dll
0x00007ffe80ea0000 - 0x00007ffe8103d000 	C:\WINDOWS\System32\USER32.dll
0x00007ffe6a210000 - 0x00007ffe6a21c000 	C:\WINDOWS\SYSTEM32\VCRUNTIME140_1.dll
0x00007ffe7f3d0000 - 0x00007ffe7f3f2000 	C:\WINDOWS\System32\win32u.dll
0x00007ffe7fe00000 - 0x00007ffe7fe2b000 	C:\WINDOWS\System32\GDI32.dll
0x00007ffe7f000000 - 0x00007ffe7f10f000 	C:\WINDOWS\System32\gdi32full.dll
0x00007ffe0e6c0000 - 0x00007ffe0ea2e000 	C:\Xilinx\Vivado\2019.2\lib\win64.o\libCOIN-all.dll
0x00007ffe5c850000 - 0x00007ffe5c864000 	C:\Xilinx\Vivado\2019.2\lib\win64.o\libboost_date_time.dll
0x00007ffe7f330000 - 0x00007ffe7f3cd000 	C:\WINDOWS\System32\msvcp_win.dll
0x00007ffe5a7c0000 - 0x00007ffe5a7e6000 	C:\Xilinx\Vivado\2019.2\lib\win64.o\libboost_filesystem.dll
0x00007ffe7fcb0000 - 0x00007ffe7fd5e000 	C:\WINDOWS\System32\ADVAPI32.dll
0x00007ffe7fd60000 - 0x00007ffe7fdfe000 	C:\WINDOWS\System32\msvcrt.dll
0x00007ffe47d20000 - 0x00007ffe47d9f000 	C:\Xilinx\Vivado\2019.2\lib\win64.o\libboost_program_options.dll
0x00007ffe807a0000 - 0x00007ffe8083c000 	C:\WINDOWS\System32\sechost.dll
0x00007ffe31db0000 - 0x00007ffe31ec4000 	C:\Xilinx\Vivado\2019.2\lib\win64.o\libboost_regex.dll
0x00007ffe80b10000 - 0x00007ffe80c35000 	C:\WINDOWS\System32\RPCRT4.dll
0x00007ffe7f560000 - 0x00007ffe7fca3000 	C:\WINDOWS\System32\SHELL32.dll
0x00007ffe78050000 - 0x00007ffe7805b000 	C:\Xilinx\Vivado\2019.2\lib\win64.o\libboost_system.dll
0x00007ffe7eca0000 - 0x00007ffe7ecc7000 	C:\WINDOWS\System32\bcrypt.dll
0x00007ffe55f20000 - 0x00007ffe55f41000 	C:\Xilinx\Vivado\2019.2\lib\win64.o\libboost_thread.dll
0x00007ffe6d2d0000 - 0x00007ffe6d2df000 	C:\Xilinx\Vivado\2019.2\lib\win64.o\libboost_xilinx.dll
0x00007ffe43a10000 - 0x00007ffe43a92000 	C:\Xilinx\Vivado\2019.2\lib\win64.o\libhdlpsolve.dll
0x00007ffe065d0000 - 0x00007ffe071cc200 	C:\Xilinx\Vivado\2019.2\lib\win64.o\libisl_iostreams.dll
0x00007ffe42150000 - 0x00007ffe421f5000 	C:\Xilinx\Vivado\2019.2\lib\win64.o\libhdxml.dll
0x00007ffe49450000 - 0x00007ffe4947e000 	C:\Xilinx\Vivado\2019.2\lib\win64.o\libisl_sysinfo.dll
0x00007ffe806d0000 - 0x00007ffe8073b000 	C:\WINDOWS\System32\WS2_32.dll
0x00007ffe438e0000 - 0x00007ffe43945000 	C:\Xilinx\Vivado\2019.2\lib\win64.o\liblmx6.0.dll
0x00007ffe78ef0000 - 0x00007ffe78efa000 	C:\Xilinx\Vivado\2019.2\lib\win64.o\librdi_commonversion.dll
0x00007ffe55f00000 - 0x00007ffe55f1a000 	C:\Xilinx\Vivado\2019.2\lib\win64.o\pthreadVC2.dll
0x00007ffe410f0000 - 0x00007ffe41291000 	C:\Xilinx\Vivado\2019.2\lib\win64.o\librdi_commonxillic.dll
0x00007ffe540b0000 - 0x00007ffe540cc000 	C:\Xilinx\Vivado\2019.2\lib\win64.o\librdiconfig.dll
0x00007ffe542f0000 - 0x00007ffe54311000 	C:\Xilinx\Vivado\2019.2\lib\win64.o\librdizlib.dll
0x000000005d780000 - 0x000000005d8ab000 	C:\Xilinx\Vivado\2019.2\lib\win64.o\tcl85t.dll
0x0000000012000000 - 0x0000000012270000 	C:\Xilinx\Vivado\2019.2\lib\win64.o\xerces-c_3_1.dll
0x00007ffe724a0000 - 0x00007ffe724b9000 	C:\WINDOWS\SYSTEM32\NETAPI32.dll
0x00007ffe71f80000 - 0x00007ffe72459000 	C:\WINDOWS\SYSTEM32\WININET.dll
0x00007ffe73980000 - 0x00007ffe73a8c000 	C:\WINDOWS\SYSTEM32\WINHTTP.dll
0x00007ffe70d70000 - 0x00007ffe70f5d000 	C:\WINDOWS\SYSTEM32\urlmon.dll
0x00007ffe1de30000 - 0x00007ffe1de39000 	C:\WINDOWS\SYSTEM32\WSOCK32.dll
0x00007ffe43c70000 - 0x00007ffe43ca1000 	C:\WINDOWS\SYSTEM32\VCOMP140.DLL
0x00007ffe047e0000 - 0x00007ffe05671000 	C:\Xilinx\Vivado\2019.2\lib\win64.o\gurobi65.dll
0x00007ffe767f0000 - 0x00007ffe767fd000 	C:\Xilinx\Vivado\2019.2\lib\win64.o\libboost_chrono.dll
0x00007ffe58c60000 - 0x00007ffe58c7b000 	C:\Xilinx\Vivado\2019.2\lib\win64.o\libboost_iostreams.dll
0x00007ffe555d0000 - 0x00007ffe555f5000 	C:\Xilinx\Vivado\2019.2\lib\win64.o\libisl_iosutils.dll
0x00007ffe709b0000 - 0x00007ffe70c61000 	C:\WINDOWS\SYSTEM32\iertutil.dll
0x00007ffe101b0000 - 0x00007ffe1048b000 	C:\Xilinx\Vivado\2019.2\lib\win64.o\libXil_lmgr11.dll
0x00007ffe70cb0000 - 0x00007ffe70cd8000 	C:\WINDOWS\SYSTEM32\srvcli.dll
0x00007ffe7db30000 - 0x00007ffe7db3c000 	C:\WINDOWS\SYSTEM32\netutils.dll
0x00007ffe81160000 - 0x00007ffe814b4000 	C:\WINDOWS\System32\combase.dll
0x00007ffe804c0000 - 0x00007ffe8059a000 	C:\WINDOWS\System32\COMDLG32.dll
0x00007ffe80a00000 - 0x00007ffe80aad000 	C:\WINDOWS\System32\shcore.dll
0x00007ffe80460000 - 0x00007ffe804b5000 	C:\WINDOWS\System32\SHLWAPI.dll
0x00007ffe802a0000 - 0x00007ffe8036d000 	C:\WINDOWS\System32\OLEAUT32.dll
0x00007ffe5ae00000 - 0x00007ffe5aeb0000 	C:\WINDOWS\WinSxS\amd64_microsoft.windows.common-controls_6595b64144ccf1df_5.82.19041.1110_none_792d1c772443f647\COMCTL32.dll
0x00007ffe808d0000 - 0x00007ffe809fa000 	C:\WINDOWS\System32\ole32.dll
0x00007ffe7f1c0000 - 0x00007ffe7f22a000 	C:\WINDOWS\System32\WINTRUST.dll
0x00007ffe7f400000 - 0x00007ffe7f556000 	C:\WINDOWS\System32\CRYPT32.dll
0x00007ffe76610000 - 0x00007ffe7662d000 	C:\WINDOWS\SYSTEM32\dhcpcsvc.DLL
0x00007ffe80370000 - 0x00007ffe803a2000 	C:\WINDOWS\System32\IMM32.DLL
0x00007ffe7e3d0000 - 0x00007ffe7e3e2000 	C:\WINDOWS\SYSTEM32\MSASN1.dll
0x00007ffe7bce0000 - 0x00007ffe7bcf2000 	C:\WINDOWS\SYSTEM32\kernel.appcore.dll
0x00007ffe042c0000 - 0x00007ffe047d7000 	C:\Xilinx\Vivado\2019.2\lib\win64.o\librdi_commontasks.dll
0x00007ffe75cf0000 - 0x00007ffe75cfa000 	C:\WINDOWS\SYSTEM32\VERSION.dll
0x00007ffe08500000 - 0x00007ffe087e3000 	C:\Xilinx\Vivado\2019.2\lib\win64.o\librdi_sio.dll
0x000000005cd50000 - 0x000000005d775000 	C:\Xilinx\Vivado\2019.2\tps\win64\jre9.0.4\bin\server\jvm.dll
0x00007ffe803d0000 - 0x00007ffe803d8000 	C:\WINDOWS\System32\PSAPI.DLL
0x00007ffe7d9d0000 - 0x00007ffe7da0b000 	C:\WINDOWS\SYSTEM32\IPHLPAPI.DLL
0x00007ffe67cf0000 - 0x00007ffe67d17000 	C:\WINDOWS\SYSTEM32\WINMM.dll
0x00007ffe71d60000 - 0x00007ffe71e4f000 	C:\WINDOWS\SYSTEM32\MSVCR120.dll
0x00007ffe7de50000 - 0x00007ffe7deba000 	C:\WINDOWS\SYSTEM32\MSWSOCK.DLL
0x00007ffe7bee0000 - 0x00007ffe7c672000 	C:\WINDOWS\SYSTEM32\windows.storage.dll
0x00007ffe7df80000 - 0x00007ffe7dfb0000 	C:\WINDOWS\SYSTEM32\Wldp.dll
0x00007ffe01b70000 - 0x00007ffe042b5000 	C:\Xilinx\Vivado\2019.2\lib\win64.o\librdi_tcltasks.dll
0x00007ffe016b0000 - 0x00007ffe01b64000 	C:\Xilinx\Vivado\2019.2\lib\win64.o\librdi_bitstream.dll
0x00007ffe0f780000 - 0x00007ffe0f91d000 	C:\Xilinx\Vivado\2019.2\lib\win64.o\librdi_board.dll
0x00007ffe178f0000 - 0x00007ffe17a42000 	C:\Xilinx\Vivado\2019.2\lib\win64.o\librdi_cd_client.dll
0x00007ffe38b30000 - 0x00007ffe38bab000 	C:\Xilinx\Vivado\2019.2\lib\win64.o\librdi_boarddep.dll
0x00007ffe17b40000 - 0x00007ffe17c2f000 	C:\Xilinx\Vivado\2019.2\lib\win64.o\librdi_chipscope.dll
0x00007ffe014f0000 - 0x00007ffe016b0000 	C:\Xilinx\Vivado\2019.2\lib\win64.o\librdi_chipscopeimpl.dll
0x00007ffdfb410000 - 0x00007ffdfceea000 	C:\Xilinx\Vivado\2019.2\lib\win64.o\librdi_constraints.dll
0x00007ffe011c0000 - 0x00007ffe014e4000 	C:\Xilinx\Vivado\2019.2\lib\win64.o\librdi_containers.dll
0x00007ffdf8b00000 - 0x00007ffdfaaf0000 	C:\Xilinx\Vivado\2019.2\lib\win64.o\librdi_coregen.dll
0x00007ffdf8420000 - 0x00007ffdf8af9000 	C:\Xilinx\Vivado\2019.2\lib\win64.o\librdi_coregenipxact.dll
0x00007ffdfcef0000 - 0x00007ffe011bb000 	C:\Xilinx\Vivado\2019.2\lib\win64.o\librdi_designutils.dll
0x00007ffde2cd0000 - 0x00007ffdf787b000 	C:\Xilinx\Vivado\2019.2\lib\win64.o\librdi_device.dll
0x00007ffdfb0c0000 - 0x00007ffdfb40a000 	C:\Xilinx\Vivado\2019.2\lib\win64.o\librdi_dlyest.dll
0x00007ffdfaaf0000 - 0x00007ffdfb0bd000 	C:\Xilinx\Vivado\2019.2\lib\win64.o\librdi_drc.dll
0x00007ffe1e6d0000 - 0x00007ffe1e794000 	C:\Xilinx\Vivado\2019.2\lib\win64.o\librdi_dsp.dll
0x00007ffdf7aa0000 - 0x00007ffdf7db0000 	C:\Xilinx\Vivado\2019.2\lib\win64.o\librdi_guitools.dll
0x00007ffdf7db0000 - 0x00007ffdf841b000 	C:\Xilinx\Vivado\2019.2\lib\win64.o\librdi_filemgmt.dll
0x00007ffe19ba0000 - 0x00007ffe19c0a000 	C:\Xilinx\Vivado\2019.2\lib\win64.o\librdi_hdf.dll
0x00007ffdf7880000 - 0x00007ffdf7aa0000 	C:\Xilinx\Vivado\2019.2\lib\win64.o\librdi_hip_devdesign.dll
0x00007ffe083b0000 - 0x00007ffe084f8000 	C:\Xilinx\Vivado\2019.2\lib\win64.o\librdi_hip_perf_analysis.dll
0x00007ffde0f20000 - 0x00007ffde268d000 	C:\Xilinx\Vivado\2019.2\lib\win64.o\librdi_implflow.dll
0x00007ffde2690000 - 0x00007ffde2cc1000 	C:\Xilinx\Vivado\2019.2\lib\win64.o\librdi_memdata.dll
0x00007ffe17870000 - 0x00007ffe178e4000 	C:\Xilinx\Vivado\2019.2\lib\win64.o\librdi_memoryarray.dll
0x00007ffdde150000 - 0x00007ffde0f1b000 	C:\Xilinx\Vivado\2019.2\lib\win64.o\librdi_mig.dll
0x00007ffddda60000 - 0x00007ffdde143000 	C:\Xilinx\Vivado\2019.2\lib\win64.o\librdi_netlist.dll
0x00007ffe439c0000 - 0x00007ffe43a0c000 	C:\Xilinx\Vivado\2019.2\lib\win64.o\librdi_pfi.dll
0x00007ffdd99d0000 - 0x00007ffddc297000 	C:\Xilinx\Vivado\2019.2\lib\win64.o\librdi_place.dll
0x00007ffddd740000 - 0x00007ffddda5b000 	C:\Xilinx\Vivado\2019.2\lib\win64.o\librdi_platform.dll
0x00007ffddc970000 - 0x00007ffddcf2a000 	C:\Xilinx\Vivado\2019.2\lib\win64.o\librdi_project.dll
0x00007ffddcf30000 - 0x00007ffddd73b000 	C:\Xilinx\Vivado\2019.2\lib\win64.o\librdi_power.dll
0x00007ffdd9290000 - 0x00007ffdd99c3000 	C:\Xilinx\Vivado\2019.2\lib\win64.o\librdi_psta.dll
0x00007ffddc2a0000 - 0x00007ffddc961000 	C:\Xilinx\Vivado\2019.2\lib\win64.o\librdi_rsb.dll
0x00007ffdd8e60000 - 0x00007ffdd9283000 	C:\Xilinx\Vivado\2019.2\lib\win64.o\librdi_runs.dll
0x00007ffe16f20000 - 0x00007ffe17028000 	C:\Xilinx\Vivado\2019.2\lib\win64.o\librdi_runsbase.dll
0x00007ffdd8be0000 - 0x00007ffdd8e55000 	C:\Xilinx\Vivado\2019.2\lib\win64.o\librdi_simdata.dll
0x00007ffdd7a00000 - 0x00007ffdd888d000 	C:\Xilinx\Vivado\2019.2\lib\win64.o\librdi_timing.dll
0x00007ffdd8890000 - 0x00007ffdd8a30000 	C:\Xilinx\Vivado\2019.2\lib\win64.o\librdi_cd_protocol.dll
0x00007ffdd8a30000 - 0x00007ffdd8bd1000 	C:\Xilinx\Vivado\2019.2\lib\win64.o\librdi_advchipscopeimpl.dll
0x00007ffe432f0000 - 0x00007ffe4333c000 	C:\Xilinx\Vivado\2019.2\lib\win64.o\libboost_serialization.dll
0x00007ffe100d0000 - 0x00007ffe101a7000 	C:\Xilinx\Vivado\2019.2\lib\win64.o\librdi_ipconfig_readwrite.dll
0x00007ffe41d30000 - 0x00007ffe41d7a000 	C:\Xilinx\Vivado\2019.2\lib\win64.o\librdi_noc_frameworks.dll
0x00007ffdd6080000 - 0x00007ffdd6bc7000 	C:\Xilinx\Vivado\2019.2\lib\win64.o\libverific.dll
0x00007ffdd7810000 - 0x00007ffdd79f4000 	C:\Xilinx\Vivado\2019.2\lib\win64.o\librdi_hip_config.dll
0x00007ffdd72c0000 - 0x00007ffdd780e000 	C:\Xilinx\Vivado\2019.2\lib\win64.o\librdi_xdm.dll
0x00007ffe0e620000 - 0x00007ffe0e6be000 	C:\Xilinx\Vivado\2019.2\lib\win64.o\libise.dll
0x00007ffdd6ca0000 - 0x00007ffdd72bb000 	C:\Xilinx\Vivado\2019.2\lib\win64.o\librdi_wavedata.dll

VM Arguments:
jvm_args: -Dsun.java2d.pmoffscreen=false -Dsun.java2d.xrender=false -Dsun.java2d.d3d=false -Dsun.awt.nopixfmt=true -Dsun.java2d.dpiaware=true -Dsun.java2d.uiScale.enabled=false -Xverify:none -Dswing.aatext=true -XX:-UsePerfData -Djdk.map.althashing.threshold=512 -XX:StringTableSize=4072 --add-opens=java.base/java.nio=ALL-UNNAMED --add-opens=java.desktop/sun.swing=ALL-UNNAMED --add-opens=java.desktop/javax.swing=ALL-UNNAMED --add-opens=java.desktop/javax.swing.tree=ALL-UNNAMED --add-opens=java.desktop/javax.swing.plaf.basic=ALL-UNNAMED --add-opens=java.desktop/javax.swing.plaf.synth=ALL-UNNAMED --add-opens=java.desktop/com.sun.awt=ALL-UNNAMED -XX:NewSize=60m -XX:MaxNewSize=60m -Xms128m -Xmx3072m -Xss5m 
java_command: <unknown>
java_class_path (initial): C:/Xilinx/Vivado/2019.2\lib\classes\alloy.jar;C:/Xilinx/Vivado/2019.2\lib\classes\autoesl-common.jar;C:/Xilinx/Vivado/2019.2\lib\classes\autoesl-models.jar;C:/Xilinx/Vivado/2019.2\lib\classes\autoesl-report.jar;C:/Xilinx/Vivado/2019.2\lib\classes\autopilot.scelaborator.jar;C:/Xilinx/Vivado/2019.2\lib\classes\autopilot.sourceprocessor.jar;C:/Xilinx/Vivado/2019.2\lib\classes\autopilot.tbprocessor.jar;C:/Xilinx/Vivado/2019.2\lib\classes\batik-anim.jar;C:/Xilinx/Vivado/2019.2\lib\classes\batik-awt-util.jar;C:/Xilinx/Vivado/2019.2\lib\classes\batik-bridge.jar;C:/Xilinx/Vivado/2019.2\lib\classes\batik-codec.jar;C:/Xilinx/Vivado/2019.2\lib\classes\batik-css.jar;C:/Xilinx/Vivado/2019.2\lib\classes\batik-dom.jar;C:/Xilinx/Vivado/2019.2\lib\classes\batik-ext.jar;C:/Xilinx/Vivado/2019.2\lib\classes\batik-gui-util.jar;C:/Xilinx/Vivado/2019.2\lib\classes\batik-gvt.jar;C:/Xilinx/Vivado/2019.2\lib\classes\batik-parser.jar;C:/Xilinx/Vivado/2019.2\lib\classes\batik-script.jar;C:/Xilinx/Vivado/2019.2\lib\classes\batik-svg-dom.jar;C:/Xilinx/Vivado/2019.2\lib\classes\batik-swing.jar;C:/Xilinx/Vivado/2019.2\lib\classes\batik-transcoder.jar;C:/Xilinx/Vivado/2019.2\lib\classes\batik-util.jar;C:/Xilinx/Vivado/2019.2\lib\classes\batik-xml.jar;C:/Xilinx/Vivado/2019.2\lib\classes\com.google.gson_2.7.0.v20170129-0911.jar;C:/Xilinx/Vivado/2019.2\lib\classes\com.google.guava_21.0.0.v20170206-1425.jar;C:/Xilinx/Vivado/2019.2\lib\classes\com.ibm.icu_4.4.2.v20110208.jar;C:/Xilinx/Vivado/2019.2\lib\classes\com.sigasi.hdt.connection_4.5.0.201909241521.jar;C:/Xilinx/Vivado/2019.2\lib\classes\com.sigasi.hdt.epl_4.5.0.201909241521.jar;C:/Xilinx/Vivado/2019.2\lib\classes\com.sigasi.hdt.project_4.5.0.201909241521.jar;C:/Xilinx/Vivado/2019.2\lib\classes\com.sigasi.hdt.readonlyfilesystem_4.5.0.201909241521.jar;C:/Xilinx/Vivado/2019.2\lib\classes\com.sigasi.lcm_4.5.0.201909241521.jar;C:/Xilinx/Vivado/2019.2\lib\classes\com.sigasi.sdk.client_4.5.0.201909241521.jar;C:/Xilinx/Vivado
Launcher Type: generic

Logging:
Log output configuration:
#0: stdout all=warning uptime,level,tags
#1: stderr all=off uptime,level,tags

Environment Variables:
PATH=C:/Xilinx/Vivado/2019.2/bin;C:/Xilinx/Vivado/2019.2/lib/win64.o;C:/Xilinx/Vivado/2019.2/tps/win64/jre9.0.4/bin/server;C:/Xilinx/Vivado/2019.2/tps/win64/jre9.0.4/bin;C:/Xilinx/Vivado/2019.2/ids_lite/ISE/bin/nt64;C:/Xilinx/Vivado/2019.2/ids_lite/ISE/lib/nt64;C:\Program Files (x86)\Common Files\Intel\Shared Libraries\redist\intel64\compiler;C:\ProgramData\Oracle\Java\javapath;C:\Windows\system32;C:\Windows;C:\Windows\System32\Wbem;C:\Windows\System32\WindowsPowerShell\v1.0\;C:\Windows\System32\OpenSSH\;C:\Program Files (x86)\NVIDIA Corporation\PhysX\Common;C:\Program Files\NVIDIA Corporation\NVIDIA NvDLISR;C:\Progs\command;C:\Program Files\nodejs\;C:\Program Files\Microsoft SQL Server\130\Tools\Binn\;C:\Program Files\Microsoft SQL Server\Client SDK\ODBC\170\Tools\Binn\;C:\Program Files\dotnet\;C:\Program Files\Git\cmd;C:\Users\artem\anaconda3;C:\Users\artem\anaconda3\Library\mingw-w64\bin;C:\Users\artem\anaconda3\Library\usr\bin;C:\Users\artem\anaconda3\Library\bin;C:\Users\artem\anaconda3\Scripts;C:\Users\artem\AppData\Local\Programs\Python\Python310\Scripts\;C:\Users\artem\AppData\Local\Programs\Python\Python310\;C:\Users\artem\AppData\Local\Microsoft\WindowsApps;C:\Users\artem\AppData\Roaming\npm;C:\Users\artem\AppData\Local\Programs\MiKTeX\miktex\bin\x64\;C:\Users\artem\.dotnet\tools;C:\Program Files\JetBrains\PyCharm Community Edition 2021.3.2\bin;;C:\altera\13.0sp1\modelsim_ase\win32aloem;C:\iverilog\bin;C:\iverilog\gtkwave\bin;C:/Xilinx/Vivado/2019.2\tps\mingw\6.2.0\win64.o\nt\bin;C:/Xilinx/Vivado/2019.2\tps\mingw\6.2.0\win64.o\nt\libexec\gcc\x86_64-w64-mingw32\6.2.0;C:/Xilinx/Vivado/2019.2\tps\win64\python-2.7.5;C:/Xilinx/Vivado/2019.2\tps\win64\python-2.7.5\bin;C:/Xilinx/Vivado/2019.2\tps\win64\python-2.7.5\lib;C:/Xilinx/Vivado/2019.2\tps\win64\python-2.7.5\Lib\lib-tk;C:/Xilinx/Vivado/2019.2\tps\win64\python-2.7.5\lib\site-packages
USERNAME=artem
OS=Windows_NT
PROCESSOR_IDENTIFIER=Intel64 Family 6 Model 158 Stepping 10, GenuineIntel



---------------  S Y S T E M  ---------------

OS: Windows 10 , 64 bit Build 19041 (10.0.19041.2251)

CPU:total 12 (initial active 12) (6 cores per cpu, 2 threads per core) family 6 model 158 stepping 10, cmov, cx8, fxsr, mmx, sse, sse2, sse3, ssse3, sse4.1, sse4.2, popcnt, avx, avx2, aes, clmul, erms, 3dnowpref, lzcnt, ht, tsc, tscinvbit, bmi1, bmi2, adx, fma

Memory: 4k page, physical 16610356k(6132988k free), swap 36533300k(16558972k free)

vm_info: Java HotSpot(TM) 64-Bit Server VM (9.0.4+11) for windows-amd64 JRE (9.0.4+11), built on Dec 20 2017 02:18:54 by "mach5one" with MS VC++ 12.0 (VS2013)

END.
