#-----------------------------------------------------------
# Vivado v2019.2 (64-bit)
# SW Build 2708876 on Wed Nov  6 21:40:23 MST 2019
# IP Build 2700528 on Thu Nov  7 00:09:20 MST 2019
# Start of session at: Thu Nov 24 17:19:29 2022
# Process ID: 7232
# Current directory: C:/Vivado_project/RISC_V_main_decoder
# Command line: vivado.exe -gui_launcher_event rodinguilauncherevent1844 C:\Vivado_project\RISC_V_main_decoder\RISC_V_main_decoder.xpr
# Log file: C:/Vivado_project/RISC_V_main_decoder/vivado.log
# Journal file: C:/Vivado_project/RISC_V_main_decoder\vivado.jou
#-----------------------------------------------------------
start_gui
open_project C:/Vivado_project/RISC_V_main_decoder/RISC_V_main_decoder.xpr
Scanning sources...
Finished scanning sources
INFO: [IP_Flow 19-234] Refreshing IP repositories
INFO: [IP_Flow 19-1704] No user IP repositories specified
INFO: [IP_Flow 19-2313] Loaded Vivado IP repository 'C:/Xilinx/Vivado/2019.2/data/ip'.
update_compile_order -fileset sources_1
WARNING: [filemgmt 56-199] Attempt to get parsing info during refresh. "On-the-fly" syntax checking information may be incorrect. [C:\Vivado_project\RISC_V_main_decoder\RISC_V_main_decoder.srcs\sources_1\new\ALU.v:]
WARNING: [filemgmt 56-199] Attempt to get parsing info during refresh. "On-the-fly" syntax checking information may be incorrect. [C:\Vivado_project\RISC_V_main_decoder\RISC_V_main_decoder.srcs\sources_1\new\RF.v:]
WARNING: [filemgmt 56-199] Attempt to get parsing info during refresh. "On-the-fly" syntax checking information may be incorrect. [C:\Vivado_project\RISC_V_main_decoder\RISC_V_main_decoder.srcs\sources_1\new\Data_mem.v:]
WARNING: [filemgmt 56-199] Attempt to get parsing info during refresh. "On-the-fly" syntax checking information may be incorrect. [C:\Vivado_project\RISC_V_main_decoder\RISC_V_main_decoder.srcs\sources_1\new\RISC_V_top.v:]
WARNING: [filemgmt 56-199] Attempt to get parsing info during refresh. "On-the-fly" syntax checking information may be incorrect. [C:\Vivado_project\RISC_V_main_decoder\RISC_V_main_decoder.srcs\sources_1\new\Decoder.v:]
WARNING: [filemgmt 56-199] Attempt to get parsing info during refresh. "On-the-fly" syntax checking information may be incorrect. [C:\Vivado_project\RISC_V_main_decoder\RISC_V_main_decoder.srcs\sim_1\new\RISC_V_tb.v:]
WARNING: [filemgmt 56-199] Attempt to get parsing info during refresh. "On-the-fly" syntax checking information may be incorrect. [C:\Vivado_project\RISC_V_main_decoder\RISC_V_main_decoder.srcs\sources_1\new\IM.v:]
WARNING: [filemgmt 56-199] Attempt to get parsing info during refresh. "On-the-fly" syntax checking information may be incorrect. [C:\Vivado_project\RISC_V_main_decoder\RISC_V_main_decoder.srcs\sources_1\new\ALU.v:]
WARNING: [filemgmt 56-199] Attempt to get parsing info during refresh. "On-the-fly" syntax checking information may be incorrect. [C:\Vivado_project\RISC_V_main_decoder\RISC_V_main_decoder.srcs\sources_1\new\RF.v:]
WARNING: [filemgmt 56-199] Attempt to get parsing info during refresh. "On-the-fly" syntax checking information may be incorrect. [C:\Vivado_project\RISC_V_main_decoder\RISC_V_main_decoder.srcs\sources_1\new\Data_mem.v:]
WARNING: [filemgmt 56-199] Attempt to get parsing info during refresh. "On-the-fly" syntax checking information may be incorrect. [C:\Vivado_project\RISC_V_main_decoder\RISC_V_main_decoder.srcs\sources_1\new\RISC_V_top.v:]
WARNING: [filemgmt 56-199] Attempt to get parsing info during refresh. "On-the-fly" syntax checking information may be incorrect. [C:\Vivado_project\RISC_V_main_decoder\RISC_V_main_decoder.srcs\sources_1\new\Decoder.v:]
WARNING: [filemgmt 56-199] Attempt to get parsing info during refresh. "On-the-fly" syntax checking information may be incorrect. [C:\Vivado_project\RISC_V_main_decoder\RISC_V_main_decoder.srcs\sim_1\new\RISC_V_tb.v:]
WARNING: [filemgmt 56-199] Attempt to get parsing info during refresh. "On-the-fly" syntax checking information may be incorrect. [C:\Vivado_project\RISC_V_main_decoder\RISC_V_main_decoder.srcs\sources_1\new\IM.v:]
WARNING: [filemgmt 56-199] Attempt to get parsing info during refresh. "On-the-fly" syntax checking information may be incorrect. [C:\Vivado_project\RISC_V_main_decoder\RISC_V_main_decoder.srcs\sources_1\new\ALU.v:]
WARNING: [filemgmt 56-199] Attempt to get parsing info during refresh. "On-the-fly" syntax checking information may be incorrect. [C:\Vivado_project\RISC_V_main_decoder\RISC_V_main_decoder.srcs\sources_1\new\RF.v:]
WARNING: [filemgmt 56-199] Attempt to get parsing info during refresh. "On-the-fly" syntax checking information may be incorrect. [C:\Vivado_project\RISC_V_main_decoder\RISC_V_main_decoder.srcs\sources_1\new\Data_mem.v:]
WARNING: [filemgmt 56-199] Attempt to get parsing info during refresh. "On-the-fly" syntax checking information may be incorrect. [C:\Vivado_project\RISC_V_main_decoder\RISC_V_main_decoder.srcs\sources_1\new\RISC_V_top.v:]
WARNING: [filemgmt 56-199] Attempt to get parsing info during refresh. "On-the-fly" syntax checking information may be incorrect. [C:\Vivado_project\RISC_V_main_decoder\RISC_V_main_decoder.srcs\sources_1\new\Decoder.v:]
WARNING: [filemgmt 56-199] Attempt to get parsing info during refresh. "On-the-fly" syntax checking information may be incorrect. [C:\Vivado_project\RISC_V_main_decoder\RISC_V_main_decoder.srcs\sim_1\new\RISC_V_tb.v:]
WARNING: [filemgmt 56-199] Attempt to get parsing info during refresh. "On-the-fly" syntax checking information may be incorrect. [C:\Vivado_project\RISC_V_main_decoder\RISC_V_main_decoder.srcs\sources_1\new\IM.v:]
WARNING: [filemgmt 56-199] Attempt to get parsing info during refresh. "On-the-fly" syntax checking information may be incorrect. [C:\Vivado_project\RISC_V_main_decoder\RISC_V_main_decoder.srcs\sources_1\new\ALU.v:]
WARNING: [filemgmt 56-199] Attempt to get parsing info during refresh. "On-the-fly" syntax checking information may be incorrect. [C:\Vivado_project\RISC_V_main_decoder\RISC_V_main_decoder.srcs\sources_1\new\RF.v:]
WARNING: [filemgmt 56-199] Attempt to get parsing info during refresh. "On-the-fly" syntax checking information may be incorrect. [C:\Vivado_project\RISC_V_main_decoder\RISC_V_main_decoder.srcs\sources_1\new\Data_mem.v:]
WARNING: [filemgmt 56-199] Attempt to get parsing info during refresh. "On-the-fly" syntax checking information may be incorrect. [C:\Vivado_project\RISC_V_main_decoder\RISC_V_main_decoder.srcs\sources_1\new\RISC_V_top.v:]
WARNING: [filemgmt 56-199] Attempt to get parsing info during refresh. "On-the-fly" syntax checking information may be incorrect. [C:\Vivado_project\RISC_V_main_decoder\RISC_V_main_decoder.srcs\sources_1\new\Decoder.v:]
WARNING: [filemgmt 56-199] Attempt to get parsing info during refresh. "On-the-fly" syntax checking information may be incorrect. [C:\Vivado_project\RISC_V_main_decoder\RISC_V_main_decoder.srcs\sim_1\new\RISC_V_tb.v:]
WARNING: [filemgmt 56-199] Attempt to get parsing info during refresh. "On-the-fly" syntax checking information may be incorrect. [C:\Vivado_project\RISC_V_main_decoder\RISC_V_main_decoder.srcs\sources_1\new\IM.v:]
WARNING: [filemgmt 56-199] Attempt to get parsing info during refresh. "On-the-fly" syntax checking information may be incorrect. [C:\Vivado_project\RISC_V_main_decoder\RISC_V_main_decoder.srcs\sources_1\new\ALU.v:]
WARNING: [filemgmt 56-199] Attempt to get parsing info during refresh. "On-the-fly" syntax checking information may be incorrect. [C:\Vivado_project\RISC_V_main_decoder\RISC_V_main_decoder.srcs\sources_1\new\RF.v:]
WARNING: [filemgmt 56-199] Attempt to get parsing info during refresh. "On-the-fly" syntax checking information may be incorrect. [C:\Vivado_project\RISC_V_main_decoder\RISC_V_main_decoder.srcs\sources_1\new\Data_mem.v:]
WARNING: [filemgmt 56-199] Attempt to get parsing info during refresh. "On-the-fly" syntax checking information may be incorrect. [C:\Vivado_project\RISC_V_main_decoder\RISC_V_main_decoder.srcs\sources_1\new\RISC_V_top.v:]
WARNING: [filemgmt 56-199] Attempt to get parsing info during refresh. "On-the-fly" syntax checking information may be incorrect. [C:\Vivado_project\RISC_V_main_decoder\RISC_V_main_decoder.srcs\sources_1\new\Decoder.v:]
WARNING: [filemgmt 56-199] Attempt to get parsing info during refresh. "On-the-fly" syntax checking information may be incorrect. [C:\Vivado_project\RISC_V_main_decoder\RISC_V_main_decoder.srcs\sim_1\new\RISC_V_tb.v:]
WARNING: [filemgmt 56-199] Attempt to get parsing info during refresh. "On-the-fly" syntax checking information may be incorrect. [C:\Vivado_project\RISC_V_main_decoder\RISC_V_main_decoder.srcs\sources_1\new\IM.v:]
WARNING: [filemgmt 56-199] Attempt to get parsing info during refresh. "On-the-fly" syntax checking information may be incorrect. [C:\Vivado_project\RISC_V_main_decoder\RISC_V_main_decoder.srcs\sources_1\new\ALU.v:]
WARNING: [filemgmt 56-199] Attempt to get parsing info during refresh. "On-the-fly" syntax checking information may be incorrect. [C:\Vivado_project\RISC_V_main_decoder\RISC_V_main_decoder.srcs\sources_1\new\RF.v:]
WARNING: [filemgmt 56-199] Attempt to get parsing info during refresh. "On-the-fly" syntax checking information may be incorrect. [C:\Vivado_project\RISC_V_main_decoder\RISC_V_main_decoder.srcs\sources_1\new\Data_mem.v:]
WARNING: [filemgmt 56-199] Attempt to get parsing info during refresh. "On-the-fly" syntax checking information may be incorrect. [C:\Vivado_project\RISC_V_main_decoder\RISC_V_main_decoder.srcs\sources_1\new\RISC_V_top.v:]
WARNING: [filemgmt 56-199] Attempt to get parsing info during refresh. "On-the-fly" syntax checking information may be incorrect. [C:\Vivado_project\RISC_V_main_decoder\RISC_V_main_decoder.srcs\sources_1\new\Decoder.v:]
WARNING: [filemgmt 56-199] Attempt to get parsing info during refresh. "On-the-fly" syntax checking information may be incorrect. [C:\Vivado_project\RISC_V_main_decoder\RISC_V_main_decoder.srcs\sim_1\new\RISC_V_tb.v:]
WARNING: [filemgmt 56-199] Attempt to get parsing info during refresh. "On-the-fly" syntax checking information may be incorrect. [C:\Vivado_project\RISC_V_main_decoder\RISC_V_main_decoder.srcs\sources_1\new\IM.v:]
reset_run synth_1
launch_runs synth_1 -jobs 6
[Thu Nov 24 18:37:55 2022] Launched synth_1...
Run output will be captured here: C:/Vivado_project/RISC_V_main_decoder/RISC_V_main_decoder.runs/synth_1/runme.log
export_ip_user_files -of_objects  [get_files C:/Vivado_project/RISC_V_main_decoder/RISC_V_main_decoder.srcs/sources_1/new/Decoder.v] -no_script -reset -force -quiet
remove_files  C:/Vivado_project/RISC_V_main_decoder/RISC_V_main_decoder.srcs/sources_1/new/Decoder.v
close [ open C:/Vivado_project/RISC_V_main_decoder/RISC_V_main_decoder.srcs/sources_1/new/decoder_riscv.v w ]
add_files C:/Vivado_project/RISC_V_main_decoder/RISC_V_main_decoder.srcs/sources_1/new/decoder_riscv.v
update_compile_order -fileset sources_1
export_ip_user_files -of_objects  [get_files C:/Vivado_project/RISC_V_main_decoder/RISC_V_main_decoder.srcs/sources_1/new/Data_mem.v] -no_script -reset -force -quiet
remove_files  C:/Vivado_project/RISC_V_main_decoder/RISC_V_main_decoder.srcs/sources_1/new/Data_mem.v
close [ open C:/Vivado_project/RISC_V_main_decoder/RISC_V_main_decoder.srcs/sources_1/new/data_mem.v w ]
add_files C:/Vivado_project/RISC_V_main_decoder/RISC_V_main_decoder.srcs/sources_1/new/data_mem.v
update_compile_order -fileset sources_1
WARNING: [filemgmt 56-199] Attempt to get parsing info during refresh. "On-the-fly" syntax checking information may be incorrect. [C:\Vivado_project\RISC_V_main_decoder\RISC_V_main_decoder.srcs\sources_1\new\ALU.v:]
WARNING: [filemgmt 56-199] Attempt to get parsing info during refresh. "On-the-fly" syntax checking information may be incorrect. [C:\Vivado_project\RISC_V_main_decoder\RISC_V_main_decoder.srcs\sources_1\new\RF.v:]
WARNING: [filemgmt 56-199] Attempt to get parsing info during refresh. "On-the-fly" syntax checking information may be incorrect. [C:\Vivado_project\RISC_V_main_decoder\RISC_V_main_decoder.srcs\sources_1\new\decoder_riscv.v:]
WARNING: [filemgmt 56-199] Attempt to get parsing info during refresh. "On-the-fly" syntax checking information may be incorrect. [C:\Vivado_project\RISC_V_main_decoder\RISC_V_main_decoder.srcs\sources_1\new\Data_mem.v:]
WARNING: [filemgmt 56-199] Attempt to get parsing info during refresh. "On-the-fly" syntax checking information may be incorrect. [C:\Vivado_project\RISC_V_main_decoder\RISC_V_main_decoder.srcs\sources_1\new\data_mem.v:]
WARNING: [filemgmt 56-199] Attempt to get parsing info during refresh. "On-the-fly" syntax checking information may be incorrect. [C:\Vivado_project\RISC_V_main_decoder\RISC_V_main_decoder.srcs\sources_1\new\RISC_V_top.v:]
WARNING: [filemgmt 56-199] Attempt to get parsing info during refresh. "On-the-fly" syntax checking information may be incorrect. [C:\Vivado_project\RISC_V_main_decoder\RISC_V_main_decoder.srcs\sources_1\new\Decoder.v:]
WARNING: [filemgmt 56-199] Attempt to get parsing info during refresh. "On-the-fly" syntax checking information may be incorrect. [C:\Vivado_project\RISC_V_main_decoder\RISC_V_main_decoder.srcs\sim_1\new\RISC_V_tb.v:]
WARNING: [filemgmt 56-199] Attempt to get parsing info during refresh. "On-the-fly" syntax checking information may be incorrect. [C:\Vivado_project\RISC_V_main_decoder\RISC_V_main_decoder.srcs\sources_1\new\IM.v:]
ERROR: [Common 17-180] Spawn failed: No such file or directory
WARNING: [filemgmt 56-199] Attempt to get parsing info during refresh. "On-the-fly" syntax checking information may be incorrect. [C:\Vivado_project\RISC_V_main_decoder\RISC_V_main_decoder.srcs\sources_1\new\ALU.v:]
WARNING: [filemgmt 56-199] Attempt to get parsing info during refresh. "On-the-fly" syntax checking information may be incorrect. [C:\Vivado_project\RISC_V_main_decoder\RISC_V_main_decoder.srcs\sources_1\new\RF.v:]
WARNING: [filemgmt 56-199] Attempt to get parsing info during refresh. "On-the-fly" syntax checking information may be incorrect. [C:\Vivado_project\RISC_V_main_decoder\RISC_V_main_decoder.srcs\sources_1\new\decoder_riscv.v:]
WARNING: [filemgmt 56-199] Attempt to get parsing info during refresh. "On-the-fly" syntax checking information may be incorrect. [C:\Vivado_project\RISC_V_main_decoder\RISC_V_main_decoder.srcs\sources_1\new\Data_mem.v:]
WARNING: [filemgmt 56-199] Attempt to get parsing info during refresh. "On-the-fly" syntax checking information may be incorrect. [C:\Vivado_project\RISC_V_main_decoder\RISC_V_main_decoder.srcs\sources_1\new\data_mem.v:]
WARNING: [filemgmt 56-199] Attempt to get parsing info during refresh. "On-the-fly" syntax checking information may be incorrect. [C:\Vivado_project\RISC_V_main_decoder\RISC_V_main_decoder.srcs\sources_1\new\RISC_V_top.v:]
WARNING: [filemgmt 56-199] Attempt to get parsing info during refresh. "On-the-fly" syntax checking information may be incorrect. [C:\Vivado_project\RISC_V_main_decoder\RISC_V_main_decoder.srcs\sources_1\new\Decoder.v:]
WARNING: [filemgmt 56-199] Attempt to get parsing info during refresh. "On-the-fly" syntax checking information may be incorrect. [C:\Vivado_project\RISC_V_main_decoder\RISC_V_main_decoder.srcs\sim_1\new\RISC_V_tb.v:]
WARNING: [filemgmt 56-199] Attempt to get parsing info during refresh. "On-the-fly" syntax checking information may be incorrect. [C:\Vivado_project\RISC_V_main_decoder\RISC_V_main_decoder.srcs\sources_1\new\IM.v:]
WARNING: [filemgmt 56-199] Attempt to get parsing info during refresh. "On-the-fly" syntax checking information may be incorrect. [C:\Vivado_project\RISC_V_main_decoder\RISC_V_main_decoder.srcs\sources_1\new\ALU.v:]
WARNING: [filemgmt 56-199] Attempt to get parsing info during refresh. "On-the-fly" syntax checking information may be incorrect. [C:\Vivado_project\RISC_V_main_decoder\RISC_V_main_decoder.srcs\sources_1\new\RF.v:]
WARNING: [filemgmt 56-199] Attempt to get parsing info during refresh. "On-the-fly" syntax checking information may be incorrect. [C:\Vivado_project\RISC_V_main_decoder\RISC_V_main_decoder.srcs\sources_1\new\decoder_riscv.v:]
WARNING: [filemgmt 56-199] Attempt to get parsing info during refresh. "On-the-fly" syntax checking information may be incorrect. [C:\Vivado_project\RISC_V_main_decoder\RISC_V_main_decoder.srcs\sources_1\new\Data_mem.v:]
WARNING: [filemgmt 56-199] Attempt to get parsing info during refresh. "On-the-fly" syntax checking information may be incorrect. [C:\Vivado_project\RISC_V_main_decoder\RISC_V_main_decoder.srcs\sources_1\new\data_mem.v:]
WARNING: [filemgmt 56-199] Attempt to get parsing info during refresh. "On-the-fly" syntax checking information may be incorrect. [C:\Vivado_project\RISC_V_main_decoder\RISC_V_main_decoder.srcs\sources_1\new\RISC_V_top.v:]
WARNING: [filemgmt 56-199] Attempt to get parsing info during refresh. "On-the-fly" syntax checking information may be incorrect. [C:\Vivado_project\RISC_V_main_decoder\RISC_V_main_decoder.srcs\sources_1\new\Decoder.v:]
WARNING: [filemgmt 56-199] Attempt to get parsing info during refresh. "On-the-fly" syntax checking information may be incorrect. [C:\Vivado_project\RISC_V_main_decoder\RISC_V_main_decoder.srcs\sim_1\new\RISC_V_tb.v:]
WARNING: [filemgmt 56-199] Attempt to get parsing info during refresh. "On-the-fly" syntax checking information may be incorrect. [C:\Vivado_project\RISC_V_main_decoder\RISC_V_main_decoder.srcs\sources_1\new\IM.v:]
ERROR: [Common 17-180] Spawn failed: No such file or directory
WARNING: [filemgmt 56-199] Attempt to get parsing info during refresh. "On-the-fly" syntax checking information may be incorrect. [C:\Vivado_project\RISC_V_main_decoder\RISC_V_main_decoder.srcs\sources_1\new\ALU.v:]
WARNING: [filemgmt 56-199] Attempt to get parsing info during refresh. "On-the-fly" syntax checking information may be incorrect. [C:\Vivado_project\RISC_V_main_decoder\RISC_V_main_decoder.srcs\sources_1\new\RF.v:]
WARNING: [filemgmt 56-199] Attempt to get parsing info during refresh. "On-the-fly" syntax checking information may be incorrect. [C:\Vivado_project\RISC_V_main_decoder\RISC_V_main_decoder.srcs\sources_1\new\decoder_riscv.v:]
WARNING: [filemgmt 56-199] Attempt to get parsing info during refresh. "On-the-fly" syntax checking information may be incorrect. [C:\Vivado_project\RISC_V_main_decoder\RISC_V_main_decoder.srcs\sources_1\new\Data_mem.v:]
WARNING: [filemgmt 56-199] Attempt to get parsing info during refresh. "On-the-fly" syntax checking information may be incorrect. [C:\Vivado_project\RISC_V_main_decoder\RISC_V_main_decoder.srcs\sources_1\new\data_mem.v:]
WARNING: [filemgmt 56-199] Attempt to get parsing info during refresh. "On-the-fly" syntax checking information may be incorrect. [C:\Vivado_project\RISC_V_main_decoder\RISC_V_main_decoder.srcs\sources_1\new\RISC_V_top.v:]
WARNING: [filemgmt 56-199] Attempt to get parsing info during refresh. "On-the-fly" syntax checking information may be incorrect. [C:\Vivado_project\RISC_V_main_decoder\RISC_V_main_decoder.srcs\sources_1\new\Decoder.v:]
WARNING: [filemgmt 56-199] Attempt to get parsing info during refresh. "On-the-fly" syntax checking information may be incorrect. [C:\Vivado_project\RISC_V_main_decoder\RISC_V_main_decoder.srcs\sim_1\new\RISC_V_tb.v:]
WARNING: [filemgmt 56-199] Attempt to get parsing info during refresh. "On-the-fly" syntax checking information may be incorrect. [C:\Vivado_project\RISC_V_main_decoder\RISC_V_main_decoder.srcs\sources_1\new\IM.v:]
ERROR: [Common 17-180] Spawn failed: No such file or directory
WARNING: [filemgmt 56-199] Attempt to get parsing info during refresh. "On-the-fly" syntax checking information may be incorrect. [C:\Vivado_project\RISC_V_main_decoder\RISC_V_main_decoder.srcs\sources_1\new\ALU.v:]
WARNING: [filemgmt 56-199] Attempt to get parsing info during refresh. "On-the-fly" syntax checking information may be incorrect. [C:\Vivado_project\RISC_V_main_decoder\RISC_V_main_decoder.srcs\sources_1\new\RF.v:]
WARNING: [filemgmt 56-199] Attempt to get parsing info during refresh. "On-the-fly" syntax checking information may be incorrect. [C:\Vivado_project\RISC_V_main_decoder\RISC_V_main_decoder.srcs\sources_1\new\decoder_riscv.v:]
WARNING: [filemgmt 56-199] Attempt to get parsing info during refresh. "On-the-fly" syntax checking information may be incorrect. [C:\Vivado_project\RISC_V_main_decoder\RISC_V_main_decoder.srcs\sources_1\new\Data_mem.v:]
WARNING: [filemgmt 56-199] Attempt to get parsing info during refresh. "On-the-fly" syntax checking information may be incorrect. [C:\Vivado_project\RISC_V_main_decoder\RISC_V_main_decoder.srcs\sources_1\new\data_mem.v:]
WARNING: [filemgmt 56-199] Attempt to get parsing info during refresh. "On-the-fly" syntax checking information may be incorrect. [C:\Vivado_project\RISC_V_main_decoder\RISC_V_main_decoder.srcs\sources_1\new\RISC_V_top.v:]
WARNING: [filemgmt 56-199] Attempt to get parsing info during refresh. "On-the-fly" syntax checking information may be incorrect. [C:\Vivado_project\RISC_V_main_decoder\RISC_V_main_decoder.srcs\sources_1\new\Decoder.v:]
WARNING: [filemgmt 56-199] Attempt to get parsing info during refresh. "On-the-fly" syntax checking information may be incorrect. [C:\Vivado_project\RISC_V_main_decoder\RISC_V_main_decoder.srcs\sim_1\new\RISC_V_tb.v:]
WARNING: [filemgmt 56-199] Attempt to get parsing info during refresh. "On-the-fly" syntax checking information may be incorrect. [C:\Vivado_project\RISC_V_main_decoder\RISC_V_main_decoder.srcs\sources_1\new\IM.v:]
ERROR: [Common 17-180] Spawn failed: No such file or directory
WARNING: [filemgmt 56-199] Attempt to get parsing info during refresh. "On-the-fly" syntax checking information may be incorrect. [C:\Vivado_project\RISC_V_main_decoder\RISC_V_main_decoder.srcs\sources_1\new\ALU.v:]
WARNING: [filemgmt 56-199] Attempt to get parsing info during refresh. "On-the-fly" syntax checking information may be incorrect. [C:\Vivado_project\RISC_V_main_decoder\RISC_V_main_decoder.srcs\sources_1\new\RF.v:]
WARNING: [filemgmt 56-199] Attempt to get parsing info during refresh. "On-the-fly" syntax checking information may be incorrect. [C:\Vivado_project\RISC_V_main_decoder\RISC_V_main_decoder.srcs\sources_1\new\decoder_riscv.v:]
WARNING: [filemgmt 56-199] Attempt to get parsing info during refresh. "On-the-fly" syntax checking information may be incorrect. [C:\Vivado_project\RISC_V_main_decoder\RISC_V_main_decoder.srcs\sources_1\new\Data_mem.v:]
WARNING: [filemgmt 56-199] Attempt to get parsing info during refresh. "On-the-fly" syntax checking information may be incorrect. [C:\Vivado_project\RISC_V_main_decoder\RISC_V_main_decoder.srcs\sources_1\new\data_mem.v:]
WARNING: [filemgmt 56-199] Attempt to get parsing info during refresh. "On-the-fly" syntax checking information may be incorrect. [C:\Vivado_project\RISC_V_main_decoder\RISC_V_main_decoder.srcs\sources_1\new\RISC_V_top.v:]
WARNING: [filemgmt 56-199] Attempt to get parsing info during refresh. "On-the-fly" syntax checking information may be incorrect. [C:\Vivado_project\RISC_V_main_decoder\RISC_V_main_decoder.srcs\sources_1\new\Decoder.v:]
WARNING: [filemgmt 56-199] Attempt to get parsing info during refresh. "On-the-fly" syntax checking information may be incorrect. [C:\Vivado_project\RISC_V_main_decoder\RISC_V_main_decoder.srcs\sim_1\new\RISC_V_tb.v:]
WARNING: [filemgmt 56-199] Attempt to get parsing info during refresh. "On-the-fly" syntax checking information may be incorrect. [C:\Vivado_project\RISC_V_main_decoder\RISC_V_main_decoder.srcs\sources_1\new\IM.v:]
WARNING: [filemgmt 56-199] Attempt to get parsing info during refresh. "On-the-fly" syntax checking information may be incorrect. [C:\Vivado_project\RISC_V_main_decoder\RISC_V_main_decoder.srcs\sources_1\new\ALU.v:]
WARNING: [filemgmt 56-199] Attempt to get parsing info during refresh. "On-the-fly" syntax checking information may be incorrect. [C:\Vivado_project\RISC_V_main_decoder\RISC_V_main_decoder.srcs\sources_1\new\RF.v:]
WARNING: [filemgmt 56-199] Attempt to get parsing info during refresh. "On-the-fly" syntax checking information may be incorrect. [C:\Vivado_project\RISC_V_main_decoder\RISC_V_main_decoder.srcs\sources_1\new\decoder_riscv.v:]
WARNING: [filemgmt 56-199] Attempt to get parsing info during refresh. "On-the-fly" syntax checking information may be incorrect. [C:\Vivado_project\RISC_V_main_decoder\RISC_V_main_decoder.srcs\sources_1\new\Data_mem.v:]
WARNING: [filemgmt 56-199] Attempt to get parsing info during refresh. "On-the-fly" syntax checking information may be incorrect. [C:\Vivado_project\RISC_V_main_decoder\RISC_V_main_decoder.srcs\sources_1\new\data_mem.v:]
WARNING: [filemgmt 56-199] Attempt to get parsing info during refresh. "On-the-fly" syntax checking information may be incorrect. [C:\Vivado_project\RISC_V_main_decoder\RISC_V_main_decoder.srcs\sources_1\new\RISC_V_top.v:]
WARNING: [filemgmt 56-199] Attempt to get parsing info during refresh. "On-the-fly" syntax checking information may be incorrect. [C:\Vivado_project\RISC_V_main_decoder\RISC_V_main_decoder.srcs\sources_1\new\Decoder.v:]
WARNING: [filemgmt 56-199] Attempt to get parsing info during refresh. "On-the-fly" syntax checking information may be incorrect. [C:\Vivado_project\RISC_V_main_decoder\RISC_V_main_decoder.srcs\sim_1\new\RISC_V_tb.v:]
WARNING: [filemgmt 56-199] Attempt to get parsing info during refresh. "On-the-fly" syntax checking information may be incorrect. [C:\Vivado_project\RISC_V_main_decoder\RISC_V_main_decoder.srcs\sources_1\new\IM.v:]
ERROR: [Common 17-180] Spawn failed: No such file or directory
WARNING: [filemgmt 56-199] Attempt to get parsing info during refresh. "On-the-fly" syntax checking information may be incorrect. [C:\Vivado_project\RISC_V_main_decoder\RISC_V_main_decoder.srcs\sources_1\new\ALU.v:]
WARNING: [filemgmt 56-199] Attempt to get parsing info during refresh. "On-the-fly" syntax checking information may be incorrect. [C:\Vivado_project\RISC_V_main_decoder\RISC_V_main_decoder.srcs\sources_1\new\RF.v:]
WARNING: [filemgmt 56-199] Attempt to get parsing info during refresh. "On-the-fly" syntax checking information may be incorrect. [C:\Vivado_project\RISC_V_main_decoder\RISC_V_main_decoder.srcs\sources_1\new\decoder_riscv.v:]
WARNING: [filemgmt 56-199] Attempt to get parsing info during refresh. "On-the-fly" syntax checking information may be incorrect. [C:\Vivado_project\RISC_V_main_decoder\RISC_V_main_decoder.srcs\sources_1\new\Data_mem.v:]
WARNING: [filemgmt 56-199] Attempt to get parsing info during refresh. "On-the-fly" syntax checking information may be incorrect. [C:\Vivado_project\RISC_V_main_decoder\RISC_V_main_decoder.srcs\sources_1\new\data_mem.v:]
WARNING: [filemgmt 56-199] Attempt to get parsing info during refresh. "On-the-fly" syntax checking information may be incorrect. [C:\Vivado_project\RISC_V_main_decoder\RISC_V_main_decoder.srcs\sources_1\new\RISC_V_top.v:]
WARNING: [filemgmt 56-199] Attempt to get parsing info during refresh. "On-the-fly" syntax checking information may be incorrect. [C:\Vivado_project\RISC_V_main_decoder\RISC_V_main_decoder.srcs\sources_1\new\Decoder.v:]
WARNING: [filemgmt 56-199] Attempt to get parsing info during refresh. "On-the-fly" syntax checking information may be incorrect. [C:\Vivado_project\RISC_V_main_decoder\RISC_V_main_decoder.srcs\sim_1\new\RISC_V_tb.v:]
WARNING: [filemgmt 56-199] Attempt to get parsing info during refresh. "On-the-fly" syntax checking information may be incorrect. [C:\Vivado_project\RISC_V_main_decoder\RISC_V_main_decoder.srcs\sources_1\new\IM.v:]
ERROR: [Common 17-180] Spawn failed: No such file or directory
WARNING: [filemgmt 56-199] Attempt to get parsing info during refresh. "On-the-fly" syntax checking information may be incorrect. [C:\Vivado_project\RISC_V_main_decoder\RISC_V_main_decoder.srcs\sources_1\new\ALU.v:]
WARNING: [filemgmt 56-199] Attempt to get parsing info during refresh. "On-the-fly" syntax checking information may be incorrect. [C:\Vivado_project\RISC_V_main_decoder\RISC_V_main_decoder.srcs\sources_1\new\RF.v:]
WARNING: [filemgmt 56-199] Attempt to get parsing info during refresh. "On-the-fly" syntax checking information may be incorrect. [C:\Vivado_project\RISC_V_main_decoder\RISC_V_main_decoder.srcs\sources_1\new\decoder_riscv.v:]
WARNING: [filemgmt 56-199] Attempt to get parsing info during refresh. "On-the-fly" syntax checking information may be incorrect. [C:\Vivado_project\RISC_V_main_decoder\RISC_V_main_decoder.srcs\sources_1\new\Data_mem.v:]
WARNING: [filemgmt 56-199] Attempt to get parsing info during refresh. "On-the-fly" syntax checking information may be incorrect. [C:\Vivado_project\RISC_V_main_decoder\RISC_V_main_decoder.srcs\sources_1\new\data_mem.v:]
WARNING: [filemgmt 56-199] Attempt to get parsing info during refresh. "On-the-fly" syntax checking information may be incorrect. [C:\Vivado_project\RISC_V_main_decoder\RISC_V_main_decoder.srcs\sources_1\new\RISC_V_top.v:]
WARNING: [filemgmt 56-199] Attempt to get parsing info during refresh. "On-the-fly" syntax checking information may be incorrect. [C:\Vivado_project\RISC_V_main_decoder\RISC_V_main_decoder.srcs\sources_1\new\Decoder.v:]
WARNING: [filemgmt 56-199] Attempt to get parsing info during refresh. "On-the-fly" syntax checking information may be incorrect. [C:\Vivado_project\RISC_V_main_decoder\RISC_V_main_decoder.srcs\sim_1\new\RISC_V_tb.v:]
WARNING: [filemgmt 56-199] Attempt to get parsing info during refresh. "On-the-fly" syntax checking information may be incorrect. [C:\Vivado_project\RISC_V_main_decoder\RISC_V_main_decoder.srcs\sources_1\new\IM.v:]
update_compile_order -fileset sources_1
update_compile_order -fileset sources_1
update_compile_order -fileset sources_1
update_compile_order -fileset sources_1
update_compile_order -fileset sources_1
update_compile_order -fileset sources_1
WARNING: [filemgmt 56-199] Attempt to get parsing info during refresh. "On-the-fly" syntax checking information may be incorrect. [C:\Vivado_project\RISC_V_main_decoder\RISC_V_main_decoder.srcs\sources_1\new\ALU.v:]
WARNING: [filemgmt 56-199] Attempt to get parsing info during refresh. "On-the-fly" syntax checking information may be incorrect. [C:\Vivado_project\RISC_V_main_decoder\RISC_V_main_decoder.srcs\sources_1\new\RF.v:]
WARNING: [filemgmt 56-199] Attempt to get parsing info during refresh. "On-the-fly" syntax checking information may be incorrect. [C:\Vivado_project\RISC_V_main_decoder\RISC_V_main_decoder.srcs\sources_1\new\decoder_riscv.v:]
WARNING: [filemgmt 56-199] Attempt to get parsing info during refresh. "On-the-fly" syntax checking information may be incorrect. [C:\Vivado_project\RISC_V_main_decoder\RISC_V_main_decoder.srcs\sources_1\new\Data_mem.v:]
WARNING: [filemgmt 56-199] Attempt to get parsing info during refresh. "On-the-fly" syntax checking information may be incorrect. [C:\Vivado_project\RISC_V_main_decoder\RISC_V_main_decoder.srcs\sources_1\new\data_mem.v:]
WARNING: [filemgmt 56-199] Attempt to get parsing info during refresh. "On-the-fly" syntax checking information may be incorrect. [C:\Vivado_project\RISC_V_main_decoder\RISC_V_main_decoder.srcs\sources_1\new\RISC_V_top.v:]
WARNING: [filemgmt 56-199] Attempt to get parsing info during refresh. "On-the-fly" syntax checking information may be incorrect. [C:\Vivado_project\RISC_V_main_decoder\RISC_V_main_decoder.srcs\sources_1\new\Decoder.v:]
WARNING: [filemgmt 56-199] Attempt to get parsing info during refresh. "On-the-fly" syntax checking information may be incorrect. [C:\Vivado_project\RISC_V_main_decoder\RISC_V_main_decoder.srcs\sim_1\new\RISC_V_tb.v:]
WARNING: [filemgmt 56-199] Attempt to get parsing info during refresh. "On-the-fly" syntax checking information may be incorrect. [C:\Vivado_project\RISC_V_main_decoder\RISC_V_main_decoder.srcs\sources_1\new\IM.v:]
ERROR: [Common 17-180] Spawn failed: No such file or directory
WARNING: [filemgmt 56-199] Attempt to get parsing info during refresh. "On-the-fly" syntax checking information may be incorrect. [C:\Vivado_project\RISC_V_main_decoder\RISC_V_main_decoder.srcs\sources_1\new\ALU.v:]
WARNING: [filemgmt 56-199] Attempt to get parsing info during refresh. "On-the-fly" syntax checking information may be incorrect. [C:\Vivado_project\RISC_V_main_decoder\RISC_V_main_decoder.srcs\sources_1\new\RF.v:]
WARNING: [filemgmt 56-199] Attempt to get parsing info during refresh. "On-the-fly" syntax checking information may be incorrect. [C:\Vivado_project\RISC_V_main_decoder\RISC_V_main_decoder.srcs\sources_1\new\decoder_riscv.v:]
WARNING: [filemgmt 56-199] Attempt to get parsing info during refresh. "On-the-fly" syntax checking information may be incorrect. [C:\Vivado_project\RISC_V_main_decoder\RISC_V_main_decoder.srcs\sources_1\new\Data_mem.v:]
WARNING: [filemgmt 56-199] Attempt to get parsing info during refresh. "On-the-fly" syntax checking information may be incorrect. [C:\Vivado_project\RISC_V_main_decoder\RISC_V_main_decoder.srcs\sources_1\new\data_mem.v:]
WARNING: [filemgmt 56-199] Attempt to get parsing info during refresh. "On-the-fly" syntax checking information may be incorrect. [C:\Vivado_project\RISC_V_main_decoder\RISC_V_main_decoder.srcs\sources_1\new\RISC_V_top.v:]
WARNING: [filemgmt 56-199] Attempt to get parsing info during refresh. "On-the-fly" syntax checking information may be incorrect. [C:\Vivado_project\RISC_V_main_decoder\RISC_V_main_decoder.srcs\sources_1\new\Decoder.v:]
WARNING: [filemgmt 56-199] Attempt to get parsing info during refresh. "On-the-fly" syntax checking information may be incorrect. [C:\Vivado_project\RISC_V_main_decoder\RISC_V_main_decoder.srcs\sim_1\new\RISC_V_tb.v:]
WARNING: [filemgmt 56-199] Attempt to get parsing info during refresh. "On-the-fly" syntax checking information may be incorrect. [C:\Vivado_project\RISC_V_main_decoder\RISC_V_main_decoder.srcs\sources_1\new\IM.v:]
ERROR: [Common 17-180] Spawn failed: No such file or directory
WARNING: [filemgmt 56-199] Attempt to get parsing info during refresh. "On-the-fly" syntax checking information may be incorrect. [C:\Vivado_project\RISC_V_main_decoder\RISC_V_main_decoder.srcs\sources_1\new\ALU.v:]
WARNING: [filemgmt 56-199] Attempt to get parsing info during refresh. "On-the-fly" syntax checking information may be incorrect. [C:\Vivado_project\RISC_V_main_decoder\RISC_V_main_decoder.srcs\sources_1\new\RF.v:]
WARNING: [filemgmt 56-199] Attempt to get parsing info during refresh. "On-the-fly" syntax checking information may be incorrect. [C:\Vivado_project\RISC_V_main_decoder\RISC_V_main_decoder.srcs\sources_1\new\decoder_riscv.v:]
WARNING: [filemgmt 56-199] Attempt to get parsing info during refresh. "On-the-fly" syntax checking information may be incorrect. [C:\Vivado_project\RISC_V_main_decoder\RISC_V_main_decoder.srcs\sources_1\new\Data_mem.v:]
WARNING: [filemgmt 56-199] Attempt to get parsing info during refresh. "On-the-fly" syntax checking information may be incorrect. [C:\Vivado_project\RISC_V_main_decoder\RISC_V_main_decoder.srcs\sources_1\new\data_mem.v:]
WARNING: [filemgmt 56-199] Attempt to get parsing info during refresh. "On-the-fly" syntax checking information may be incorrect. [C:\Vivado_project\RISC_V_main_decoder\RISC_V_main_decoder.srcs\sources_1\new\RISC_V_top.v:]
WARNING: [filemgmt 56-199] Attempt to get parsing info during refresh. "On-the-fly" syntax checking information may be incorrect. [C:\Vivado_project\RISC_V_main_decoder\RISC_V_main_decoder.srcs\sources_1\new\Decoder.v:]
WARNING: [filemgmt 56-199] Attempt to get parsing info during refresh. "On-the-fly" syntax checking information may be incorrect. [C:\Vivado_project\RISC_V_main_decoder\RISC_V_main_decoder.srcs\sim_1\new\RISC_V_tb.v:]
WARNING: [filemgmt 56-199] Attempt to get parsing info during refresh. "On-the-fly" syntax checking information may be incorrect. [C:\Vivado_project\RISC_V_main_decoder\RISC_V_main_decoder.srcs\sources_1\new\IM.v:]
WARNING: [filemgmt 56-199] Attempt to get parsing info during refresh. "On-the-fly" syntax checking information may be incorrect. [C:\Vivado_project\RISC_V_main_decoder\RISC_V_main_decoder.srcs\sources_1\new\ALU.v:]
WARNING: [filemgmt 56-199] Attempt to get parsing info during refresh. "On-the-fly" syntax checking information may be incorrect. [C:\Vivado_project\RISC_V_main_decoder\RISC_V_main_decoder.srcs\sources_1\new\RF.v:]
WARNING: [filemgmt 56-199] Attempt to get parsing info during refresh. "On-the-fly" syntax checking information may be incorrect. [C:\Vivado_project\RISC_V_main_decoder\RISC_V_main_decoder.srcs\sources_1\new\decoder_riscv.v:]
WARNING: [filemgmt 56-199] Attempt to get parsing info during refresh. "On-the-fly" syntax checking information may be incorrect. [C:\Vivado_project\RISC_V_main_decoder\RISC_V_main_decoder.srcs\sources_1\new\Data_mem.v:]
WARNING: [filemgmt 56-199] Attempt to get parsing info during refresh. "On-the-fly" syntax checking information may be incorrect. [C:\Vivado_project\RISC_V_main_decoder\RISC_V_main_decoder.srcs\sources_1\new\data_mem.v:]
WARNING: [filemgmt 56-199] Attempt to get parsing info during refresh. "On-the-fly" syntax checking information may be incorrect. [C:\Vivado_project\RISC_V_main_decoder\RISC_V_main_decoder.srcs\sources_1\new\RISC_V_top.v:]
WARNING: [filemgmt 56-199] Attempt to get parsing info during refresh. "On-the-fly" syntax checking information may be incorrect. [C:\Vivado_project\RISC_V_main_decoder\RISC_V_main_decoder.srcs\sources_1\new\Decoder.v:]
WARNING: [filemgmt 56-199] Attempt to get parsing info during refresh. "On-the-fly" syntax checking information may be incorrect. [C:\Vivado_project\RISC_V_main_decoder\RISC_V_main_decoder.srcs\sim_1\new\RISC_V_tb.v:]
WARNING: [filemgmt 56-199] Attempt to get parsing info during refresh. "On-the-fly" syntax checking information may be incorrect. [C:\Vivado_project\RISC_V_main_decoder\RISC_V_main_decoder.srcs\sources_1\new\IM.v:]
ERROR: [Common 17-180] Spawn failed: No such file or directory
WARNING: [filemgmt 56-199] Attempt to get parsing info during refresh. "On-the-fly" syntax checking information may be incorrect. [C:\Vivado_project\RISC_V_main_decoder\RISC_V_main_decoder.srcs\sources_1\new\ALU.v:]
WARNING: [filemgmt 56-199] Attempt to get parsing info during refresh. "On-the-fly" syntax checking information may be incorrect. [C:\Vivado_project\RISC_V_main_decoder\RISC_V_main_decoder.srcs\sources_1\new\RF.v:]
WARNING: [filemgmt 56-199] Attempt to get parsing info during refresh. "On-the-fly" syntax checking information may be incorrect. [C:\Vivado_project\RISC_V_main_decoder\RISC_V_main_decoder.srcs\sources_1\new\decoder_riscv.v:]
WARNING: [filemgmt 56-199] Attempt to get parsing info during refresh. "On-the-fly" syntax checking information may be incorrect. [C:\Vivado_project\RISC_V_main_decoder\RISC_V_main_decoder.srcs\sources_1\new\Data_mem.v:]
WARNING: [filemgmt 56-199] Attempt to get parsing info during refresh. "On-the-fly" syntax checking information may be incorrect. [C:\Vivado_project\RISC_V_main_decoder\RISC_V_main_decoder.srcs\sources_1\new\data_mem.v:]
WARNING: [filemgmt 56-199] Attempt to get parsing info during refresh. "On-the-fly" syntax checking information may be incorrect. [C:\Vivado_project\RISC_V_main_decoder\RISC_V_main_decoder.srcs\sources_1\new\RISC_V_top.v:]
WARNING: [filemgmt 56-199] Attempt to get parsing info during refresh. "On-the-fly" syntax checking information may be incorrect. [C:\Vivado_project\RISC_V_main_decoder\RISC_V_main_decoder.srcs\sources_1\new\Decoder.v:]
WARNING: [filemgmt 56-199] Attempt to get parsing info during refresh. "On-the-fly" syntax checking information may be incorrect. [C:\Vivado_project\RISC_V_main_decoder\RISC_V_main_decoder.srcs\sim_1\new\RISC_V_tb.v:]
WARNING: [filemgmt 56-199] Attempt to get parsing info during refresh. "On-the-fly" syntax checking information may be incorrect. [C:\Vivado_project\RISC_V_main_decoder\RISC_V_main_decoder.srcs\sources_1\new\IM.v:]
WARNING: [filemgmt 56-199] Attempt to get parsing info during refresh. "On-the-fly" syntax checking information may be incorrect. [C:\Vivado_project\RISC_V_main_decoder\RISC_V_main_decoder.srcs\sources_1\new\ALU.v:]
WARNING: [filemgmt 56-199] Attempt to get parsing info during refresh. "On-the-fly" syntax checking information may be incorrect. [C:\Vivado_project\RISC_V_main_decoder\RISC_V_main_decoder.srcs\sources_1\new\RF.v:]
WARNING: [filemgmt 56-199] Attempt to get parsing info during refresh. "On-the-fly" syntax checking information may be incorrect. [C:\Vivado_project\RISC_V_main_decoder\RISC_V_main_decoder.srcs\sources_1\new\decoder_riscv.v:]
WARNING: [filemgmt 56-199] Attempt to get parsing info during refresh. "On-the-fly" syntax checking information may be incorrect. [C:\Vivado_project\RISC_V_main_decoder\RISC_V_main_decoder.srcs\sources_1\new\Data_mem.v:]
WARNING: [filemgmt 56-199] Attempt to get parsing info during refresh. "On-the-fly" syntax checking information may be incorrect. [C:\Vivado_project\RISC_V_main_decoder\RISC_V_main_decoder.srcs\sources_1\new\data_mem.v:]
WARNING: [filemgmt 56-199] Attempt to get parsing info during refresh. "On-the-fly" syntax checking information may be incorrect. [C:\Vivado_project\RISC_V_main_decoder\RISC_V_main_decoder.srcs\sources_1\new\RISC_V_top.v:]
WARNING: [filemgmt 56-199] Attempt to get parsing info during refresh. "On-the-fly" syntax checking information may be incorrect. [C:\Vivado_project\RISC_V_main_decoder\RISC_V_main_decoder.srcs\sources_1\new\Decoder.v:]
WARNING: [filemgmt 56-199] Attempt to get parsing info during refresh. "On-the-fly" syntax checking information may be incorrect. [C:\Vivado_project\RISC_V_main_decoder\RISC_V_main_decoder.srcs\sim_1\new\RISC_V_tb.v:]
WARNING: [filemgmt 56-199] Attempt to get parsing info during refresh. "On-the-fly" syntax checking information may be incorrect. [C:\Vivado_project\RISC_V_main_decoder\RISC_V_main_decoder.srcs\sources_1\new\IM.v:]
ERROR: [Common 17-180] Spawn failed: No such file or directory
WARNING: [filemgmt 56-199] Attempt to get parsing info during refresh. "On-the-fly" syntax checking information may be incorrect. [C:\Vivado_project\RISC_V_main_decoder\RISC_V_main_decoder.srcs\sources_1\new\ALU.v:]
WARNING: [filemgmt 56-199] Attempt to get parsing info during refresh. "On-the-fly" syntax checking information may be incorrect. [C:\Vivado_project\RISC_V_main_decoder\RISC_V_main_decoder.srcs\sources_1\new\RF.v:]
WARNING: [filemgmt 56-199] Attempt to get parsing info during refresh. "On-the-fly" syntax checking information may be incorrect. [C:\Vivado_project\RISC_V_main_decoder\RISC_V_main_decoder.srcs\sources_1\new\decoder_riscv.v:]
WARNING: [filemgmt 56-199] Attempt to get parsing info during refresh. "On-the-fly" syntax checking information may be incorrect. [C:\Vivado_project\RISC_V_main_decoder\RISC_V_main_decoder.srcs\sources_1\new\Data_mem.v:]
WARNING: [filemgmt 56-199] Attempt to get parsing info during refresh. "On-the-fly" syntax checking information may be incorrect. [C:\Vivado_project\RISC_V_main_decoder\RISC_V_main_decoder.srcs\sources_1\new\data_mem.v:]
WARNING: [filemgmt 56-199] Attempt to get parsing info during refresh. "On-the-fly" syntax checking information may be incorrect. [C:\Vivado_project\RISC_V_main_decoder\RISC_V_main_decoder.srcs\sources_1\new\RISC_V_top.v:]
WARNING: [filemgmt 56-199] Attempt to get parsing info during refresh. "On-the-fly" syntax checking information may be incorrect. [C:\Vivado_project\RISC_V_main_decoder\RISC_V_main_decoder.srcs\sources_1\new\Decoder.v:]
WARNING: [filemgmt 56-199] Attempt to get parsing info during refresh. "On-the-fly" syntax checking information may be incorrect. [C:\Vivado_project\RISC_V_main_decoder\RISC_V_main_decoder.srcs\sim_1\new\RISC_V_tb.v:]
WARNING: [filemgmt 56-199] Attempt to get parsing info during refresh. "On-the-fly" syntax checking information may be incorrect. [C:\Vivado_project\RISC_V_main_decoder\RISC_V_main_decoder.srcs\sources_1\new\IM.v:]
WARNING: [filemgmt 56-199] Attempt to get parsing info during refresh. "On-the-fly" syntax checking information may be incorrect. [C:\Vivado_project\RISC_V_main_decoder\RISC_V_main_decoder.srcs\sources_1\new\ALU.v:]
WARNING: [filemgmt 56-199] Attempt to get parsing info during refresh. "On-the-fly" syntax checking information may be incorrect. [C:\Vivado_project\RISC_V_main_decoder\RISC_V_main_decoder.srcs\sources_1\new\RF.v:]
WARNING: [filemgmt 56-199] Attempt to get parsing info during refresh. "On-the-fly" syntax checking information may be incorrect. [C:\Vivado_project\RISC_V_main_decoder\RISC_V_main_decoder.srcs\sources_1\new\decoder_riscv.v:]
WARNING: [filemgmt 56-199] Attempt to get parsing info during refresh. "On-the-fly" syntax checking information may be incorrect. [C:\Vivado_project\RISC_V_main_decoder\RISC_V_main_decoder.srcs\sources_1\new\Data_mem.v:]
WARNING: [filemgmt 56-199] Attempt to get parsing info during refresh. "On-the-fly" syntax checking information may be incorrect. [C:\Vivado_project\RISC_V_main_decoder\RISC_V_main_decoder.srcs\sources_1\new\data_mem.v:]
WARNING: [filemgmt 56-199] Attempt to get parsing info during refresh. "On-the-fly" syntax checking information may be incorrect. [C:\Vivado_project\RISC_V_main_decoder\RISC_V_main_decoder.srcs\sources_1\new\RISC_V_top.v:]
WARNING: [filemgmt 56-199] Attempt to get parsing info during refresh. "On-the-fly" syntax checking information may be incorrect. [C:\Vivado_project\RISC_V_main_decoder\RISC_V_main_decoder.srcs\sources_1\new\Decoder.v:]
WARNING: [filemgmt 56-199] Attempt to get parsing info during refresh. "On-the-fly" syntax checking information may be incorrect. [C:\Vivado_project\RISC_V_main_decoder\RISC_V_main_decoder.srcs\sim_1\new\RISC_V_tb.v:]
WARNING: [filemgmt 56-199] Attempt to get parsing info during refresh. "On-the-fly" syntax checking information may be incorrect. [C:\Vivado_project\RISC_V_main_decoder\RISC_V_main_decoder.srcs\sources_1\new\IM.v:]
ERROR: [Common 17-180] Spawn failed: No such file or directory
WARNING: [filemgmt 56-199] Attempt to get parsing info during refresh. "On-the-fly" syntax checking information may be incorrect. [C:\Vivado_project\RISC_V_main_decoder\RISC_V_main_decoder.srcs\sources_1\new\ALU.v:]
WARNING: [filemgmt 56-199] Attempt to get parsing info during refresh. "On-the-fly" syntax checking information may be incorrect. [C:\Vivado_project\RISC_V_main_decoder\RISC_V_main_decoder.srcs\sources_1\new\RF.v:]
WARNING: [filemgmt 56-199] Attempt to get parsing info during refresh. "On-the-fly" syntax checking information may be incorrect. [C:\Vivado_project\RISC_V_main_decoder\RISC_V_main_decoder.srcs\sources_1\new\decoder_riscv.v:]
WARNING: [filemgmt 56-199] Attempt to get parsing info during refresh. "On-the-fly" syntax checking information may be incorrect. [C:\Vivado_project\RISC_V_main_decoder\RISC_V_main_decoder.srcs\sources_1\new\Data_mem.v:]
WARNING: [filemgmt 56-199] Attempt to get parsing info during refresh. "On-the-fly" syntax checking information may be incorrect. [C:\Vivado_project\RISC_V_main_decoder\RISC_V_main_decoder.srcs\sources_1\new\data_mem.v:]
WARNING: [filemgmt 56-199] Attempt to get parsing info during refresh. "On-the-fly" syntax checking information may be incorrect. [C:\Vivado_project\RISC_V_main_decoder\RISC_V_main_decoder.srcs\sources_1\new\RISC_V_top.v:]
WARNING: [filemgmt 56-199] Attempt to get parsing info during refresh. "On-the-fly" syntax checking information may be incorrect. [C:\Vivado_project\RISC_V_main_decoder\RISC_V_main_decoder.srcs\sources_1\new\Decoder.v:]
WARNING: [filemgmt 56-199] Attempt to get parsing info during refresh. "On-the-fly" syntax checking information may be incorrect. [C:\Vivado_project\RISC_V_main_decoder\RISC_V_main_decoder.srcs\sim_1\new\RISC_V_tb.v:]
WARNING: [filemgmt 56-199] Attempt to get parsing info during refresh. "On-the-fly" syntax checking information may be incorrect. [C:\Vivado_project\RISC_V_main_decoder\RISC_V_main_decoder.srcs\sources_1\new\IM.v:]
ERROR: [Common 17-180] Spawn failed: No such file or directory
WARNING: [filemgmt 56-199] Attempt to get parsing info during refresh. "On-the-fly" syntax checking information may be incorrect. [C:\Vivado_project\RISC_V_main_decoder\RISC_V_main_decoder.srcs\sources_1\new\ALU.v:]
WARNING: [filemgmt 56-199] Attempt to get parsing info during refresh. "On-the-fly" syntax checking information may be incorrect. [C:\Vivado_project\RISC_V_main_decoder\RISC_V_main_decoder.srcs\sources_1\new\RF.v:]
WARNING: [filemgmt 56-199] Attempt to get parsing info during refresh. "On-the-fly" syntax checking information may be incorrect. [C:\Vivado_project\RISC_V_main_decoder\RISC_V_main_decoder.srcs\sources_1\new\decoder_riscv.v:]
WARNING: [filemgmt 56-199] Attempt to get parsing info during refresh. "On-the-fly" syntax checking information may be incorrect. [C:\Vivado_project\RISC_V_main_decoder\RISC_V_main_decoder.srcs\sources_1\new\Data_mem.v:]
WARNING: [filemgmt 56-199] Attempt to get parsing info during refresh. "On-the-fly" syntax checking information may be incorrect. [C:\Vivado_project\RISC_V_main_decoder\RISC_V_main_decoder.srcs\sources_1\new\data_mem.v:]
WARNING: [filemgmt 56-199] Attempt to get parsing info during refresh. "On-the-fly" syntax checking information may be incorrect. [C:\Vivado_project\RISC_V_main_decoder\RISC_V_main_decoder.srcs\sources_1\new\RISC_V_top.v:]
WARNING: [filemgmt 56-199] Attempt to get parsing info during refresh. "On-the-fly" syntax checking information may be incorrect. [C:\Vivado_project\RISC_V_main_decoder\RISC_V_main_decoder.srcs\sources_1\new\Decoder.v:]
WARNING: [filemgmt 56-199] Attempt to get parsing info during refresh. "On-the-fly" syntax checking information may be incorrect. [C:\Vivado_project\RISC_V_main_decoder\RISC_V_main_decoder.srcs\sim_1\new\RISC_V_tb.v:]
WARNING: [filemgmt 56-199] Attempt to get parsing info during refresh. "On-the-fly" syntax checking information may be incorrect. [C:\Vivado_project\RISC_V_main_decoder\RISC_V_main_decoder.srcs\sources_1\new\IM.v:]
ERROR: [Common 17-180] Spawn failed: No such file or directory
WARNING: [filemgmt 56-199] Attempt to get parsing info during refresh. "On-the-fly" syntax checking information may be incorrect. [C:\Vivado_project\RISC_V_main_decoder\RISC_V_main_decoder.srcs\sources_1\new\ALU.v:]
WARNING: [filemgmt 56-199] Attempt to get parsing info during refresh. "On-the-fly" syntax checking information may be incorrect. [C:\Vivado_project\RISC_V_main_decoder\RISC_V_main_decoder.srcs\sources_1\new\RF.v:]
WARNING: [filemgmt 56-199] Attempt to get parsing info during refresh. "On-the-fly" syntax checking information may be incorrect. [C:\Vivado_project\RISC_V_main_decoder\RISC_V_main_decoder.srcs\sources_1\new\decoder_riscv.v:]
WARNING: [filemgmt 56-199] Attempt to get parsing info during refresh. "On-the-fly" syntax checking information may be incorrect. [C:\Vivado_project\RISC_V_main_decoder\RISC_V_main_decoder.srcs\sources_1\new\Data_mem.v:]
WARNING: [filemgmt 56-199] Attempt to get parsing info during refresh. "On-the-fly" syntax checking information may be incorrect. [C:\Vivado_project\RISC_V_main_decoder\RISC_V_main_decoder.srcs\sources_1\new\data_mem.v:]
WARNING: [filemgmt 56-199] Attempt to get parsing info during refresh. "On-the-fly" syntax checking information may be incorrect. [C:\Vivado_project\RISC_V_main_decoder\RISC_V_main_decoder.srcs\sources_1\new\RISC_V_top.v:]
WARNING: [filemgmt 56-199] Attempt to get parsing info during refresh. "On-the-fly" syntax checking information may be incorrect. [C:\Vivado_project\RISC_V_main_decoder\RISC_V_main_decoder.srcs\sources_1\new\Decoder.v:]
WARNING: [filemgmt 56-199] Attempt to get parsing info during refresh. "On-the-fly" syntax checking information may be incorrect. [C:\Vivado_project\RISC_V_main_decoder\RISC_V_main_decoder.srcs\sim_1\new\RISC_V_tb.v:]
WARNING: [filemgmt 56-199] Attempt to get parsing info during refresh. "On-the-fly" syntax checking information may be incorrect. [C:\Vivado_project\RISC_V_main_decoder\RISC_V_main_decoder.srcs\sources_1\new\IM.v:]
WARNING: [filemgmt 56-199] Attempt to get parsing info during refresh. "On-the-fly" syntax checking information may be incorrect. [C:\Vivado_project\RISC_V_main_decoder\RISC_V_main_decoder.srcs\sources_1\new\ALU.v:]
INFO: [Common 17-14] Message 'filemgmt 56-199' appears 100 times and further instances of the messages will be disabled. Use the Tcl command set_msg_config to change the current settings.
ERROR: [Common 17-180] Spawn failed: No such file or directory
ERROR: [Common 17-180] Spawn failed: No such file or directory
ERROR: [Common 17-180] Spawn failed: No such file or directory
ERROR: [Common 17-180] Spawn failed: No such file or directory
ERROR: [Common 17-180] Spawn failed: No such file or directory
ERROR: [Common 17-180] Spawn failed: No such file or directory
ERROR: [Common 17-180] Spawn failed: No such file or directory
ERROR: [Common 17-180] Spawn failed: No such file or directory
ERROR: [Common 17-180] Spawn failed: No such file or directory
ERROR: [Common 17-180] Spawn failed: No such file or directory
ERROR: [Common 17-180] Spawn failed: No such file or directory
ERROR: [Common 17-180] Spawn failed: No such file or directory
ERROR: [Common 17-180] Spawn failed: No such file or directory
ERROR: [Common 17-180] Spawn failed: No such file or directory
ERROR: [Common 17-180] Spawn failed: No such file or directory
ERROR: [Common 17-180] Spawn failed: No such file or directory
ERROR: [Common 17-180] Spawn failed: No such file or directory
ERROR: [Common 17-180] Spawn failed: No such file or directory
ERROR: [Common 17-180] Spawn failed: No such file or directory
ERROR: [Common 17-180] Spawn failed: No such file or directory
ERROR: [Common 17-180] Spawn failed: No such file or directory
ERROR: [Common 17-180] Spawn failed: No such file or directory
ERROR: [Common 17-180] Spawn failed: No such file or directory
ERROR: [Common 17-180] Spawn failed: No such file or directory
ERROR: [Common 17-180] Spawn failed: No such file or directory
ERROR: [Common 17-180] Spawn failed: No such file or directory
ERROR: [Common 17-180] Spawn failed: No such file or directory
ERROR: [Common 17-180] Spawn failed: No such file or directory
ERROR: [Common 17-180] Spawn failed: No such file or directory
