#-----------------------------------------------------------
# Vivado v2019.2 (64-bit)
# SW Build 2708876 on Wed Nov  6 21:40:23 MST 2019
# IP Build 2700528 on Thu Nov  7 00:09:20 MST 2019
# Start of session at: Mon Nov 28 19:00:40 2022
# Process ID: 3756
# Current directory: C:/Vivado_project/RISC_V_main_decoder
# Command line: vivado.exe -gui_launcher_event rodinguilauncherevent2396 C:\Vivado_project\RISC_V_main_decoder\RISC_V_main_decoder.xpr
# Log file: C:/Vivado_project/RISC_V_main_decoder/vivado.log
# Journal file: C:/Vivado_project/RISC_V_main_decoder\vivado.jou
#-----------------------------------------------------------
start_gui
open_project C:/Vivado_project/RISC_V_main_decoder/RISC_V_main_decoder.xpr
Scanning sources...
Finished scanning sources
INFO: [IP_Flow 19-234] Refreshing IP repositories
INFO: [IP_Flow 19-1704] No user IP repositories specified
INFO: [IP_Flow 19-2313] Loaded Vivado IP repository 'C:/Xilinx/Vivado/2019.2/data/ip'.
update_compile_order -fileset sources_1
WARNING: [filemgmt 56-199] Attempt to get parsing info during refresh. "On-the-fly" syntax checking information may be incorrect. [C:\Vivado_project\RISC_V_main_decoder\RISC_V_main_decoder.srcs\sources_1\new\ALU.v:]
WARNING: [filemgmt 56-199] Attempt to get parsing info during refresh. "On-the-fly" syntax checking information may be incorrect. [C:\Vivado_project\RISC_V_main_decoder\RISC_V_main_decoder.srcs\sources_1\new\RF.v:]
WARNING: [filemgmt 56-199] Attempt to get parsing info during refresh. "On-the-fly" syntax checking information may be incorrect. [C:\Vivado_project\RISC_V_main_decoder\RISC_V_main_decoder.srcs\sources_1\new\decoder_riscv.v:]
WARNING: [filemgmt 56-199] Attempt to get parsing info during refresh. "On-the-fly" syntax checking information may be incorrect. [C:\Vivado_project\RISC_V_main_decoder\RISC_V_main_decoder.srcs\sources_1\new\data_mem.v:]
WARNING: [filemgmt 56-199] Attempt to get parsing info during refresh. "On-the-fly" syntax checking information may be incorrect. [C:\Vivado_project\RISC_V_main_decoder\RISC_V_main_decoder.srcs\sources_1\new\RISC_V_top.v:]
WARNING: [filemgmt 56-199] Attempt to get parsing info during refresh. "On-the-fly" syntax checking information may be incorrect. [C:\Vivado_project\RISC_V_main_decoder\RISC_V_main_decoder.srcs\sources_1\new\IM.v:]
WARNING: [filemgmt 56-199] Attempt to get parsing info during refresh. "On-the-fly" syntax checking information may be incorrect. [C:\Vivado_project\RISC_V_main_decoder\RISC_V_main_decoder.srcs\sim_1\new\RISC_V_tb.v:]
WARNING: [filemgmt 56-199] Attempt to get parsing info during refresh. "On-the-fly" syntax checking information may be incorrect. [C:\Vivado_project\RISC_V_main_decoder\RISC_V_main_decoder.srcs\sources_1\new\ALU.v:]
WARNING: [filemgmt 56-199] Attempt to get parsing info during refresh. "On-the-fly" syntax checking information may be incorrect. [C:\Vivado_project\RISC_V_main_decoder\RISC_V_main_decoder.srcs\sources_1\new\RF.v:]
WARNING: [filemgmt 56-199] Attempt to get parsing info during refresh. "On-the-fly" syntax checking information may be incorrect. [C:\Vivado_project\RISC_V_main_decoder\RISC_V_main_decoder.srcs\sources_1\new\decoder_riscv.v:]
WARNING: [filemgmt 56-199] Attempt to get parsing info during refresh. "On-the-fly" syntax checking information may be incorrect. [C:\Vivado_project\RISC_V_main_decoder\RISC_V_main_decoder.srcs\sources_1\new\data_mem.v:]
WARNING: [filemgmt 56-199] Attempt to get parsing info during refresh. "On-the-fly" syntax checking information may be incorrect. [C:\Vivado_project\RISC_V_main_decoder\RISC_V_main_decoder.srcs\sources_1\new\RISC_V_top.v:]
WARNING: [filemgmt 56-199] Attempt to get parsing info during refresh. "On-the-fly" syntax checking information may be incorrect. [C:\Vivado_project\RISC_V_main_decoder\RISC_V_main_decoder.srcs\sources_1\new\IM.v:]
WARNING: [filemgmt 56-199] Attempt to get parsing info during refresh. "On-the-fly" syntax checking information may be incorrect. [C:\Vivado_project\RISC_V_main_decoder\RISC_V_main_decoder.srcs\sim_1\new\RISC_V_tb.v:]
WARNING: [filemgmt 56-199] Attempt to get parsing info during refresh. "On-the-fly" syntax checking information may be incorrect. [C:\Vivado_project\RISC_V_main_decoder\RISC_V_main_decoder.srcs\sources_1\new\ALU.v:]
WARNING: [filemgmt 56-199] Attempt to get parsing info during refresh. "On-the-fly" syntax checking information may be incorrect. [C:\Vivado_project\RISC_V_main_decoder\RISC_V_main_decoder.srcs\sources_1\new\RF.v:]
WARNING: [filemgmt 56-199] Attempt to get parsing info during refresh. "On-the-fly" syntax checking information may be incorrect. [C:\Vivado_project\RISC_V_main_decoder\RISC_V_main_decoder.srcs\sources_1\new\decoder_riscv.v:]
WARNING: [filemgmt 56-199] Attempt to get parsing info during refresh. "On-the-fly" syntax checking information may be incorrect. [C:\Vivado_project\RISC_V_main_decoder\RISC_V_main_decoder.srcs\sources_1\new\data_mem.v:]
WARNING: [filemgmt 56-199] Attempt to get parsing info during refresh. "On-the-fly" syntax checking information may be incorrect. [C:\Vivado_project\RISC_V_main_decoder\RISC_V_main_decoder.srcs\sources_1\new\RISC_V_top.v:]
WARNING: [filemgmt 56-199] Attempt to get parsing info during refresh. "On-the-fly" syntax checking information may be incorrect. [C:\Vivado_project\RISC_V_main_decoder\RISC_V_main_decoder.srcs\sources_1\new\IM.v:]
WARNING: [filemgmt 56-199] Attempt to get parsing info during refresh. "On-the-fly" syntax checking information may be incorrect. [C:\Vivado_project\RISC_V_main_decoder\RISC_V_main_decoder.srcs\sim_1\new\RISC_V_tb.v:]
WARNING: [filemgmt 56-199] Attempt to get parsing info during refresh. "On-the-fly" syntax checking information may be incorrect. [C:\Vivado_project\RISC_V_main_decoder\RISC_V_main_decoder.srcs\sources_1\new\ALU.v:]
WARNING: [filemgmt 56-199] Attempt to get parsing info during refresh. "On-the-fly" syntax checking information may be incorrect. [C:\Vivado_project\RISC_V_main_decoder\RISC_V_main_decoder.srcs\sources_1\new\RF.v:]
WARNING: [filemgmt 56-199] Attempt to get parsing info during refresh. "On-the-fly" syntax checking information may be incorrect. [C:\Vivado_project\RISC_V_main_decoder\RISC_V_main_decoder.srcs\sources_1\new\decoder_riscv.v:]
WARNING: [filemgmt 56-199] Attempt to get parsing info during refresh. "On-the-fly" syntax checking information may be incorrect. [C:\Vivado_project\RISC_V_main_decoder\RISC_V_main_decoder.srcs\sources_1\new\data_mem.v:]
WARNING: [filemgmt 56-199] Attempt to get parsing info during refresh. "On-the-fly" syntax checking information may be incorrect. [C:\Vivado_project\RISC_V_main_decoder\RISC_V_main_decoder.srcs\sources_1\new\RISC_V_top.v:]
WARNING: [filemgmt 56-199] Attempt to get parsing info during refresh. "On-the-fly" syntax checking information may be incorrect. [C:\Vivado_project\RISC_V_main_decoder\RISC_V_main_decoder.srcs\sources_1\new\IM.v:]
WARNING: [filemgmt 56-199] Attempt to get parsing info during refresh. "On-the-fly" syntax checking information may be incorrect. [C:\Vivado_project\RISC_V_main_decoder\RISC_V_main_decoder.srcs\sim_1\new\RISC_V_tb.v:]
ERROR: [Common 17-180] Spawn failed: No error
WARNING: [filemgmt 56-199] Attempt to get parsing info during refresh. "On-the-fly" syntax checking information may be incorrect. [C:\Vivado_project\RISC_V_main_decoder\RISC_V_main_decoder.srcs\sources_1\new\ALU.v:]
WARNING: [filemgmt 56-199] Attempt to get parsing info during refresh. "On-the-fly" syntax checking information may be incorrect. [C:\Vivado_project\RISC_V_main_decoder\RISC_V_main_decoder.srcs\sources_1\new\RF.v:]
WARNING: [filemgmt 56-199] Attempt to get parsing info during refresh. "On-the-fly" syntax checking information may be incorrect. [C:\Vivado_project\RISC_V_main_decoder\RISC_V_main_decoder.srcs\sources_1\new\decoder_riscv.v:]
WARNING: [filemgmt 56-199] Attempt to get parsing info during refresh. "On-the-fly" syntax checking information may be incorrect. [C:\Vivado_project\RISC_V_main_decoder\RISC_V_main_decoder.srcs\sources_1\new\data_mem.v:]
WARNING: [filemgmt 56-199] Attempt to get parsing info during refresh. "On-the-fly" syntax checking information may be incorrect. [C:\Vivado_project\RISC_V_main_decoder\RISC_V_main_decoder.srcs\sources_1\new\RISC_V_top.v:]
WARNING: [filemgmt 56-199] Attempt to get parsing info during refresh. "On-the-fly" syntax checking information may be incorrect. [C:\Vivado_project\RISC_V_main_decoder\RISC_V_main_decoder.srcs\sources_1\new\IM.v:]
WARNING: [filemgmt 56-199] Attempt to get parsing info during refresh. "On-the-fly" syntax checking information may be incorrect. [C:\Vivado_project\RISC_V_main_decoder\RISC_V_main_decoder.srcs\sim_1\new\RISC_V_tb.v:]
ERROR: [Common 17-180] Spawn failed: No error
WARNING: [filemgmt 56-199] Attempt to get parsing info during refresh. "On-the-fly" syntax checking information may be incorrect. [C:\Vivado_project\RISC_V_main_decoder\RISC_V_main_decoder.srcs\sources_1\new\ALU.v:]
WARNING: [filemgmt 56-199] Attempt to get parsing info during refresh. "On-the-fly" syntax checking information may be incorrect. [C:\Vivado_project\RISC_V_main_decoder\RISC_V_main_decoder.srcs\sources_1\new\RF.v:]
WARNING: [filemgmt 56-199] Attempt to get parsing info during refresh. "On-the-fly" syntax checking information may be incorrect. [C:\Vivado_project\RISC_V_main_decoder\RISC_V_main_decoder.srcs\sources_1\new\decoder_riscv.v:]
WARNING: [filemgmt 56-199] Attempt to get parsing info during refresh. "On-the-fly" syntax checking information may be incorrect. [C:\Vivado_project\RISC_V_main_decoder\RISC_V_main_decoder.srcs\sources_1\new\data_mem.v:]
WARNING: [filemgmt 56-199] Attempt to get parsing info during refresh. "On-the-fly" syntax checking information may be incorrect. [C:\Vivado_project\RISC_V_main_decoder\RISC_V_main_decoder.srcs\sources_1\new\RISC_V_top.v:]
WARNING: [filemgmt 56-199] Attempt to get parsing info during refresh. "On-the-fly" syntax checking information may be incorrect. [C:\Vivado_project\RISC_V_main_decoder\RISC_V_main_decoder.srcs\sources_1\new\IM.v:]
WARNING: [filemgmt 56-199] Attempt to get parsing info during refresh. "On-the-fly" syntax checking information may be incorrect. [C:\Vivado_project\RISC_V_main_decoder\RISC_V_main_decoder.srcs\sim_1\new\RISC_V_tb.v:]
ERROR: [Common 17-180] Spawn failed: No error
update_compile_order -fileset sources_1
update_compile_order -fileset sources_1
add_files -norecurse C:/Vivado_project/RISC_V_main_decoder/RISC_V_main_decoder.srcs/sources_1/new/data.txt
set_property file_type {Memory Initialization Files} [get_files  C:/Vivado_project/RISC_V_main_decoder/RISC_V_main_decoder.srcs/sources_1/new/data.txt]
update_compile_order -fileset sources_1
update_compile_order -fileset sources_1
reset_run synth_1
launch_runs synth_1 -jobs 6
[Wed Nov 30 16:33:52 2022] Launched synth_1...
Run output will be captured here: C:/Vivado_project/RISC_V_main_decoder/RISC_V_main_decoder.runs/synth_1/runme.log
launch_simulation
Command: launch_simulation 
INFO: [Vivado 12-5682] Launching behavioral simulation in 'C:/Vivado_project/RISC_V_main_decoder/RISC_V_main_decoder.sim/sim_1/behav/xsim'
INFO: [SIM-utils-51] Simulation object is 'sim_1'
INFO: [SIM-utils-54] Inspecting design source files for 'RISC_V_tb' in fileset 'sim_1'...
INFO: [SIM-utils-43] Exported 'C:/Vivado_project/RISC_V_main_decoder/RISC_V_main_decoder.sim/sim_1/behav/xsim/ram.txt'
INFO: [SIM-utils-43] Exported 'C:/Vivado_project/RISC_V_main_decoder/RISC_V_main_decoder.sim/sim_1/behav/xsim/rf.txt'
INFO: [SIM-utils-43] Exported 'C:/Vivado_project/RISC_V_main_decoder/RISC_V_main_decoder.sim/sim_1/behav/xsim/data.txt'
INFO: [USF-XSim-97] Finding global include files...
INFO: [USF-XSim-98] Fetching design files from 'sim_1'...
INFO: [USF-XSim-2] XSim::Compile design
INFO: [USF-XSim-61] Executing 'COMPILE and ANALYZE' step in 'C:/Vivado_project/RISC_V_main_decoder/RISC_V_main_decoder.sim/sim_1/behav/xsim'
"xvlog --incr --relax -prj RISC_V_tb_vlog.prj"
INFO: [VRFC 10-2263] Analyzing Verilog file "C:/Vivado_project/RISC_V_main_decoder/RISC_V_main_decoder.srcs/sources_1/new/ALU.v" into library xil_defaultlib
INFO: [VRFC 10-311] analyzing module ALU
INFO: [VRFC 10-2263] Analyzing Verilog file "C:/Vivado_project/RISC_V_main_decoder/RISC_V_main_decoder.srcs/sources_1/new/IM.v" into library xil_defaultlib
INFO: [VRFC 10-311] analyzing module IM
INFO: [VRFC 10-2263] Analyzing Verilog file "C:/Vivado_project/RISC_V_main_decoder/RISC_V_main_decoder.srcs/sources_1/new/RF.v" into library xil_defaultlib
INFO: [VRFC 10-311] analyzing module RF
INFO: [VRFC 10-2263] Analyzing Verilog file "C:/Vivado_project/RISC_V_main_decoder/RISC_V_main_decoder.srcs/sources_1/new/RISC_V_top.v" into library xil_defaultlib
INFO: [VRFC 10-311] analyzing module RISC_V_top
INFO: [VRFC 10-2458] undeclared symbol mux2x1_const_J_B, assumed default net type wire [C:/Vivado_project/RISC_V_main_decoder/RISC_V_main_decoder.srcs/sources_1/new/RISC_V_top.v:79]
INFO: [VRFC 10-2458] undeclared symbol mux2x1_WD3, assumed default net type wire [C:/Vivado_project/RISC_V_main_decoder/RISC_V_main_decoder.srcs/sources_1/new/RISC_V_top.v:153]
INFO: [VRFC 10-2458] undeclared symbol fetched_instr, assumed default net type wire [C:/Vivado_project/RISC_V_main_decoder/RISC_V_main_decoder.srcs/sources_1/new/RISC_V_top.v:164]
INFO: [VRFC 10-2263] Analyzing Verilog file "C:/Vivado_project/RISC_V_main_decoder/RISC_V_main_decoder.srcs/sources_1/new/data_mem.v" into library xil_defaultlib
INFO: [VRFC 10-311] analyzing module data_mem
INFO: [VRFC 10-2263] Analyzing Verilog file "C:/Vivado_project/RISC_V_main_decoder/RISC_V_main_decoder.srcs/sources_1/new/decoder_riscv.v" into library xil_defaultlib
WARNING: [VRFC 10-3507] macro 'ALU_AND' redefined [C:/Vivado_project/RISC_V_main_decoder/RISC_V_main_decoder.srcs/sources_1/new/decoder_riscv.v:12]
INFO: [VRFC 10-311] analyzing module decoder_riscv
INFO: [VRFC 10-2263] Analyzing Verilog file "C:/Vivado_project/RISC_V_main_decoder/RISC_V_main_decoder.srcs/sim_1/new/RISC_V_tb.v" into library xil_defaultlib
INFO: [VRFC 10-311] analyzing module RISC_V_tb
INFO: [USF-XSim-69] 'compile' step finished in '2' seconds
INFO: [USF-XSim-3] XSim::Elaborate design
INFO: [USF-XSim-61] Executing 'ELABORATE' step in 'C:/Vivado_project/RISC_V_main_decoder/RISC_V_main_decoder.sim/sim_1/behav/xsim'
"xelab -wto 97664f80239543268f7130fad3efeb32 --incr --debug typical --relax --mt 2 -L xil_defaultlib -L unisims_ver -L unimacro_ver -L secureip --snapshot RISC_V_tb_behav xil_defaultlib.RISC_V_tb xil_defaultlib.glbl -log elaborate.log"
Vivado Simulator 2019.2
Copyright 1986-1999, 2001-2019 Xilinx, Inc. All Rights Reserved.
Running: C:/Xilinx/Vivado/2019.2/bin/unwrapped/win64.o/xelab.exe -wto 97664f80239543268f7130fad3efeb32 --incr --debug typical --relax --mt 2 -L xil_defaultlib -L unisims_ver -L unimacro_ver -L secureip --snapshot RISC_V_tb_behav xil_defaultlib.RISC_V_tb xil_defaultlib.glbl -log elaborate.log 
Using 2 slave threads.
Starting static elaboration
Pass Through NonSizing Optimizer
ERROR: [VRFC 10-3180] cannot find port 'rst' on this module [C:/Vivado_project/RISC_V_main_decoder/RISC_V_main_decoder.srcs/sim_1/new/RISC_V_tb.v:14]
ERROR: [XSIM 43-3322] Static elaboration of top level Verilog design unit(s) in library work failed.
INFO: [USF-XSim-69] 'elaborate' step finished in '2' seconds
INFO: [USF-XSim-99] Step results log file:'C:/Vivado_project/RISC_V_main_decoder/RISC_V_main_decoder.sim/sim_1/behav/xsim/elaborate.log'
ERROR: [USF-XSim-62] 'elaborate' step failed with error(s). Please check the Tcl console output or 'C:/Vivado_project/RISC_V_main_decoder/RISC_V_main_decoder.sim/sim_1/behav/xsim/elaborate.log' file for more information.
ERROR: [Vivado 12-4473] Detected error while running simulation. Please correct the issue and retry this operation.
ERROR: [Common 17-39] 'launch_simulation' failed due to earlier errors.
launch_simulation
Command: launch_simulation 
INFO: [Vivado 12-5682] Launching behavioral simulation in 'C:/Vivado_project/RISC_V_main_decoder/RISC_V_main_decoder.sim/sim_1/behav/xsim'
INFO: [SIM-utils-51] Simulation object is 'sim_1'
INFO: [SIM-utils-54] Inspecting design source files for 'RISC_V_tb' in fileset 'sim_1'...
INFO: [SIM-utils-43] Exported 'C:/Vivado_project/RISC_V_main_decoder/RISC_V_main_decoder.sim/sim_1/behav/xsim/ram.txt'
INFO: [SIM-utils-43] Exported 'C:/Vivado_project/RISC_V_main_decoder/RISC_V_main_decoder.sim/sim_1/behav/xsim/rf.txt'
INFO: [SIM-utils-43] Exported 'C:/Vivado_project/RISC_V_main_decoder/RISC_V_main_decoder.sim/sim_1/behav/xsim/data.txt'
INFO: [USF-XSim-97] Finding global include files...
INFO: [USF-XSim-98] Fetching design files from 'sim_1'...
INFO: [USF-XSim-2] XSim::Compile design
INFO: [USF-XSim-61] Executing 'COMPILE and ANALYZE' step in 'C:/Vivado_project/RISC_V_main_decoder/RISC_V_main_decoder.sim/sim_1/behav/xsim'
"xvlog --incr --relax -prj RISC_V_tb_vlog.prj"
INFO: [VRFC 10-2263] Analyzing Verilog file "C:/Vivado_project/RISC_V_main_decoder/RISC_V_main_decoder.srcs/sources_1/new/ALU.v" into library xil_defaultlib
INFO: [VRFC 10-311] analyzing module ALU
INFO: [VRFC 10-2263] Analyzing Verilog file "C:/Vivado_project/RISC_V_main_decoder/RISC_V_main_decoder.srcs/sources_1/new/IM.v" into library xil_defaultlib
INFO: [VRFC 10-311] analyzing module IM
INFO: [VRFC 10-2263] Analyzing Verilog file "C:/Vivado_project/RISC_V_main_decoder/RISC_V_main_decoder.srcs/sources_1/new/RF.v" into library xil_defaultlib
INFO: [VRFC 10-311] analyzing module RF
INFO: [VRFC 10-2263] Analyzing Verilog file "C:/Vivado_project/RISC_V_main_decoder/RISC_V_main_decoder.srcs/sources_1/new/RISC_V_top.v" into library xil_defaultlib
INFO: [VRFC 10-311] analyzing module RISC_V_top
INFO: [VRFC 10-2458] undeclared symbol mux2x1_const_J_B, assumed default net type wire [C:/Vivado_project/RISC_V_main_decoder/RISC_V_main_decoder.srcs/sources_1/new/RISC_V_top.v:79]
INFO: [VRFC 10-2458] undeclared symbol mux2x1_WD3, assumed default net type wire [C:/Vivado_project/RISC_V_main_decoder/RISC_V_main_decoder.srcs/sources_1/new/RISC_V_top.v:153]
INFO: [VRFC 10-2458] undeclared symbol fetched_instr, assumed default net type wire [C:/Vivado_project/RISC_V_main_decoder/RISC_V_main_decoder.srcs/sources_1/new/RISC_V_top.v:164]
INFO: [VRFC 10-2263] Analyzing Verilog file "C:/Vivado_project/RISC_V_main_decoder/RISC_V_main_decoder.srcs/sources_1/new/data_mem.v" into library xil_defaultlib
INFO: [VRFC 10-311] analyzing module data_mem
INFO: [VRFC 10-2263] Analyzing Verilog file "C:/Vivado_project/RISC_V_main_decoder/RISC_V_main_decoder.srcs/sources_1/new/decoder_riscv.v" into library xil_defaultlib
WARNING: [VRFC 10-3507] macro 'ALU_AND' redefined [C:/Vivado_project/RISC_V_main_decoder/RISC_V_main_decoder.srcs/sources_1/new/decoder_riscv.v:12]
INFO: [VRFC 10-311] analyzing module decoder_riscv
INFO: [VRFC 10-2263] Analyzing Verilog file "C:/Vivado_project/RISC_V_main_decoder/RISC_V_main_decoder.srcs/sim_1/new/RISC_V_tb.v" into library xil_defaultlib
INFO: [VRFC 10-311] analyzing module RISC_V_tb
INFO: [USF-XSim-69] 'compile' step finished in '2' seconds
INFO: [USF-XSim-3] XSim::Elaborate design
INFO: [USF-XSim-61] Executing 'ELABORATE' step in 'C:/Vivado_project/RISC_V_main_decoder/RISC_V_main_decoder.sim/sim_1/behav/xsim'
"xelab -wto 97664f80239543268f7130fad3efeb32 --incr --debug typical --relax --mt 2 -L xil_defaultlib -L unisims_ver -L unimacro_ver -L secureip --snapshot RISC_V_tb_behav xil_defaultlib.RISC_V_tb xil_defaultlib.glbl -log elaborate.log"
Vivado Simulator 2019.2
Copyright 1986-1999, 2001-2019 Xilinx, Inc. All Rights Reserved.
Running: C:/Xilinx/Vivado/2019.2/bin/unwrapped/win64.o/xelab.exe -wto 97664f80239543268f7130fad3efeb32 --incr --debug typical --relax --mt 2 -L xil_defaultlib -L unisims_ver -L unimacro_ver -L secureip --snapshot RISC_V_tb_behav xil_defaultlib.RISC_V_tb xil_defaultlib.glbl -log elaborate.log 
Using 2 slave threads.
Starting static elaboration
Pass Through NonSizing Optimizer
WARNING: [VRFC 10-3091] actual bit length 1 differs from formal bit length 32 for port 'fetched_instr_i' [C:/Vivado_project/RISC_V_main_decoder/RISC_V_main_decoder.srcs/sources_1/new/RISC_V_top.v:164]
WARNING: [VRFC 10-3091] actual bit length 1 differs from formal bit length 5 for port 'alu_op_o' [C:/Vivado_project/RISC_V_main_decoder/RISC_V_main_decoder.srcs/sources_1/new/RISC_V_top.v:168]
WARNING: [VRFC 10-3091] actual bit length 1 differs from formal bit length 3 for port 'mem_size_o' [C:/Vivado_project/RISC_V_main_decoder/RISC_V_main_decoder.srcs/sources_1/new/RISC_V_top.v:171]
WARNING: [VRFC 10-3091] actual bit length 1 differs from formal bit length 5 for port 'ALUOp_alu' [C:/Vivado_project/RISC_V_main_decoder/RISC_V_main_decoder.srcs/sources_1/new/RISC_V_top.v:207]
WARNING: [VRFC 10-3091] actual bit length 1 differs from formal bit length 32 for port 'I_mem_req' [C:/Vivado_project/RISC_V_main_decoder/RISC_V_main_decoder.srcs/sources_1/new/RISC_V_top.v:221]
WARNING: [VRFC 10-3091] actual bit length 1 differs from formal bit length 32 for port 'mem_we' [C:/Vivado_project/RISC_V_main_decoder/RISC_V_main_decoder.srcs/sources_1/new/RISC_V_top.v:223]
WARNING: [VRFC 10-5021] port 'I_mem_size' is not connected on this instance [C:/Vivado_project/RISC_V_main_decoder/RISC_V_main_decoder.srcs/sources_1/new/RISC_V_top.v:215]
WARNING: [VRFC 10-3705] select index 20 into 'imm_J' is out of bounds [C:/Vivado_project/RISC_V_main_decoder/RISC_V_main_decoder.srcs/sources_1/new/RISC_V_top.v:53]
Completed static elaboration
Starting simulation data flow analysis
WARNING: [XSIM 43-4099] "C:/Vivado_project/RISC_V_main_decoder/RISC_V_main_decoder.srcs/sources_1/new/RISC_V_top.v" Line 1. Module RISC_V_top doesn't have a timescale but at least one module in design has a timescale.
WARNING: [XSIM 43-4099] "C:/Vivado_project/RISC_V_main_decoder/RISC_V_main_decoder.srcs/sources_1/new/decoder_riscv.v" Line 75. Module decoder_riscv doesn't have a timescale but at least one module in design has a timescale.
WARNING: [XSIM 43-4099] "C:/Vivado_project/RISC_V_main_decoder/RISC_V_main_decoder.srcs/sources_1/new/IM.v" Line 1. Module IM doesn't have a timescale but at least one module in design has a timescale.
WARNING: [XSIM 43-4099] "C:/Vivado_project/RISC_V_main_decoder/RISC_V_main_decoder.srcs/sources_1/new/RF.v" Line 1. Module RF doesn't have a timescale but at least one module in design has a timescale.
WARNING: [XSIM 43-4099] "C:/Vivado_project/RISC_V_main_decoder/RISC_V_main_decoder.srcs/sources_1/new/ALU.v" Line 18. Module ALU doesn't have a timescale but at least one module in design has a timescale.
WARNING: [XSIM 43-4099] "C:/Vivado_project/RISC_V_main_decoder/RISC_V_main_decoder.srcs/sources_1/new/data_mem.v" Line 1. Module data_mem doesn't have a timescale but at least one module in design has a timescale.
WARNING: [VRFC 10-3283] element index 20 into 'imm_J' is out of bounds [C:/Vivado_project/RISC_V_main_decoder/RISC_V_main_decoder.srcs/sources_1/new/RISC_V_top.v:53]
Completed simulation data flow analysis
Time Resolution for simulation is 1ps
Compiling module xil_defaultlib.decoder_riscv
Compiling module xil_defaultlib.IM
Compiling module xil_defaultlib.RF
Compiling module xil_defaultlib.ALU
Compiling module xil_defaultlib.data_mem
Compiling module xil_defaultlib.RISC_V_top
Compiling module xil_defaultlib.RISC_V_tb
Compiling module xil_defaultlib.glbl
Built simulation snapshot RISC_V_tb_behav

****** Webtalk v2019.2 (64-bit)
  **** SW Build 2708876 on Wed Nov  6 21:40:23 MST 2019
  **** IP Build 2700528 on Thu Nov  7 00:09:20 MST 2019
    ** Copyright 1986-2019 Xilinx, Inc. All Rights Reserved.

source C:/Vivado_project/RISC_V_main_decoder/RISC_V_main_decoder.sim/sim_1/behav/xsim/xsim.dir/RISC_V_tb_behav/webtalk/xsim_webtalk.tcl -notrace
INFO: [Common 17-186] 'C:/Vivado_project/RISC_V_main_decoder/RISC_V_main_decoder.sim/sim_1/behav/xsim/xsim.dir/RISC_V_tb_behav/webtalk/usage_statistics_ext_xsim.xml' has been successfully sent to Xilinx on Wed Nov 30 16:36:38 2022. For additional details about this file, please refer to the WebTalk help file at C:/Xilinx/Vivado/2019.2/doc/webtalk_introduction.html.
INFO: [Common 17-206] Exiting Webtalk at Wed Nov 30 16:36:38 2022...
run_program: Time (s): cpu = 00:00:00 ; elapsed = 00:00:08 . Memory (MB): peak = 854.438 ; gain = 0.000
INFO: [USF-XSim-69] 'elaborate' step finished in '7' seconds
INFO: [USF-XSim-4] XSim::Simulate design
INFO: [USF-XSim-61] Executing 'SIMULATE' step in 'C:/Vivado_project/RISC_V_main_decoder/RISC_V_main_decoder.sim/sim_1/behav/xsim'
INFO: [USF-XSim-98] *** Running xsim
   with args "RISC_V_tb_behav -key {Behavioral:sim_1:Functional:RISC_V_tb} -tclbatch {RISC_V_tb.tcl} -log {simulate.log}"
INFO: [USF-XSim-8] Loading simulator feature
Vivado Simulator 2019.2
Time resolution is 1 ps
source RISC_V_tb.tcl
# set curr_wave [current_wave_config]
# if { [string length $curr_wave] == 0 } {
#   if { [llength [get_objects]] > 0} {
#     add_wave /
#     set_property needs_save false [current_wave_config]
#   } else {
#      send_msg_id Add_Wave-1 WARNING "No top level signals found. Simulator will start without a wave window. If you want to open a wave window go to 'File->New Waveform Configuration' or type 'create_wave_config' in the TCL console."
#   }
# }
# run 1000ns
Out is 00000000000000000000000000000000
$stop called at time : 140 ns : File "C:/Vivado_project/RISC_V_main_decoder/RISC_V_main_decoder.srcs/sim_1/new/RISC_V_tb.v" Line 23
INFO: [USF-XSim-96] XSim completed. Design snapshot 'RISC_V_tb_behav' loaded.
INFO: [USF-XSim-97] XSim simulation ran for 1000ns
launch_simulation: Time (s): cpu = 00:00:06 ; elapsed = 00:00:12 . Memory (MB): peak = 894.059 ; gain = 42.129
relaunch_sim
suspend_sim: Time (s): cpu = 00:00:00 ; elapsed = 00:00:06 . Memory (MB): peak = 894.059 ; gain = 0.000
Command: launch_simulation -simset sim_1 -mode behavioral
INFO: [Vivado 12-5682] Launching behavioral simulation in 'C:/Vivado_project/RISC_V_main_decoder/RISC_V_main_decoder.sim/sim_1/behav/xsim'
INFO: [SIM-utils-51] Simulation object is 'sim_1'
INFO: [SIM-utils-54] Inspecting design source files for 'RISC_V_tb' in fileset 'sim_1'...
INFO: [SIM-utils-43] Exported 'C:/Vivado_project/RISC_V_main_decoder/RISC_V_main_decoder.sim/sim_1/behav/xsim/ram.txt'
INFO: [SIM-utils-43] Exported 'C:/Vivado_project/RISC_V_main_decoder/RISC_V_main_decoder.sim/sim_1/behav/xsim/rf.txt'
INFO: [SIM-utils-43] Exported 'C:/Vivado_project/RISC_V_main_decoder/RISC_V_main_decoder.sim/sim_1/behav/xsim/data.txt'
INFO: [USF-XSim-97] Finding global include files...
INFO: [USF-XSim-98] Fetching design files from 'sim_1'...
INFO: [USF-XSim-2] XSim::Compile design
INFO: [USF-XSim-61] Executing 'COMPILE and ANALYZE' step in 'C:/Vivado_project/RISC_V_main_decoder/RISC_V_main_decoder.sim/sim_1/behav/xsim'
"xvlog --incr --relax -prj RISC_V_tb_vlog.prj"
INFO: [VRFC 10-2263] Analyzing Verilog file "C:/Vivado_project/RISC_V_main_decoder/RISC_V_main_decoder.srcs/sources_1/new/ALU.v" into library xil_defaultlib
INFO: [VRFC 10-311] analyzing module ALU
INFO: [VRFC 10-2263] Analyzing Verilog file "C:/Vivado_project/RISC_V_main_decoder/RISC_V_main_decoder.srcs/sources_1/new/IM.v" into library xil_defaultlib
INFO: [VRFC 10-311] analyzing module IM
INFO: [VRFC 10-2263] Analyzing Verilog file "C:/Vivado_project/RISC_V_main_decoder/RISC_V_main_decoder.srcs/sources_1/new/RF.v" into library xil_defaultlib
INFO: [VRFC 10-311] analyzing module RF
INFO: [VRFC 10-2263] Analyzing Verilog file "C:/Vivado_project/RISC_V_main_decoder/RISC_V_main_decoder.srcs/sources_1/new/RISC_V_top.v" into library xil_defaultlib
INFO: [VRFC 10-311] analyzing module RISC_V_top
INFO: [VRFC 10-2458] undeclared symbol mux2x1_const_J_B, assumed default net type wire [C:/Vivado_project/RISC_V_main_decoder/RISC_V_main_decoder.srcs/sources_1/new/RISC_V_top.v:79]
INFO: [VRFC 10-2458] undeclared symbol mux2x1_WD3, assumed default net type wire [C:/Vivado_project/RISC_V_main_decoder/RISC_V_main_decoder.srcs/sources_1/new/RISC_V_top.v:153]
INFO: [VRFC 10-2458] undeclared symbol fetched_instr, assumed default net type wire [C:/Vivado_project/RISC_V_main_decoder/RISC_V_main_decoder.srcs/sources_1/new/RISC_V_top.v:164]
INFO: [VRFC 10-2263] Analyzing Verilog file "C:/Vivado_project/RISC_V_main_decoder/RISC_V_main_decoder.srcs/sources_1/new/data_mem.v" into library xil_defaultlib
INFO: [VRFC 10-311] analyzing module data_mem
INFO: [VRFC 10-2263] Analyzing Verilog file "C:/Vivado_project/RISC_V_main_decoder/RISC_V_main_decoder.srcs/sources_1/new/decoder_riscv.v" into library xil_defaultlib
WARNING: [VRFC 10-3507] macro 'ALU_AND' redefined [C:/Vivado_project/RISC_V_main_decoder/RISC_V_main_decoder.srcs/sources_1/new/decoder_riscv.v:12]
INFO: [VRFC 10-311] analyzing module decoder_riscv
INFO: [VRFC 10-2263] Analyzing Verilog file "C:/Vivado_project/RISC_V_main_decoder/RISC_V_main_decoder.srcs/sim_1/new/RISC_V_tb.v" into library xil_defaultlib
INFO: [VRFC 10-311] analyzing module RISC_V_tb
INFO: [USF-XSim-69] 'compile' step finished in '2' seconds
Command: launch_simulation -simset sim_1 -mode behavioral
INFO: [Vivado 12-5682] Launching behavioral simulation in 'C:/Vivado_project/RISC_V_main_decoder/RISC_V_main_decoder.sim/sim_1/behav/xsim'
INFO: [USF-XSim-3] XSim::Elaborate design
INFO: [USF-XSim-61] Executing 'ELABORATE' step in 'C:/Vivado_project/RISC_V_main_decoder/RISC_V_main_decoder.sim/sim_1/behav/xsim'
"xelab -wto 97664f80239543268f7130fad3efeb32 --incr --debug typical --relax --mt 2 -L xil_defaultlib -L unisims_ver -L unimacro_ver -L secureip --snapshot RISC_V_tb_behav xil_defaultlib.RISC_V_tb xil_defaultlib.glbl -log elaborate.log"
Vivado Simulator 2019.2
Copyright 1986-1999, 2001-2019 Xilinx, Inc. All Rights Reserved.
Running: C:/Xilinx/Vivado/2019.2/bin/unwrapped/win64.o/xelab.exe -wto 97664f80239543268f7130fad3efeb32 --incr --debug typical --relax --mt 2 -L xil_defaultlib -L unisims_ver -L unimacro_ver -L secureip --snapshot RISC_V_tb_behav xil_defaultlib.RISC_V_tb xil_defaultlib.glbl -log elaborate.log 
Using 2 slave threads.
Starting static elaboration
Pass Through NonSizing Optimizer
WARNING: [VRFC 10-3091] actual bit length 1 differs from formal bit length 32 for port 'fetched_instr_i' [C:/Vivado_project/RISC_V_main_decoder/RISC_V_main_decoder.srcs/sources_1/new/RISC_V_top.v:164]
WARNING: [VRFC 10-3091] actual bit length 1 differs from formal bit length 5 for port 'alu_op_o' [C:/Vivado_project/RISC_V_main_decoder/RISC_V_main_decoder.srcs/sources_1/new/RISC_V_top.v:168]
WARNING: [VRFC 10-3091] actual bit length 1 differs from formal bit length 3 for port 'mem_size_o' [C:/Vivado_project/RISC_V_main_decoder/RISC_V_main_decoder.srcs/sources_1/new/RISC_V_top.v:171]
WARNING: [VRFC 10-3091] actual bit length 1 differs from formal bit length 5 for port 'ALUOp_alu' [C:/Vivado_project/RISC_V_main_decoder/RISC_V_main_decoder.srcs/sources_1/new/RISC_V_top.v:207]
WARNING: [VRFC 10-3091] actual bit length 1 differs from formal bit length 32 for port 'I_mem_req' [C:/Vivado_project/RISC_V_main_decoder/RISC_V_main_decoder.srcs/sources_1/new/RISC_V_top.v:221]
WARNING: [VRFC 10-3091] actual bit length 1 differs from formal bit length 32 for port 'mem_we' [C:/Vivado_project/RISC_V_main_decoder/RISC_V_main_decoder.srcs/sources_1/new/RISC_V_top.v:223]
WARNING: [VRFC 10-5021] port 'I_mem_size' is not connected on this instance [C:/Vivado_project/RISC_V_main_decoder/RISC_V_main_decoder.srcs/sources_1/new/RISC_V_top.v:215]
WARNING: [VRFC 10-3705] select index 20 into 'imm_J' is out of bounds [C:/Vivado_project/RISC_V_main_decoder/RISC_V_main_decoder.srcs/sources_1/new/RISC_V_top.v:53]
Completed static elaboration
Starting simulation data flow analysis
WARNING: [XSIM 43-4099] "C:/Vivado_project/RISC_V_main_decoder/RISC_V_main_decoder.srcs/sources_1/new/RISC_V_top.v" Line 1. Module RISC_V_top doesn't have a timescale but at least one module in design has a timescale.
WARNING: [XSIM 43-4099] "C:/Vivado_project/RISC_V_main_decoder/RISC_V_main_decoder.srcs/sources_1/new/decoder_riscv.v" Line 75. Module decoder_riscv doesn't have a timescale but at least one module in design has a timescale.
WARNING: [XSIM 43-4099] "C:/Vivado_project/RISC_V_main_decoder/RISC_V_main_decoder.srcs/sources_1/new/IM.v" Line 1. Module IM doesn't have a timescale but at least one module in design has a timescale.
WARNING: [XSIM 43-4099] "C:/Vivado_project/RISC_V_main_decoder/RISC_V_main_decoder.srcs/sources_1/new/RF.v" Line 1. Module RF doesn't have a timescale but at least one module in design has a timescale.
WARNING: [XSIM 43-4099] "C:/Vivado_project/RISC_V_main_decoder/RISC_V_main_decoder.srcs/sources_1/new/ALU.v" Line 18. Module ALU doesn't have a timescale but at least one module in design has a timescale.
WARNING: [XSIM 43-4099] "C:/Vivado_project/RISC_V_main_decoder/RISC_V_main_decoder.srcs/sources_1/new/data_mem.v" Line 1. Module data_mem doesn't have a timescale but at least one module in design has a timescale.
WARNING: [VRFC 10-3283] element index 20 into 'imm_J' is out of bounds [C:/Vivado_project/RISC_V_main_decoder/RISC_V_main_decoder.srcs/sources_1/new/RISC_V_top.v:53]
Completed simulation data flow analysis
Time Resolution for simulation is 1ps
Compiling module xil_defaultlib.decoder_riscv
Compiling module xil_defaultlib.IM
Compiling module xil_defaultlib.RF
Compiling module xil_defaultlib.ALU
Compiling module xil_defaultlib.data_mem
Compiling module xil_defaultlib.RISC_V_top
Compiling module xil_defaultlib.RISC_V_tb
Compiling module xil_defaultlib.glbl
Built simulation snapshot RISC_V_tb_behav
INFO: [USF-XSim-69] 'elaborate' step finished in '1' seconds
Vivado Simulator 2019.2
Time resolution is 1 ps
Out is 00000000000000000000000000000000
$stop called at time : 140 ns : File "C:/Vivado_project/RISC_V_main_decoder/RISC_V_main_decoder.srcs/sim_1/new/RISC_V_tb.v" Line 23
relaunch_sim: Time (s): cpu = 00:00:01 ; elapsed = 00:00:11 . Memory (MB): peak = 894.059 ; gain = 0.000
close_sim
INFO: [Simtcl 6-16] Simulation closed
launch_simulation
Command: launch_simulation 
INFO: [Vivado 12-5682] Launching behavioral simulation in 'C:/Vivado_project/RISC_V_main_decoder/RISC_V_main_decoder.sim/sim_1/behav/xsim'
INFO: [SIM-utils-51] Simulation object is 'sim_1'
INFO: [SIM-utils-54] Inspecting design source files for 'RISC_V_tb' in fileset 'sim_1'...
INFO: [SIM-utils-43] Exported 'C:/Vivado_project/RISC_V_main_decoder/RISC_V_main_decoder.sim/sim_1/behav/xsim/ram.txt'
INFO: [SIM-utils-43] Exported 'C:/Vivado_project/RISC_V_main_decoder/RISC_V_main_decoder.sim/sim_1/behav/xsim/rf.txt'
INFO: [SIM-utils-43] Exported 'C:/Vivado_project/RISC_V_main_decoder/RISC_V_main_decoder.sim/sim_1/behav/xsim/data.txt'
INFO: [USF-XSim-97] Finding global include files...
INFO: [USF-XSim-98] Fetching design files from 'sim_1'...
INFO: [USF-XSim-2] XSim::Compile design
INFO: [USF-XSim-61] Executing 'COMPILE and ANALYZE' step in 'C:/Vivado_project/RISC_V_main_decoder/RISC_V_main_decoder.sim/sim_1/behav/xsim'
"xvlog --incr --relax -prj RISC_V_tb_vlog.prj"
INFO: [VRFC 10-2263] Analyzing Verilog file "C:/Vivado_project/RISC_V_main_decoder/RISC_V_main_decoder.srcs/sources_1/new/data_mem.v" into library xil_defaultlib
INFO: [VRFC 10-311] analyzing module data_mem
INFO: [VRFC 10-2263] Analyzing Verilog file "C:/Vivado_project/RISC_V_main_decoder/RISC_V_main_decoder.srcs/sources_1/new/decoder_riscv.v" into library xil_defaultlib
INFO: [VRFC 10-311] analyzing module decoder_riscv
INFO: [USF-XSim-69] 'compile' step finished in '3' seconds
INFO: [USF-XSim-3] XSim::Elaborate design
INFO: [USF-XSim-61] Executing 'ELABORATE' step in 'C:/Vivado_project/RISC_V_main_decoder/RISC_V_main_decoder.sim/sim_1/behav/xsim'
"xelab -wto 97664f80239543268f7130fad3efeb32 --incr --debug typical --relax --mt 2 -L xil_defaultlib -L unisims_ver -L unimacro_ver -L secureip --snapshot RISC_V_tb_behav xil_defaultlib.RISC_V_tb xil_defaultlib.glbl -log elaborate.log"
Vivado Simulator 2019.2
Copyright 1986-1999, 2001-2019 Xilinx, Inc. All Rights Reserved.
Running: C:/Xilinx/Vivado/2019.2/bin/unwrapped/win64.o/xelab.exe -wto 97664f80239543268f7130fad3efeb32 --incr --debug typical --relax --mt 2 -L xil_defaultlib -L unisims_ver -L unimacro_ver -L secureip --snapshot RISC_V_tb_behav xil_defaultlib.RISC_V_tb xil_defaultlib.glbl -log elaborate.log 
Using 2 slave threads.
Starting static elaboration
Pass Through NonSizing Optimizer
WARNING: [VRFC 10-3091] actual bit length 1 differs from formal bit length 32 for port 'fetched_instr_i' [C:/Vivado_project/RISC_V_main_decoder/RISC_V_main_decoder.srcs/sources_1/new/RISC_V_top.v:164]
WARNING: [VRFC 10-3091] actual bit length 1 differs from formal bit length 5 for port 'alu_op_o' [C:/Vivado_project/RISC_V_main_decoder/RISC_V_main_decoder.srcs/sources_1/new/RISC_V_top.v:168]
WARNING: [VRFC 10-3091] actual bit length 1 differs from formal bit length 3 for port 'mem_size_o' [C:/Vivado_project/RISC_V_main_decoder/RISC_V_main_decoder.srcs/sources_1/new/RISC_V_top.v:171]
WARNING: [VRFC 10-3091] actual bit length 1 differs from formal bit length 5 for port 'ALUOp_alu' [C:/Vivado_project/RISC_V_main_decoder/RISC_V_main_decoder.srcs/sources_1/new/RISC_V_top.v:207]
WARNING: [VRFC 10-3091] actual bit length 1 differs from formal bit length 32 for port 'I_mem_req' [C:/Vivado_project/RISC_V_main_decoder/RISC_V_main_decoder.srcs/sources_1/new/RISC_V_top.v:221]
WARNING: [VRFC 10-3091] actual bit length 1 differs from formal bit length 32 for port 'mem_we' [C:/Vivado_project/RISC_V_main_decoder/RISC_V_main_decoder.srcs/sources_1/new/RISC_V_top.v:223]
WARNING: [VRFC 10-5021] port 'I_mem_size' is not connected on this instance [C:/Vivado_project/RISC_V_main_decoder/RISC_V_main_decoder.srcs/sources_1/new/RISC_V_top.v:215]
WARNING: [VRFC 10-3705] select index 20 into 'imm_J' is out of bounds [C:/Vivado_project/RISC_V_main_decoder/RISC_V_main_decoder.srcs/sources_1/new/RISC_V_top.v:53]
Completed static elaboration
Starting simulation data flow analysis
WARNING: [XSIM 43-4099] "C:/Vivado_project/RISC_V_main_decoder/RISC_V_main_decoder.srcs/sources_1/new/RISC_V_top.v" Line 1. Module RISC_V_top doesn't have a timescale but at least one module in design has a timescale.
WARNING: [XSIM 43-4099] "C:/Vivado_project/RISC_V_main_decoder/RISC_V_main_decoder.srcs/sources_1/new/decoder_riscv.v" Line 75. Module decoder_riscv doesn't have a timescale but at least one module in design has a timescale.
WARNING: [XSIM 43-4099] "C:/Vivado_project/RISC_V_main_decoder/RISC_V_main_decoder.srcs/sources_1/new/IM.v" Line 1. Module IM doesn't have a timescale but at least one module in design has a timescale.
WARNING: [XSIM 43-4099] "C:/Vivado_project/RISC_V_main_decoder/RISC_V_main_decoder.srcs/sources_1/new/RF.v" Line 1. Module RF doesn't have a timescale but at least one module in design has a timescale.
WARNING: [XSIM 43-4099] "C:/Vivado_project/RISC_V_main_decoder/RISC_V_main_decoder.srcs/sources_1/new/ALU.v" Line 18. Module ALU doesn't have a timescale but at least one module in design has a timescale.
WARNING: [XSIM 43-4099] "C:/Vivado_project/RISC_V_main_decoder/RISC_V_main_decoder.srcs/sources_1/new/data_mem.v" Line 1. Module data_mem doesn't have a timescale but at least one module in design has a timescale.
WARNING: [VRFC 10-3283] element index 20 into 'imm_J' is out of bounds [C:/Vivado_project/RISC_V_main_decoder/RISC_V_main_decoder.srcs/sources_1/new/RISC_V_top.v:53]
Completed simulation data flow analysis
Time Resolution for simulation is 1ps
Compiling module xil_defaultlib.decoder_riscv
Compiling module xil_defaultlib.IM
Compiling module xil_defaultlib.RF
Compiling module xil_defaultlib.ALU
Compiling module xil_defaultlib.data_mem
Compiling module xil_defaultlib.RISC_V_top
Compiling module xil_defaultlib.RISC_V_tb
Compiling module xil_defaultlib.glbl
Built simulation snapshot RISC_V_tb_behav
INFO: [USF-XSim-69] 'elaborate' step finished in '3' seconds
INFO: [USF-XSim-4] XSim::Simulate design
INFO: [USF-XSim-61] Executing 'SIMULATE' step in 'C:/Vivado_project/RISC_V_main_decoder/RISC_V_main_decoder.sim/sim_1/behav/xsim'
INFO: [USF-XSim-98] *** Running xsim
   with args "RISC_V_tb_behav -key {Behavioral:sim_1:Functional:RISC_V_tb} -tclbatch {RISC_V_tb.tcl} -log {simulate.log}"
INFO: [USF-XSim-8] Loading simulator feature
Vivado Simulator 2019.2
Time resolution is 1 ps
source RISC_V_tb.tcl
# set curr_wave [current_wave_config]
# if { [string length $curr_wave] == 0 } {
#   if { [llength [get_objects]] > 0} {
#     add_wave /
#     set_property needs_save false [current_wave_config]
#   } else {
#      send_msg_id Add_Wave-1 WARNING "No top level signals found. Simulator will start without a wave window. If you want to open a wave window go to 'File->New Waveform Configuration' or type 'create_wave_config' in the TCL console."
#   }
# }
# run 1000ns
Out is 00000000000000000000000000000000
$stop called at time : 140 ns : File "C:/Vivado_project/RISC_V_main_decoder/RISC_V_main_decoder.srcs/sim_1/new/RISC_V_tb.v" Line 23
INFO: [USF-XSim-96] XSim completed. Design snapshot 'RISC_V_tb_behav' loaded.
INFO: [USF-XSim-97] XSim simulation ran for 1000ns
launch_simulation: Time (s): cpu = 00:00:05 ; elapsed = 00:00:10 . Memory (MB): peak = 1054.145 ; gain = 0.000
relaunch_sim
Command: launch_simulation -simset sim_1 -mode behavioral
INFO: [Vivado 12-5682] Launching behavioral simulation in 'C:/Vivado_project/RISC_V_main_decoder/RISC_V_main_decoder.sim/sim_1/behav/xsim'
INFO: [SIM-utils-51] Simulation object is 'sim_1'
INFO: [SIM-utils-54] Inspecting design source files for 'RISC_V_tb' in fileset 'sim_1'...
INFO: [SIM-utils-43] Exported 'C:/Vivado_project/RISC_V_main_decoder/RISC_V_main_decoder.sim/sim_1/behav/xsim/ram.txt'
INFO: [SIM-utils-43] Exported 'C:/Vivado_project/RISC_V_main_decoder/RISC_V_main_decoder.sim/sim_1/behav/xsim/rf.txt'
INFO: [SIM-utils-43] Exported 'C:/Vivado_project/RISC_V_main_decoder/RISC_V_main_decoder.sim/sim_1/behav/xsim/data.txt'
INFO: [USF-XSim-97] Finding global include files...
INFO: [USF-XSim-98] Fetching design files from 'sim_1'...
INFO: [USF-XSim-2] XSim::Compile design
INFO: [USF-XSim-61] Executing 'COMPILE and ANALYZE' step in 'C:/Vivado_project/RISC_V_main_decoder/RISC_V_main_decoder.sim/sim_1/behav/xsim'
"xvlog --incr --relax -prj RISC_V_tb_vlog.prj"
INFO: [VRFC 10-2263] Analyzing Verilog file "C:/Vivado_project/RISC_V_main_decoder/RISC_V_main_decoder.srcs/sources_1/new/ALU.v" into library xil_defaultlib
INFO: [VRFC 10-311] analyzing module ALU
INFO: [VRFC 10-2263] Analyzing Verilog file "C:/Vivado_project/RISC_V_main_decoder/RISC_V_main_decoder.srcs/sources_1/new/IM.v" into library xil_defaultlib
INFO: [VRFC 10-311] analyzing module IM
INFO: [VRFC 10-2263] Analyzing Verilog file "C:/Vivado_project/RISC_V_main_decoder/RISC_V_main_decoder.srcs/sources_1/new/RF.v" into library xil_defaultlib
INFO: [VRFC 10-311] analyzing module RF
INFO: [VRFC 10-2263] Analyzing Verilog file "C:/Vivado_project/RISC_V_main_decoder/RISC_V_main_decoder.srcs/sources_1/new/RISC_V_top.v" into library xil_defaultlib
INFO: [VRFC 10-311] analyzing module RISC_V_top
INFO: [VRFC 10-2458] undeclared symbol mux2x1_const_J_B, assumed default net type wire [C:/Vivado_project/RISC_V_main_decoder/RISC_V_main_decoder.srcs/sources_1/new/RISC_V_top.v:79]
INFO: [VRFC 10-2458] undeclared symbol mux2x1_WD3, assumed default net type wire [C:/Vivado_project/RISC_V_main_decoder/RISC_V_main_decoder.srcs/sources_1/new/RISC_V_top.v:153]
INFO: [VRFC 10-2458] undeclared symbol fetched_instr, assumed default net type wire [C:/Vivado_project/RISC_V_main_decoder/RISC_V_main_decoder.srcs/sources_1/new/RISC_V_top.v:164]
INFO: [VRFC 10-2263] Analyzing Verilog file "C:/Vivado_project/RISC_V_main_decoder/RISC_V_main_decoder.srcs/sources_1/new/data_mem.v" into library xil_defaultlib
INFO: [VRFC 10-311] analyzing module data_mem
INFO: [VRFC 10-2263] Analyzing Verilog file "C:/Vivado_project/RISC_V_main_decoder/RISC_V_main_decoder.srcs/sources_1/new/decoder_riscv.v" into library xil_defaultlib
WARNING: [VRFC 10-3507] macro 'ALU_AND' redefined [C:/Vivado_project/RISC_V_main_decoder/RISC_V_main_decoder.srcs/sources_1/new/decoder_riscv.v:12]
INFO: [VRFC 10-311] analyzing module decoder_riscv
INFO: [VRFC 10-2263] Analyzing Verilog file "C:/Vivado_project/RISC_V_main_decoder/RISC_V_main_decoder.srcs/sim_1/new/RISC_V_tb.v" into library xil_defaultlib
INFO: [VRFC 10-311] analyzing module RISC_V_tb
INFO: [USF-XSim-69] 'compile' step finished in '2' seconds
Command: launch_simulation -simset sim_1 -mode behavioral
INFO: [Vivado 12-5682] Launching behavioral simulation in 'C:/Vivado_project/RISC_V_main_decoder/RISC_V_main_decoder.sim/sim_1/behav/xsim'
INFO: [USF-XSim-3] XSim::Elaborate design
INFO: [USF-XSim-61] Executing 'ELABORATE' step in 'C:/Vivado_project/RISC_V_main_decoder/RISC_V_main_decoder.sim/sim_1/behav/xsim'
"xelab -wto 97664f80239543268f7130fad3efeb32 --incr --debug typical --relax --mt 2 -L xil_defaultlib -L unisims_ver -L unimacro_ver -L secureip --snapshot RISC_V_tb_behav xil_defaultlib.RISC_V_tb xil_defaultlib.glbl -log elaborate.log"
Vivado Simulator 2019.2
Copyright 1986-1999, 2001-2019 Xilinx, Inc. All Rights Reserved.
Running: C:/Xilinx/Vivado/2019.2/bin/unwrapped/win64.o/xelab.exe -wto 97664f80239543268f7130fad3efeb32 --incr --debug typical --relax --mt 2 -L xil_defaultlib -L unisims_ver -L unimacro_ver -L secureip --snapshot RISC_V_tb_behav xil_defaultlib.RISC_V_tb xil_defaultlib.glbl -log elaborate.log 
Using 2 slave threads.
Starting static elaboration
Pass Through NonSizing Optimizer
WARNING: [VRFC 10-3091] actual bit length 1 differs from formal bit length 32 for port 'fetched_instr_i' [C:/Vivado_project/RISC_V_main_decoder/RISC_V_main_decoder.srcs/sources_1/new/RISC_V_top.v:164]
WARNING: [VRFC 10-3091] actual bit length 1 differs from formal bit length 5 for port 'alu_op_o' [C:/Vivado_project/RISC_V_main_decoder/RISC_V_main_decoder.srcs/sources_1/new/RISC_V_top.v:168]
WARNING: [VRFC 10-3091] actual bit length 1 differs from formal bit length 3 for port 'mem_size_o' [C:/Vivado_project/RISC_V_main_decoder/RISC_V_main_decoder.srcs/sources_1/new/RISC_V_top.v:171]
WARNING: [VRFC 10-3091] actual bit length 1 differs from formal bit length 5 for port 'ALUOp_alu' [C:/Vivado_project/RISC_V_main_decoder/RISC_V_main_decoder.srcs/sources_1/new/RISC_V_top.v:207]
WARNING: [VRFC 10-3091] actual bit length 1 differs from formal bit length 32 for port 'I_mem_req' [C:/Vivado_project/RISC_V_main_decoder/RISC_V_main_decoder.srcs/sources_1/new/RISC_V_top.v:221]
WARNING: [VRFC 10-3091] actual bit length 1 differs from formal bit length 32 for port 'mem_we' [C:/Vivado_project/RISC_V_main_decoder/RISC_V_main_decoder.srcs/sources_1/new/RISC_V_top.v:223]
WARNING: [VRFC 10-5021] port 'I_mem_size' is not connected on this instance [C:/Vivado_project/RISC_V_main_decoder/RISC_V_main_decoder.srcs/sources_1/new/RISC_V_top.v:215]
WARNING: [VRFC 10-3705] select index 20 into 'imm_J' is out of bounds [C:/Vivado_project/RISC_V_main_decoder/RISC_V_main_decoder.srcs/sources_1/new/RISC_V_top.v:53]
Completed static elaboration
Starting simulation data flow analysis
WARNING: [XSIM 43-4099] "C:/Vivado_project/RISC_V_main_decoder/RISC_V_main_decoder.srcs/sources_1/new/RISC_V_top.v" Line 1. Module RISC_V_top doesn't have a timescale but at least one module in design has a timescale.
WARNING: [XSIM 43-4099] "C:/Vivado_project/RISC_V_main_decoder/RISC_V_main_decoder.srcs/sources_1/new/decoder_riscv.v" Line 75. Module decoder_riscv doesn't have a timescale but at least one module in design has a timescale.
WARNING: [XSIM 43-4099] "C:/Vivado_project/RISC_V_main_decoder/RISC_V_main_decoder.srcs/sources_1/new/IM.v" Line 1. Module IM doesn't have a timescale but at least one module in design has a timescale.
WARNING: [XSIM 43-4099] "C:/Vivado_project/RISC_V_main_decoder/RISC_V_main_decoder.srcs/sources_1/new/RF.v" Line 1. Module RF doesn't have a timescale but at least one module in design has a timescale.
WARNING: [XSIM 43-4099] "C:/Vivado_project/RISC_V_main_decoder/RISC_V_main_decoder.srcs/sources_1/new/ALU.v" Line 18. Module ALU doesn't have a timescale but at least one module in design has a timescale.
WARNING: [XSIM 43-4099] "C:/Vivado_project/RISC_V_main_decoder/RISC_V_main_decoder.srcs/sources_1/new/data_mem.v" Line 1. Module data_mem doesn't have a timescale but at least one module in design has a timescale.
WARNING: [VRFC 10-3283] element index 20 into 'imm_J' is out of bounds [C:/Vivado_project/RISC_V_main_decoder/RISC_V_main_decoder.srcs/sources_1/new/RISC_V_top.v:53]
Completed simulation data flow analysis
Time Resolution for simulation is 1ps
Compiling module xil_defaultlib.decoder_riscv
Compiling module xil_defaultlib.IM
Compiling module xil_defaultlib.RF
Compiling module xil_defaultlib.ALU
Compiling module xil_defaultlib.data_mem
Compiling module xil_defaultlib.RISC_V_top
Compiling module xil_defaultlib.RISC_V_tb
Compiling module xil_defaultlib.glbl
Built simulation snapshot RISC_V_tb_behav
INFO: [USF-XSim-69] 'elaborate' step finished in '4' seconds
Vivado Simulator 2019.2
Time resolution is 1 ps
Out is 00000000000000000000000000000000
$stop called at time : 140 ns : File "C:/Vivado_project/RISC_V_main_decoder/RISC_V_main_decoder.srcs/sim_1/new/RISC_V_tb.v" Line 23
relaunch_sim: Time (s): cpu = 00:00:02 ; elapsed = 00:00:10 . Memory (MB): peak = 1054.145 ; gain = 0.000
close_sim
INFO: [Simtcl 6-16] Simulation closed
launch_simulation
Command: launch_simulation 
INFO: [Vivado 12-5682] Launching behavioral simulation in 'C:/Vivado_project/RISC_V_main_decoder/RISC_V_main_decoder.sim/sim_1/behav/xsim'
INFO: [SIM-utils-51] Simulation object is 'sim_1'
INFO: [SIM-utils-54] Inspecting design source files for 'RISC_V_tb' in fileset 'sim_1'...
INFO: [SIM-utils-43] Exported 'C:/Vivado_project/RISC_V_main_decoder/RISC_V_main_decoder.sim/sim_1/behav/xsim/ram.txt'
INFO: [SIM-utils-43] Exported 'C:/Vivado_project/RISC_V_main_decoder/RISC_V_main_decoder.sim/sim_1/behav/xsim/rf.txt'
INFO: [SIM-utils-43] Exported 'C:/Vivado_project/RISC_V_main_decoder/RISC_V_main_decoder.sim/sim_1/behav/xsim/data.txt'
INFO: [USF-XSim-97] Finding global include files...
INFO: [USF-XSim-98] Fetching design files from 'sim_1'...
INFO: [USF-XSim-2] XSim::Compile design
INFO: [USF-XSim-61] Executing 'COMPILE and ANALYZE' step in 'C:/Vivado_project/RISC_V_main_decoder/RISC_V_main_decoder.sim/sim_1/behav/xsim'
"xvlog --incr --relax -prj RISC_V_tb_vlog.prj"
INFO: [VRFC 10-2263] Analyzing Verilog file "C:/Vivado_project/RISC_V_main_decoder/RISC_V_main_decoder.srcs/sources_1/new/ALU.v" into library xil_defaultlib
INFO: [VRFC 10-311] analyzing module ALU
INFO: [VRFC 10-2263] Analyzing Verilog file "C:/Vivado_project/RISC_V_main_decoder/RISC_V_main_decoder.srcs/sources_1/new/IM.v" into library xil_defaultlib
INFO: [VRFC 10-311] analyzing module IM
INFO: [VRFC 10-2263] Analyzing Verilog file "C:/Vivado_project/RISC_V_main_decoder/RISC_V_main_decoder.srcs/sources_1/new/RF.v" into library xil_defaultlib
INFO: [VRFC 10-311] analyzing module RF
INFO: [VRFC 10-2263] Analyzing Verilog file "C:/Vivado_project/RISC_V_main_decoder/RISC_V_main_decoder.srcs/sources_1/new/RISC_V_top.v" into library xil_defaultlib
INFO: [VRFC 10-311] analyzing module RISC_V_top
INFO: [VRFC 10-2458] undeclared symbol mux2x1_const_J_B, assumed default net type wire [C:/Vivado_project/RISC_V_main_decoder/RISC_V_main_decoder.srcs/sources_1/new/RISC_V_top.v:79]
INFO: [VRFC 10-2458] undeclared symbol mux2x1_WD3, assumed default net type wire [C:/Vivado_project/RISC_V_main_decoder/RISC_V_main_decoder.srcs/sources_1/new/RISC_V_top.v:153]
INFO: [VRFC 10-2458] undeclared symbol fetched_instr, assumed default net type wire [C:/Vivado_project/RISC_V_main_decoder/RISC_V_main_decoder.srcs/sources_1/new/RISC_V_top.v:164]
INFO: [VRFC 10-2263] Analyzing Verilog file "C:/Vivado_project/RISC_V_main_decoder/RISC_V_main_decoder.srcs/sources_1/new/data_mem.v" into library xil_defaultlib
INFO: [VRFC 10-311] analyzing module data_mem
INFO: [VRFC 10-2263] Analyzing Verilog file "C:/Vivado_project/RISC_V_main_decoder/RISC_V_main_decoder.srcs/sources_1/new/decoder_riscv.v" into library xil_defaultlib
WARNING: [VRFC 10-3507] macro 'ALU_AND' redefined [C:/Vivado_project/RISC_V_main_decoder/RISC_V_main_decoder.srcs/sources_1/new/decoder_riscv.v:12]
INFO: [VRFC 10-311] analyzing module decoder_riscv
INFO: [VRFC 10-2263] Analyzing Verilog file "C:/Vivado_project/RISC_V_main_decoder/RISC_V_main_decoder.srcs/sim_1/new/RISC_V_tb.v" into library xil_defaultlib
INFO: [VRFC 10-311] analyzing module RISC_V_tb
INFO: [USF-XSim-69] 'compile' step finished in '3' seconds
INFO: [USF-XSim-3] XSim::Elaborate design
INFO: [USF-XSim-61] Executing 'ELABORATE' step in 'C:/Vivado_project/RISC_V_main_decoder/RISC_V_main_decoder.sim/sim_1/behav/xsim'
"xelab -wto 97664f80239543268f7130fad3efeb32 --incr --debug typical --relax --mt 2 -L xil_defaultlib -L unisims_ver -L unimacro_ver -L secureip --snapshot RISC_V_tb_behav xil_defaultlib.RISC_V_tb xil_defaultlib.glbl -log elaborate.log"
Vivado Simulator 2019.2
Copyright 1986-1999, 2001-2019 Xilinx, Inc. All Rights Reserved.
Running: C:/Xilinx/Vivado/2019.2/bin/unwrapped/win64.o/xelab.exe -wto 97664f80239543268f7130fad3efeb32 --incr --debug typical --relax --mt 2 -L xil_defaultlib -L unisims_ver -L unimacro_ver -L secureip --snapshot RISC_V_tb_behav xil_defaultlib.RISC_V_tb xil_defaultlib.glbl -log elaborate.log 
Using 2 slave threads.
Starting static elaboration
Pass Through NonSizing Optimizer
WARNING: [VRFC 10-3091] actual bit length 1 differs from formal bit length 32 for port 'fetched_instr_i' [C:/Vivado_project/RISC_V_main_decoder/RISC_V_main_decoder.srcs/sources_1/new/RISC_V_top.v:164]
WARNING: [VRFC 10-3091] actual bit length 1 differs from formal bit length 5 for port 'alu_op_o' [C:/Vivado_project/RISC_V_main_decoder/RISC_V_main_decoder.srcs/sources_1/new/RISC_V_top.v:168]
WARNING: [VRFC 10-3091] actual bit length 1 differs from formal bit length 3 for port 'mem_size_o' [C:/Vivado_project/RISC_V_main_decoder/RISC_V_main_decoder.srcs/sources_1/new/RISC_V_top.v:171]
WARNING: [VRFC 10-3091] actual bit length 1 differs from formal bit length 5 for port 'ALUOp_alu' [C:/Vivado_project/RISC_V_main_decoder/RISC_V_main_decoder.srcs/sources_1/new/RISC_V_top.v:207]
WARNING: [VRFC 10-3091] actual bit length 1 differs from formal bit length 32 for port 'I_mem_req' [C:/Vivado_project/RISC_V_main_decoder/RISC_V_main_decoder.srcs/sources_1/new/RISC_V_top.v:221]
WARNING: [VRFC 10-3091] actual bit length 1 differs from formal bit length 32 for port 'mem_we' [C:/Vivado_project/RISC_V_main_decoder/RISC_V_main_decoder.srcs/sources_1/new/RISC_V_top.v:223]
WARNING: [VRFC 10-5021] port 'I_mem_size' is not connected on this instance [C:/Vivado_project/RISC_V_main_decoder/RISC_V_main_decoder.srcs/sources_1/new/RISC_V_top.v:215]
WARNING: [VRFC 10-3705] select index 20 into 'imm_J' is out of bounds [C:/Vivado_project/RISC_V_main_decoder/RISC_V_main_decoder.srcs/sources_1/new/RISC_V_top.v:53]
Completed static elaboration
Starting simulation data flow analysis
WARNING: [XSIM 43-4099] "C:/Vivado_project/RISC_V_main_decoder/RISC_V_main_decoder.srcs/sources_1/new/RISC_V_top.v" Line 1. Module RISC_V_top doesn't have a timescale but at least one module in design has a timescale.
WARNING: [XSIM 43-4099] "C:/Vivado_project/RISC_V_main_decoder/RISC_V_main_decoder.srcs/sources_1/new/decoder_riscv.v" Line 75. Module decoder_riscv doesn't have a timescale but at least one module in design has a timescale.
WARNING: [XSIM 43-4099] "C:/Vivado_project/RISC_V_main_decoder/RISC_V_main_decoder.srcs/sources_1/new/IM.v" Line 1. Module IM doesn't have a timescale but at least one module in design has a timescale.
WARNING: [XSIM 43-4099] "C:/Vivado_project/RISC_V_main_decoder/RISC_V_main_decoder.srcs/sources_1/new/RF.v" Line 1. Module RF doesn't have a timescale but at least one module in design has a timescale.
WARNING: [XSIM 43-4099] "C:/Vivado_project/RISC_V_main_decoder/RISC_V_main_decoder.srcs/sources_1/new/ALU.v" Line 18. Module ALU doesn't have a timescale but at least one module in design has a timescale.
WARNING: [XSIM 43-4099] "C:/Vivado_project/RISC_V_main_decoder/RISC_V_main_decoder.srcs/sources_1/new/data_mem.v" Line 1. Module data_mem doesn't have a timescale but at least one module in design has a timescale.
WARNING: [VRFC 10-3283] element index 20 into 'imm_J' is out of bounds [C:/Vivado_project/RISC_V_main_decoder/RISC_V_main_decoder.srcs/sources_1/new/RISC_V_top.v:53]
Completed simulation data flow analysis
Time Resolution for simulation is 1ps
Compiling module xil_defaultlib.decoder_riscv
Compiling module xil_defaultlib.IM
Compiling module xil_defaultlib.RF
Compiling module xil_defaultlib.ALU
Compiling module xil_defaultlib.data_mem
Compiling module xil_defaultlib.RISC_V_top
Compiling module xil_defaultlib.RISC_V_tb
Compiling module xil_defaultlib.glbl
Built simulation snapshot RISC_V_tb_behav
INFO: [USF-XSim-69] 'elaborate' step finished in '4' seconds
INFO: [USF-XSim-4] XSim::Simulate design
INFO: [USF-XSim-61] Executing 'SIMULATE' step in 'C:/Vivado_project/RISC_V_main_decoder/RISC_V_main_decoder.sim/sim_1/behav/xsim'
INFO: [USF-XSim-98] *** Running xsim
   with args "RISC_V_tb_behav -key {Behavioral:sim_1:Functional:RISC_V_tb} -tclbatch {RISC_V_tb.tcl} -log {simulate.log}"
INFO: [USF-XSim-8] Loading simulator feature
Vivado Simulator 2019.2
Time resolution is 1 ps
source RISC_V_tb.tcl
# set curr_wave [current_wave_config]
# if { [string length $curr_wave] == 0 } {
#   if { [llength [get_objects]] > 0} {
#     add_wave /
#     set_property needs_save false [current_wave_config]
#   } else {
#      send_msg_id Add_Wave-1 WARNING "No top level signals found. Simulator will start without a wave window. If you want to open a wave window go to 'File->New Waveform Configuration' or type 'create_wave_config' in the TCL console."
#   }
# }
# run 1000ns
Out is 00000000000000000000000000000000
$stop called at time : 140 ns : File "C:/Vivado_project/RISC_V_main_decoder/RISC_V_main_decoder.srcs/sim_1/new/RISC_V_tb.v" Line 23
INFO: [USF-XSim-96] XSim completed. Design snapshot 'RISC_V_tb_behav' loaded.
INFO: [USF-XSim-97] XSim simulation ran for 1000ns
launch_simulation: Time (s): cpu = 00:00:06 ; elapsed = 00:00:11 . Memory (MB): peak = 1054.145 ; gain = 0.000
relaunch_sim
ERROR: [Vivado 12-106] *** Exception: ui.utils.e: ui.frmwork.CommandFailedException: Unknown exception occurred ui.frmwork.CommandFailedException: Unknown exception occurred
	at ui.views.simulator.executive.simulationi.SimulationExecutive_getTreeWindowData(Native Method)
	at ui.views.O.c.a.a(SourceFile:254)
	at ui.views.O.i.f.load(SourceFile:211)
	at ui.views.O.i.p.gys(SourceFile:148)
	at ui.views.O.f.d.a(SourceFile:241)
	at ui.frmwork.b.l.d(SourceFile:42)
	at ui.frmwork.G.i(SourceFile:253)
	at ui.frmwork.G.fireTclEvent(SourceFile:350)
	at ui.views.simulator.executive.simulationi.SimulationExecutive_setTreeWindowTreeHeight(Native Method)
	at ui.views.O.c.a.b(SourceFile:674)
	at ui.views.O.i.f.gzG(SourceFile:116)
	at ui.views.O.i.f.gzM(SourceFile:232)
	at java.desktop/java.awt.event.InvocationEvent.dispatch(Unknown Source)
	at java.desktop/java.awt.EventQueue.dispatchEventImpl(Unknown Source)
	at java.desktop/java.awt.EventQueue.access$500(Unknown Source)
	at java.desktop/java.awt.EventQueue$3.run(Unknown Source)
	at java.desktop/java.awt.EventQueue$3.run(Unknown Source)
	at java.base/java.security.AccessController.doPrivileged(Native Method)
	at java.base/java.security.ProtectionDomain$JavaSecurityAccessImpl.doIntersectionPrivilege(Unknown Source)
	at java.desktop/java.awt.EventQueue.dispatchEvent(Unknown Source)
	at ui.frmwork.b.d.dispatchEvent(SourceFile:88)
	at java.desktop/java.awt.EventDispatchThread.pumpOneEventForFilters(Unknown Source)
	at java.desktop/java.awt.EventDispatchThread.pumpEventsForFilter(Unknown Source)
	at java.desktop/java.awt.EventDispatchThread.pumpEventsForFilter(Unknown Source)
	at java.desktop/java.awt.WaitDispatchSupport$2.run(Unknown Source)
	at java.desktop/java.awt.WaitDispatchSupport$4.run(Unknown Source)
	at java.desktop/java.awt.WaitDispatchSupport$4.run(Unknown Source)
	at java.base/java.security.AccessController.doPrivileged(Native Method)
	at java.desktop/java.awt.WaitDispatchSupport.enter(Unknown Source)
	at java.desktop/java.awt.Dialog.show(Unknown Source)
	at java.desktop/java.awt.Component.show(Unknown Source)
	at java.desktop/java.awt.Component.setVisible(Unknown Source)
	at java.desktop/java.awt.Window.setVisible(Unknown Source)
	at java.desktop/java.awt.Dialog.setVisible(Unknown Source)
	at ui.b.c.g.setVisible(SourceFile:919)
	at ui.b.c.bB.showDialog(SourceFile:978)
	at ui.b.c.bI.actionPerformed(SourceFile:1120)
	at ui.b.c.bB.cSz(SourceFile:1079)
	at ui.views.c.t.b.a.run(SourceFile:81)
	at ui.frmwork.a.epE(SourceFile:132)
	at ui.frmwork.Y.erq(SourceFile:66)
	at ui.bm.actionPerformed(SourceFile:547)
	at java.desktop/javax.swing.AbstractButton.fireActionPerformed(Unknown Source)
	at ui.utils.p.b.E.fireActionPerformed(SourceFile:243)
	at java.desktop/javax.swing.AbstractButton$Handler.actionPerformed(Unknown Source)
	at java.desktop/javax.swing.DefaultButtonModel.fireActionPerformed(Unknown Source)
	at java.desktop/javax.swing.DefaultButtonModel.setPressed(Unknown Source)
	at java.desktop/javax.swing.plaf.basic.BasicButtonListener.mouseReleased(Unknown Source)
	at com.jidesoft.plaf.basic.BasicJideButtonListener.mouseReleased(Unknown Source)
	at java.desktop/java.awt.AWTEventMulticaster.mouseReleased(Unknown Source)
	at java.desktop/java.awt.AWTEventMulticaster.mouseReleased(Unknown Source)
	at java.desktop/java.awt.AWTEventMulticaster.mouseReleased(Unknown Source)
	at java.desktop/java.awt.AWTEventMulticaster.mouseReleased(Unknown Source)
	at java.desktop/java.awt.Component.processMouseEvent(Unknown Source)
	at java.desktop/javax.swing.JComponent.processMouseEvent(Unknown Source)
	at java.desktop/java.awt.Component.processEvent(Unknown Source)
	at java.desktop/java.awt.Container.processEvent(Unknown Source)
	at java.desktop/java.awt.Component.dispatchEventImpl(Unknown Source)
	at java.desktop/java.awt.Container.dispatchEventImpl(Unknown Source)
	at java.desktop/java.awt.Component.dispatchEvent(Unknown Source)
	at java.desktop/java.awt.LightweightDispatcher.retargetMouseEvent(Unknown Source)
	at java.desktop/java.awt.LightweightDispatcher.processMouseEvent(Unknown Source)
	at java.desktop/java.awt.LightweightDispatcher.dispatchEvent(Unknown Source)
	at java.desktop/java.awt.Container.dispatchEventImpl(Unknown Source)
	at java.desktop/java.awt.Window.dispatchEventImpl(Unknown Source)
	at java.desktop/java.awt.Component.dispatchEvent(Unknown Source)
	at java.desktop/java.awt.EventQueue.dispatchEventImpl(Unknown Source)
	at java.desktop/java.awt.EventQueue.access$500(Unknown Source)
	at java.desktop/java.awt.EventQueue$3.run(Unknown Source)
	at java.desktop/java.awt.EventQueue$3.run(Unknown Source)
	at java.base/java.security.AccessController.doPrivileged(Native Method)
	at java.base/java.security.ProtectionDomain$JavaSecurityAccessImpl.doIntersectionPrivilege(Unknown Source)
	at java.base/java.security.ProtectionDomain$JavaSecurityAccessImpl.doIntersectionPrivilege(Unknown Source)
	at java.desktop/java.awt.EventQueue$4.run(Unknown Source)
	at java.desktop/java.awt.EventQueue$4.run(Unknown Source)
	at java.base/java.security.AccessController.doPrivileged(Native Method)
	at java.base/java.security.ProtectionDomain$JavaSecurityAccessImpl.doIntersectionPrivilege(Unknown Source)
	at java.desktop/java.awt.EventQueue.dispatchEvent(Unknown Source)
	at ui.frmwork.b.d.dispatchEvent(SourceFile:88)
	at java.desktop/java.awt.EventDispatchThread.pumpOneEventForFilters(Unknown Source)
	at java.desktop/java.awt.EventDispatchThread.pumpEventsForFilter(Unknown Source)
	at java.desktop/java.awt.EventDispatchThread.pumpEventsForHierarchy(Unknown Source)
	at java.desktop/java.awt.EventDispatchThread.pumpEvents(Unknown Source)
	at java.desktop/java.awt.EventDispatchThread.pumpEvents(Unknown Source)
	at java.desktop/java.awt.EventDispatchThread.run(Unknown Source)
 (See C:/Vivado_project/RISC_V_main_decoder/vivado_pid3756.debug)
