#-----------------------------------------------------------
# Vivado v2019.2 (64-bit)
# SW Build 2708876 on Wed Nov  6 21:40:23 MST 2019
# IP Build 2700528 on Thu Nov  7 00:09:20 MST 2019
# Start of session at: Wed Nov  9 20:02:41 2022
# Process ID: 11972
# Current directory: C:/Vivado_project/RISC_V_main_decoder
# Command line: vivado.exe -gui_launcher_event rodinguilauncherevent2364 C:\Vivado_project\RISC_V_main_decoder\RISC_V_main_decoder.xpr
# Log file: C:/Vivado_project/RISC_V_main_decoder/vivado.log
# Journal file: C:/Vivado_project/RISC_V_main_decoder\vivado.jou
#-----------------------------------------------------------
start_gui
open_project C:/Vivado_project/RISC_V_main_decoder/RISC_V_main_decoder.xpr
Scanning sources...
Finished scanning sources
INFO: [IP_Flow 19-234] Refreshing IP repositories
INFO: [IP_Flow 19-1704] No user IP repositories specified
INFO: [IP_Flow 19-2313] Loaded Vivado IP repository 'C:/Xilinx/Vivado/2019.2/data/ip'.
open_project: Time (s): cpu = 00:00:18 ; elapsed = 00:00:07 . Memory (MB): peak = 921.641 ; gain = 43.770
update_compile_order -fileset sources_1
WARNING: [filemgmt 56-199] Attempt to get parsing info during refresh. "On-the-fly" syntax checking information may be incorrect. [C:\Vivado_project\RISC_V_main_decoder\RISC_V_main_decoder.srcs\sources_1\new\ALU.v:]
WARNING: [filemgmt 56-199] Attempt to get parsing info during refresh. "On-the-fly" syntax checking information may be incorrect. [C:\Vivado_project\RISC_V_main_decoder\RISC_V_main_decoder.srcs\sources_1\new\RF.v:]
WARNING: [filemgmt 56-199] Attempt to get parsing info during refresh. "On-the-fly" syntax checking information may be incorrect. [C:\Vivado_project\RISC_V_main_decoder\RISC_V_main_decoder.srcs\sources_1\new\Data_mem.v:]
WARNING: [filemgmt 56-199] Attempt to get parsing info during refresh. "On-the-fly" syntax checking information may be incorrect. [C:\Vivado_project\RISC_V_main_decoder\RISC_V_main_decoder.srcs\sources_1\new\RISC_V_top.v:]
WARNING: [filemgmt 56-199] Attempt to get parsing info during refresh. "On-the-fly" syntax checking information may be incorrect. [C:\Vivado_project\RISC_V_main_decoder\RISC_V_main_decoder.srcs\sources_1\new\Decoder.v:]
WARNING: [filemgmt 56-199] Attempt to get parsing info during refresh. "On-the-fly" syntax checking information may be incorrect. [C:\Vivado_project\RISC_V_main_decoder\RISC_V_main_decoder.srcs\sources_1\new\IM.v:]
WARNING: [filemgmt 56-199] Attempt to get parsing info during refresh. "On-the-fly" syntax checking information may be incorrect. [C:\Vivado_project\RISC_V_main_decoder\RISC_V_main_decoder.srcs\sources_1\new\ALU.v:]
WARNING: [filemgmt 56-199] Attempt to get parsing info during refresh. "On-the-fly" syntax checking information may be incorrect. [C:\Vivado_project\RISC_V_main_decoder\RISC_V_main_decoder.srcs\sources_1\new\RF.v:]
WARNING: [filemgmt 56-199] Attempt to get parsing info during refresh. "On-the-fly" syntax checking information may be incorrect. [C:\Vivado_project\RISC_V_main_decoder\RISC_V_main_decoder.srcs\sources_1\new\Data_mem.v:]
WARNING: [filemgmt 56-199] Attempt to get parsing info during refresh. "On-the-fly" syntax checking information may be incorrect. [C:\Vivado_project\RISC_V_main_decoder\RISC_V_main_decoder.srcs\sources_1\new\RISC_V_top.v:]
WARNING: [filemgmt 56-199] Attempt to get parsing info during refresh. "On-the-fly" syntax checking information may be incorrect. [C:\Vivado_project\RISC_V_main_decoder\RISC_V_main_decoder.srcs\sources_1\new\Decoder.v:]
WARNING: [filemgmt 56-199] Attempt to get parsing info during refresh. "On-the-fly" syntax checking information may be incorrect. [C:\Vivado_project\RISC_V_main_decoder\RISC_V_main_decoder.srcs\sources_1\new\IM.v:]
WARNING: [filemgmt 56-199] Attempt to get parsing info during refresh. "On-the-fly" syntax checking information may be incorrect. [C:\Vivado_project\RISC_V_main_decoder\RISC_V_main_decoder.srcs\sources_1\new\ALU.v:]
WARNING: [filemgmt 56-199] Attempt to get parsing info during refresh. "On-the-fly" syntax checking information may be incorrect. [C:\Vivado_project\RISC_V_main_decoder\RISC_V_main_decoder.srcs\sources_1\new\RF.v:]
WARNING: [filemgmt 56-199] Attempt to get parsing info during refresh. "On-the-fly" syntax checking information may be incorrect. [C:\Vivado_project\RISC_V_main_decoder\RISC_V_main_decoder.srcs\sources_1\new\Data_mem.v:]
WARNING: [filemgmt 56-199] Attempt to get parsing info during refresh. "On-the-fly" syntax checking information may be incorrect. [C:\Vivado_project\RISC_V_main_decoder\RISC_V_main_decoder.srcs\sources_1\new\RISC_V_top.v:]
WARNING: [filemgmt 56-199] Attempt to get parsing info during refresh. "On-the-fly" syntax checking information may be incorrect. [C:\Vivado_project\RISC_V_main_decoder\RISC_V_main_decoder.srcs\sources_1\new\Decoder.v:]
WARNING: [filemgmt 56-199] Attempt to get parsing info during refresh. "On-the-fly" syntax checking information may be incorrect. [C:\Vivado_project\RISC_V_main_decoder\RISC_V_main_decoder.srcs\sources_1\new\IM.v:]
ERROR: [Common 17-180] Spawn failed: No error
WARNING: [filemgmt 56-199] Attempt to get parsing info during refresh. "On-the-fly" syntax checking information may be incorrect. [C:\Vivado_project\RISC_V_main_decoder\RISC_V_main_decoder.srcs\sources_1\new\ALU.v:]
WARNING: [filemgmt 56-199] Attempt to get parsing info during refresh. "On-the-fly" syntax checking information may be incorrect. [C:\Vivado_project\RISC_V_main_decoder\RISC_V_main_decoder.srcs\sources_1\new\RF.v:]
WARNING: [filemgmt 56-199] Attempt to get parsing info during refresh. "On-the-fly" syntax checking information may be incorrect. [C:\Vivado_project\RISC_V_main_decoder\RISC_V_main_decoder.srcs\sources_1\new\Data_mem.v:]
WARNING: [filemgmt 56-199] Attempt to get parsing info during refresh. "On-the-fly" syntax checking information may be incorrect. [C:\Vivado_project\RISC_V_main_decoder\RISC_V_main_decoder.srcs\sources_1\new\RISC_V_top.v:]
WARNING: [filemgmt 56-199] Attempt to get parsing info during refresh. "On-the-fly" syntax checking information may be incorrect. [C:\Vivado_project\RISC_V_main_decoder\RISC_V_main_decoder.srcs\sources_1\new\Decoder.v:]
WARNING: [filemgmt 56-199] Attempt to get parsing info during refresh. "On-the-fly" syntax checking information may be incorrect. [C:\Vivado_project\RISC_V_main_decoder\RISC_V_main_decoder.srcs\sources_1\new\IM.v:]
ERROR: [Common 17-180] Spawn failed: No error
WARNING: [filemgmt 56-199] Attempt to get parsing info during refresh. "On-the-fly" syntax checking information may be incorrect. [C:\Vivado_project\RISC_V_main_decoder\RISC_V_main_decoder.srcs\sources_1\new\ALU.v:]
WARNING: [filemgmt 56-199] Attempt to get parsing info during refresh. "On-the-fly" syntax checking information may be incorrect. [C:\Vivado_project\RISC_V_main_decoder\RISC_V_main_decoder.srcs\sources_1\new\RF.v:]
WARNING: [filemgmt 56-199] Attempt to get parsing info during refresh. "On-the-fly" syntax checking information may be incorrect. [C:\Vivado_project\RISC_V_main_decoder\RISC_V_main_decoder.srcs\sources_1\new\Data_mem.v:]
WARNING: [filemgmt 56-199] Attempt to get parsing info during refresh. "On-the-fly" syntax checking information may be incorrect. [C:\Vivado_project\RISC_V_main_decoder\RISC_V_main_decoder.srcs\sources_1\new\RISC_V_top.v:]
WARNING: [filemgmt 56-199] Attempt to get parsing info during refresh. "On-the-fly" syntax checking information may be incorrect. [C:\Vivado_project\RISC_V_main_decoder\RISC_V_main_decoder.srcs\sources_1\new\Decoder.v:]
WARNING: [filemgmt 56-199] Attempt to get parsing info during refresh. "On-the-fly" syntax checking information may be incorrect. [C:\Vivado_project\RISC_V_main_decoder\RISC_V_main_decoder.srcs\sources_1\new\IM.v:]
ERROR: [Common 17-180] Spawn failed: No error
exit
INFO: [Common 17-206] Exiting Vivado at Sun Nov 20 13:20:34 2022...
