#-----------------------------------------------------------
# Vivado v2019.2 (64-bit)
# SW Build 2708876 on Wed Nov  6 21:40:23 MST 2019
# IP Build 2700528 on Thu Nov  7 00:09:20 MST 2019
# Start of session at: Thu Nov 24 17:19:03 2022
# Process ID: 16592
# Current directory: C:/Vivado_project/RISC_V_decoder
# Command line: vivado.exe -gui_launcher_event rodinguilauncherevent10544 C:\Vivado_project\RISC_V_decoder\RISC_V_decoder.xpr
# Log file: C:/Vivado_project/RISC_V_decoder/vivado.log
# Journal file: C:/Vivado_project/RISC_V_decoder\vivado.jou
#-----------------------------------------------------------
start_gui
open_project C:/Vivado_project/RISC_V_decoder/RISC_V_decoder.xpr
Scanning sources...
Finished scanning sources
INFO: [IP_Flow 19-234] Refreshing IP repositories
INFO: [IP_Flow 19-1704] No user IP repositories specified
INFO: [IP_Flow 19-2313] Loaded Vivado IP repository 'C:/Xilinx/Vivado/2019.2/data/ip'.
update_compile_order -fileset sources_1
WARNING: [filemgmt 56-199] Attempt to get parsing info during refresh. "On-the-fly" syntax checking information may be incorrect. [C:\Vivado_project\RISC_V_decoder\RISC_V_decoder.srcs\sim_1\new\tb_decoder_riscv_obf.v:]
WARNING: [filemgmt 56-199] Attempt to get parsing info during refresh. "On-the-fly" syntax checking information may be incorrect. [C:\Vivado_project\RISC_V_decoder\RISC_V_decoder.srcs\sources_1\new\defines_riscv.v:]
WARNING: [filemgmt 56-199] Attempt to get parsing info during refresh. "On-the-fly" syntax checking information may be incorrect. [C:\Vivado_project\RISC_V_decoder\RISC_V_decoder.srcs\sources_1\new\decoder_riscv.v:]
update_compile_order -fileset sources_1
