#-----------------------------------------------------------
# Vivado v2019.2 (64-bit)
# SW Build 2708876 on Wed Nov  6 21:40:23 MST 2019
# IP Build 2700528 on Thu Nov  7 00:09:20 MST 2019
# Start of session at: Mon Oct 31 11:20:33 2022
# Process ID: 12096
# Current directory: C:/Vivado_project/bipolar_three
# Command line: vivado.exe -gui_launcher_event rodinguilauncherevent2300 C:\Vivado_project\bipolar_three\bipolar_three.xpr
# Log file: C:/Vivado_project/bipolar_three/vivado.log
# Journal file: C:/Vivado_project/bipolar_three\vivado.jou
#-----------------------------------------------------------
start_gui
open_project C:/Vivado_project/bipolar_three/bipolar_three.xpr
Scanning sources...
Finished scanning sources
INFO: [IP_Flow 19-234] Refreshing IP repositories
INFO: [IP_Flow 19-1704] No user IP repositories specified
INFO: [IP_Flow 19-2313] Loaded Vivado IP repository 'C:/Xilinx/Vivado/2019.2/data/ip'.
open_project: Time (s): cpu = 00:00:20 ; elapsed = 00:00:08 . Memory (MB): peak = 704.766 ; gain = 92.648
update_compile_order -fileset sources_1
exit
INFO: [Common 17-206] Exiting Vivado at Mon Oct 31 19:32:58 2022...
