#-----------------------------------------------------------
# Vivado v2019.2 (64-bit)
# SW Build 2708876 on Wed Nov  6 21:40:23 MST 2019
# IP Build 2700528 on Thu Nov  7 00:09:20 MST 2019
# Start of session at: Mon Oct 10 23:26:22 2022
# Process ID: 10496
# Current directory: C:/Vivado_project/bipolar_three
# Command line: vivado.exe -gui_launcher_event rodinguilauncherevent19720 C:\Vivado_project\bipolar_three\bipolar_three.xpr
# Log file: C:/Vivado_project/bipolar_three/vivado.log
# Journal file: C:/Vivado_project/bipolar_three\vivado.jou
#-----------------------------------------------------------
start_gui
open_project C:/Vivado_project/bipolar_three/bipolar_three.xpr
Scanning sources...
Finished scanning sources
INFO: [IP_Flow 19-234] Refreshing IP repositories
INFO: [IP_Flow 19-1704] No user IP repositories specified
INFO: [IP_Flow 19-2313] Loaded Vivado IP repository 'C:/Xilinx/Vivado/2019.2/data/ip'.
update_compile_order -fileset sources_1
open_run synth_1 -name synth_1
Design is defaulting to impl run constrset: constrs_1
Design is defaulting to synth run part: xc7a100tcsg324-1
INFO: [Device 21-403] Loading part xc7a100tcsg324-1
Netlist sorting complete. Time (s): cpu = 00:00:00 ; elapsed = 00:00:00.001 . Memory (MB): peak = 1002.223 ; gain = 0.000
INFO: [Project 1-479] Netlist was created with Vivado 2019.2
INFO: [Project 1-570] Preparing netlist for logic optimization
INFO: [Opt 31-138] Pushed 0 inverter(s) to 0 load pin(s).
Netlist sorting complete. Time (s): cpu = 00:00:00 ; elapsed = 00:00:00 . Memory (MB): peak = 1089.727 ; gain = 0.000
INFO: [Project 1-111] Unisim Transformation Summary:
No Unisim elements were transformed.

open_run: Time (s): cpu = 00:00:16 ; elapsed = 00:00:09 . Memory (MB): peak = 1203.957 ; gain = 404.324
exit
INFO: [Common 17-206] Exiting Vivado at Tue Oct 11 09:22:24 2022...
