#-----------------------------------------------------------
# Vivado v2019.2 (64-bit)
# SW Build 2708876 on Wed Nov  6 21:40:23 MST 2019
# IP Build 2700528 on Thu Nov  7 00:09:20 MST 2019
# Start of session at: Tue Oct 25 00:06:39 2022
# Process ID: 20692
# Current directory: C:/Vivado_project/bipolar_three
# Command line: vivado.exe -gui_launcher_event rodinguilauncherevent23632 C:\Vivado_project\bipolar_three\bipolar_three.xpr
# Log file: C:/Vivado_project/bipolar_three/vivado.log
# Journal file: C:/Vivado_project/bipolar_three\vivado.jou
#-----------------------------------------------------------
start_gui
open_project C:/Vivado_project/bipolar_three/bipolar_three.xpr
Scanning sources...
Finished scanning sources
INFO: [IP_Flow 19-234] Refreshing IP repositories
INFO: [IP_Flow 19-1704] No user IP repositories specified
INFO: [IP_Flow 19-2313] Loaded Vivado IP repository 'C:/Xilinx/Vivado/2019.2/data/ip'.
update_compile_order -fileset sources_1
WARNING: [filemgmt 56-199] Attempt to get parsing info during refresh. "On-the-fly" syntax checking information may be incorrect. [C:\Vivado_project\bipolar_three\bipolar_three.srcs\sources_1\new\top_bip_3l.v:]
WARNING: [filemgmt 56-199] Attempt to get parsing info during refresh. "On-the-fly" syntax checking information may be incorrect. [C:\Vivado_project\bipolar_three\bipolar_three.srcs\sim_1\new\bip_3l_tb.v:]
WARNING: [filemgmt 56-199] Attempt to get parsing info during refresh. "On-the-fly" syntax checking information may be incorrect. [C:\Vivado_project\bipolar_three\bipolar_three.srcs\sources_1\new\decoder_3l.v:]
launch_simulation
Command: launch_simulation 
INFO: [Vivado 12-5682] Launching behavioral simulation in 'C:/Vivado_project/bipolar_three/bipolar_three.sim/sim_1/behav/xsim'
INFO: [SIM-utils-51] Simulation object is 'sim_1'
INFO: [SIM-utils-54] Inspecting design source files for 'decoder_3l_tb' in fileset 'sim_1'...
INFO: [USF-XSim-97] Finding global include files...
INFO: [USF-XSim-98] Fetching design files from 'sim_1'...
INFO: [USF-XSim-2] XSim::Compile design
INFO: [USF-XSim-61] Executing 'COMPILE and ANALYZE' step in 'C:/Vivado_project/bipolar_three/bipolar_three.sim/sim_1/behav/xsim'
"xvlog --incr --relax -prj decoder_3l_tb_vlog.prj"
INFO: [USF-XSim-69] 'compile' step finished in '1' seconds
INFO: [USF-XSim-3] XSim::Elaborate design
INFO: [USF-XSim-61] Executing 'ELABORATE' step in 'C:/Vivado_project/bipolar_three/bipolar_three.sim/sim_1/behav/xsim'
"xelab -wto 94059338a55140eb9401b1cebf8e469c --incr --debug typical --relax --mt 2 -L xil_defaultlib -L unisims_ver -L unimacro_ver -L secureip --snapshot decoder_3l_tb_behav xil_defaultlib.decoder_3l_tb xil_defaultlib.glbl -log elaborate.log"
Vivado Simulator 2019.2
Copyright 1986-1999, 2001-2019 Xilinx, Inc. All Rights Reserved.
Running: C:/Xilinx/Vivado/2019.2/bin/unwrapped/win64.o/xelab.exe -wto 94059338a55140eb9401b1cebf8e469c --incr --debug typical --relax --mt 2 -L xil_defaultlib -L unisims_ver -L unimacro_ver -L secureip --snapshot decoder_3l_tb_behav xil_defaultlib.decoder_3l_tb xil_defaultlib.glbl -log elaborate.log 
Using 2 slave threads.
Starting static elaboration
Pass Through NonSizing Optimizer
WARNING: [VRFC 10-5021] port 'inp_num_d' is not connected on this instance [C:/Vivado_project/bipolar_three/bipolar_three.srcs/sim_1/new/decoder_3l_tb.v:11]
Completed static elaboration
INFO: [XSIM 43-4323] No Change in HDL. Linking previously generated obj files to create kernel
INFO: [USF-XSim-69] 'elaborate' step finished in '2' seconds
INFO: [USF-XSim-4] XSim::Simulate design
INFO: [USF-XSim-61] Executing 'SIMULATE' step in 'C:/Vivado_project/bipolar_three/bipolar_three.sim/sim_1/behav/xsim'
INFO: [USF-XSim-98] *** Running xsim
   with args "decoder_3l_tb_behav -key {Behavioral:sim_1:Functional:decoder_3l_tb} -tclbatch {decoder_3l_tb.tcl} -log {simulate.log}"
INFO: [USF-XSim-8] Loading simulator feature
Vivado Simulator 2019.2
Time resolution is 1 ps
source decoder_3l_tb.tcl
# set curr_wave [current_wave_config]
# if { [string length $curr_wave] == 0 } {
#   if { [llength [get_objects]] > 0} {
#     add_wave /
#     set_property needs_save false [current_wave_config]
#   } else {
#      send_msg_id Add_Wave-1 WARNING "No top level signals found. Simulator will start without a wave window. If you want to open a wave window go to 'File->New Waveform Configuration' or type 'create_wave_config' in the TCL console."
#   }
# }
# run 1000ns
$finish called at time : 410 ns : File "C:/Vivado_project/bipolar_three/bipolar_three.srcs/sim_1/new/decoder_3l_tb.v" Line 51
INFO: [USF-XSim-96] XSim completed. Design snapshot 'decoder_3l_tb_behav' loaded.
INFO: [USF-XSim-97] XSim simulation ran for 1000ns
launch_simulation: Time (s): cpu = 00:00:08 ; elapsed = 00:00:08 . Memory (MB): peak = 818.457 ; gain = 40.121
close_sim
INFO: [Simtcl 6-16] Simulation closed
close_sim: Time (s): cpu = 00:00:03 ; elapsed = 00:00:06 . Memory (MB): peak = 818.457 ; gain = 0.000
exit
INFO: [Common 17-206] Exiting Vivado at Tue Oct 25 13:46:05 2022...
