#-----------------------------------------------------------
# Vivado v2019.2 (64-bit)
# SW Build 2708876 on Wed Nov  6 21:40:23 MST 2019
# IP Build 2700528 on Thu Nov  7 00:09:20 MST 2019
# Start of session at: Sun Oct 23 15:09:28 2022
# Process ID: 16360
# Current directory: C:/Vivado_project/RISC_V_mem_rf
# Command line: vivado.exe -gui_launcher_event rodinguilauncherevent20916 C:\Vivado_project\RISC_V_mem_rf\RISC_V_mem_rf.xpr
# Log file: C:/Vivado_project/RISC_V_mem_rf/vivado.log
# Journal file: C:/Vivado_project/RISC_V_mem_rf\vivado.jou
#-----------------------------------------------------------
start_gui
open_project C:/Vivado_project/RISC_V_mem_rf/RISC_V_mem_rf.xpr
Scanning sources...
Finished scanning sources
INFO: [IP_Flow 19-234] Refreshing IP repositories
INFO: [IP_Flow 19-1704] No user IP repositories specified
INFO: [IP_Flow 19-2313] Loaded Vivado IP repository 'C:/Xilinx/Vivado/2019.2/data/ip'.
open_project: Time (s): cpu = 00:00:15 ; elapsed = 00:00:06 . Memory (MB): peak = 740.996 ; gain = 109.730
update_compile_order -fileset sources_1
WARNING: [filemgmt 56-199] Attempt to get parsing info during refresh. "On-the-fly" syntax checking information may be incorrect. [C:\Vivado_project\RISC_V_mem_rf\RISC_V_mem_rf.srcs\sources_1\new\ALU.v:]
WARNING: [filemgmt 56-199] Attempt to get parsing info during refresh. "On-the-fly" syntax checking information may be incorrect. [C:\Vivado_project\RISC_V_mem_rf\RISC_V_mem_rf.srcs\sources_1\new\IM.v:]
WARNING: [filemgmt 56-199] Attempt to get parsing info during refresh. "On-the-fly" syntax checking information may be incorrect. [C:\Vivado_project\RISC_V_mem_rf\RISC_V_mem_rf.srcs\sources_1\new\RF.v:]
ERROR: [Common 17-180] Spawn failed: No error
add_files -norecurse C:/Vivado_project/RISC_V_mem_rf/RISC_V_mem_rf.srcs/sources_1/new/ram.txt
set_property FILE_TYPE {Memory Initialization Files} [get_files C:/Vivado_project/RISC_V_mem_rf/RISC_V_mem_rf.srcs/sources_1/new/ram.txt]
update_compile_order -fileset sources_1
update_compile_order -fileset sim_1
close [ open C:/Vivado_project/RISC_V_mem_rf/RISC_V_mem_rf.srcs/sources_1/new/mux3x1.v w ]
add_files C:/Vivado_project/RISC_V_mem_rf/RISC_V_mem_rf.srcs/sources_1/new/mux3x1.v
update_compile_order -fileset sources_1
update_compile_order -fileset sim_1
update_compile_order -fileset sources_1
update_compile_order -fileset sources_1
