#-----------------------------------------------------------
# Vivado v2019.2 (64-bit)
# SW Build 2708876 on Wed Nov  6 21:40:23 MST 2019
# IP Build 2700528 on Thu Nov  7 00:09:20 MST 2019
# Start of session at: Tue Nov  8 16:16:18 2022
# Process ID: 25060
# Current directory: C:/Vivado_project/RISC_V_mem_rf
# Command line: vivado.exe -gui_launcher_event rodinguilauncherevent3392 C:\Vivado_project\RISC_V_mem_rf\RISC_V_mem_rf.xpr
# Log file: C:/Vivado_project/RISC_V_mem_rf/vivado.log
# Journal file: C:/Vivado_project/RISC_V_mem_rf\vivado.jou
#-----------------------------------------------------------
start_gui
open_project C:/Vivado_project/RISC_V_mem_rf/RISC_V_mem_rf.xpr
Scanning sources...
Finished scanning sources
INFO: [IP_Flow 19-234] Refreshing IP repositories
INFO: [IP_Flow 19-1704] No user IP repositories specified
INFO: [IP_Flow 19-2313] Loaded Vivado IP repository 'C:/Xilinx/Vivado/2019.2/data/ip'.
open_project: Time (s): cpu = 00:00:35 ; elapsed = 00:00:12 . Memory (MB): peak = 709.320 ; gain = 78.535
update_compile_order -fileset sources_1
elaunch_simulation
Command: launch_simulation 
INFO: [Vivado 12-5682] Launching behavioral simulation in 'C:/Vivado_project/RISC_V_mem_rf/RISC_V_mem_rf.sim/sim_1/behav/xsim'
INFO: [SIM-utils-51] Simulation object is 'sim_1'
INFO: [SIM-utils-54] Inspecting design source files for 'RISC_V_tb' in fileset 'sim_1'...
INFO: [SIM-utils-43] Exported 'C:/Vivado_project/RISC_V_mem_rf/RISC_V_mem_rf.sim/sim_1/behav/xsim/ram.txt'
INFO: [SIM-utils-43] Exported 'C:/Vivado_project/RISC_V_mem_rf/RISC_V_mem_rf.sim/sim_1/behav/xsim/rf.txt'
INFO: [USF-XSim-97] Finding global include files...
INFO: [USF-XSim-98] Fetching design files from 'sim_1'...
INFO: [USF-XSim-2] XSim::Compile design
INFO: [USF-XSim-61] Executing 'COMPILE and ANALYZE' step in 'C:/Vivado_project/RISC_V_mem_rf/RISC_V_mem_rf.sim/sim_1/behav/xsim'
"xvlog --incr --relax -prj RISC_V_tb_vlog.prj"
INFO: [USF-XSim-69] 'compile' step finished in '3' seconds
INFO: [USF-XSim-3] XSim::Elaborate design
INFO: [USF-XSim-61] Executing 'ELABORATE' step in 'C:/Vivado_project/RISC_V_mem_rf/RISC_V_mem_rf.sim/sim_1/behav/xsim'
"xelab -wto c4fd012fab4f4532b2ff94eb4d660d21 --incr --debug typical --relax --mt 2 -L xil_defaultlib -L unisims_ver -L unimacro_ver -L secureip --snapshot RISC_V_tb_behav xil_defaultlib.RISC_V_tb xil_defaultlib.glbl -log elaborate.log"
Vivado Simulator 2019.2
Copyright 1986-1999, 2001-2019 Xilinx, Inc. All Rights Reserved.
Running: C:/Xilinx/Vivado/2019.2/bin/unwrapped/win64.o/xelab.exe -wto c4fd012fab4f4532b2ff94eb4d660d21 --incr --debug typical --relax --mt 2 -L xil_defaultlib -L unisims_ver -L unimacro_ver -L secureip --snapshot RISC_V_tb_behav xil_defaultlib.RISC_V_tb xil_defaultlib.glbl -log elaborate.log 
Using 2 slave threads.
Starting static elaboration
Pass Through NonSizing Optimizer
Completed static elaboration
INFO: [XSIM 43-4323] No Change in HDL. Linking previously generated obj files to create kernel
INFO: [USF-XSim-69] 'elaborate' step finished in '3' seconds
INFO: [USF-XSim-4] XSim::Simulate design
INFO: [USF-XSim-61] Executing 'SIMULATE' step in 'C:/Vivado_project/RISC_V_mem_rf/RISC_V_mem_rf.sim/sim_1/behav/xsim'
INFO: [USF-XSim-98] *** Running xsim
   with args "RISC_V_tb_behav -key {Behavioral:sim_1:Functional:RISC_V_tb} -tclbatch {RISC_V_tb.tcl} -log {simulate.log}"
INFO: [USF-XSim-8] Loading simulator feature
Vivado Simulator 2019.2
Time resolution is 1 ps
source RISC_V_tb.tcl
# set curr_wave [current_wave_config]
# if { [string length $curr_wave] == 0 } {
#   if { [llength [get_objects]] > 0} {
#     add_wave /
#     set_property needs_save false [current_wave_config]
#   } else {
#      send_msg_id Add_Wave-1 WARNING "No top level signals found. Simulator will start without a wave window. If you want to open a wave window go to 'File->New Waveform Configuration' or type 'create_wave_config' in the TCL console."
#   }
# }
# run 1000ns
Out is xxxxxxxxxxxxxxxxxxxxxxxxxxxxxxxx
$stop called at time : 140 ns : File "C:/Vivado_project/RISC_V_mem_rf/RISC_V_mem_rf.srcs/sim_1/new/RISC_V_tb.v" Line 23
INFO: [USF-XSim-96] XSim completed. Design snapshot 'RISC_V_tb_behav' loaded.
INFO: [USF-XSim-97] XSim simulation ran for 1000ns
launch_simulation: Time (s): cpu = 00:00:12 ; elapsed = 00:00:13 . Memory (MB): peak = 758.734 ; gain = 15.047
close_sim
INFO: [Simtcl 6-16] Simulation closed
close_sim: Time (s): cpu = 00:00:07 ; elapsed = 00:00:12 . Memory (MB): peak = 769.398 ; gain = 10.664
